<?xml version="1.0" encoding="UTF-8"?>
<coverage generated="1584648718726" clover="4.4.1">
   <project name="Reflow Maven Skin Parent 2.4.0-SNAPSHOT" timestamp="1584648629175">
      <metrics coveredelements="1575" complexity="590" loc="6842" methods="321" classes="45" statements="1355" packages="5" coveredconditionals="295" coveredmethods="219" elements="2128" ncloc="3094" files="33" conditionals="452" coveredstatements="1061"/>
      <package name="org.devacfr.maven.skins.reflow">
         <metrics coveredelements="711" complexity="219" loc="2753" methods="90" classes="11" statements="576" coveredconditionals="151" coveredmethods="80" elements="892" ncloc="1193" files="5" conditionals="226" coveredstatements="480"/>
         <file path="/Users/devacfr/Development/github/reflow-maven-skin/reflow-velocity-tools/src/main/java/org/devacfr/maven/skins/reflow/HtmlTool.java" name="HtmlTool.java">
            <metrics coveredelements="408" coveredconditionals="70" complexity="102" loc="1421" coveredmethods="44" methods="45" elements="472" classes="6" ncloc="606" statements="327" conditionals="100" coveredstatements="294"/>
            <class name="HtmlTool">
               <metrics coveredelements="386" coveredconditionals="70" complexity="93" coveredmethods="35" methods="36" elements="450" statements="314" conditionals="100" coveredstatements="281"/>
            </class>
            <class name="HtmlTool.JoinSeparator">
               <metrics coveredelements="0" coveredconditionals="0" complexity="0" coveredmethods="0" methods="0" elements="0" statements="0" conditionals="0" coveredstatements="0"/>
            </class>
            <class name="HtmlTool.ExtractResult">
               <metrics coveredelements="0" coveredconditionals="0" complexity="0" coveredmethods="0" methods="0" elements="0" statements="0" conditionals="0" coveredstatements="0"/>
            </class>
            <class name="HtmlTool.DefaultExtractResult">
               <metrics coveredelements="7" coveredconditionals="0" complexity="3" coveredmethods="3" methods="3" elements="7" statements="4" conditionals="0" coveredstatements="4"/>
            </class>
            <class name="HtmlTool.HeadingItem">
               <metrics coveredelements="15" coveredconditionals="0" complexity="6" coveredmethods="6" methods="6" elements="15" statements="9" conditionals="0" coveredstatements="9"/>
            </class>
            <class name="HtmlTool.IdElement">
               <metrics coveredelements="0" coveredconditionals="0" complexity="0" coveredmethods="0" methods="0" elements="0" statements="0" conditionals="0" coveredstatements="0"/>
            </class>
            <line complexity="3" visibility="protected" signature="configure(ValueParser) : void" num="99" count="22" type="method"/>
            <line num="103" count="22" type="stmt"/>
            <line num="105" count="22" type="stmt"/>
            <line falsecount="22" truecount="0" num="105" type="cond"/>
            <line num="106" count="0" type="stmt"/>
            <line num="109" count="22" type="stmt"/>
            <line num="112" count="22" type="stmt"/>
            <line num="113" count="22" type="stmt"/>
            <line falsecount="22" truecount="0" num="113" type="cond"/>
            <line num="114" count="0" type="stmt"/>
            <line complexity="1" visibility="public" signature="split(String,String) : List&lt;String&gt;" num="130" count="4" type="method"/>
            <line num="131" count="4" type="stmt"/>
            <line complexity="3" visibility="public" signature="splitOnStarts(String,String) : List&lt;String&gt;" num="151" count="1" type="method"/>
            <line num="153" count="1" type="stmt"/>
            <line num="155" count="1" type="stmt"/>
            <line falsecount="1" truecount="0" num="155" type="cond"/>
            <line num="157" count="0" type="stmt"/>
            <line num="163" count="1" type="stmt"/>
            <line complexity="3" visibility="public" signature="split(String,String,String) : List&lt;String&gt;" num="180" count="3" type="method"/>
            <line num="182" count="3" type="stmt"/>
            <line num="183" count="3" type="stmt"/>
            <line falsecount="2" truecount="1" num="183" type="cond"/>
            <line num="184" count="1" type="stmt"/>
            <line num="185" count="2" type="stmt"/>
            <line falsecount="1" truecount="1" num="185" type="cond"/>
            <line num="186" count="1" type="stmt"/>
            <line num="188" count="1" type="stmt"/>
            <line num="191" count="3" type="stmt"/>
            <line complexity="3" visibility="public" signature="split(String,String,JoinSeparator) : List&lt;String&gt;" num="212" count="11" type="method"/>
            <line num="216" count="11" type="stmt"/>
            <line num="217" count="11" type="stmt"/>
            <line num="219" count="11" type="stmt"/>
            <line num="220" count="11" type="stmt"/>
            <line falsecount="2" truecount="9" num="220" type="cond"/>
            <line num="221" count="9" type="stmt"/>
            <line num="223" count="9" type="stmt"/>
            <line num="225" count="9" type="stmt"/>
            <line num="226" count="19" type="stmt"/>
            <line num="227" count="19" type="stmt"/>
            <line falsecount="1" truecount="18" num="227" type="cond"/>
            <line num="228" count="18" type="stmt"/>
            <line num="232" count="9" type="stmt"/>
            <line num="235" count="2" type="stmt"/>
            <line complexity="5" visibility="private" signature="split(Collection&lt;Element&gt;,JoinSeparator,Element) : List&lt;List&lt;Element&gt;&gt;" num="250" count="28" type="method"/>
            <line num="254" count="28" type="stmt"/>
            <line num="256" count="28" type="stmt"/>
            <line num="258" count="29" type="stmt"/>
            <line falsecount="19" truecount="10" num="258" type="cond"/>
            <line num="263" count="10" type="stmt"/>
            <line num="265" count="10" type="stmt"/>
            <line falsecount="8" truecount="2" num="265" type="cond"/>
            <line num="267" count="2" type="stmt"/>
            <line num="271" count="10" type="stmt"/>
            <line num="272" count="10" type="stmt"/>
            <line num="274" count="10" type="stmt"/>
            <line falsecount="7" truecount="3" num="274" type="cond"/>
            <line num="276" count="3" type="stmt"/>
            <line num="281" count="19" type="stmt"/>
            <line num="284" count="19" type="stmt"/>
            <line num="286" count="19" type="stmt"/>
            <line falsecount="17" truecount="2" num="286" type="cond"/>
            <line num="291" count="2" type="stmt"/>
            <line num="292" count="2" type="stmt"/>
            <line num="294" count="2" type="stmt"/>
            <line num="295" count="2" type="stmt"/>
            <line num="296" count="2" type="stmt"/>
            <line num="300" count="2" type="stmt"/>
            <line num="301" count="2" type="stmt"/>
            <line num="307" count="28" type="stmt"/>
            <line complexity="2" visibility="private" signature="getLastPartition(List&lt;List&lt;Element&gt;&gt;) : List&lt;Element&gt;" num="316" count="31" type="method"/>
            <line num="317" count="31" type="stmt"/>
            <line falsecount="20" truecount="11" num="317" type="cond"/>
            <line num="318" count="11" type="stmt"/>
            <line num="319" count="11" type="stmt"/>
            <line num="320" count="11" type="stmt"/>
            <line num="322" count="20" type="stmt"/>
            <line complexity="3" visibility="private" signature="outerHtml(List&lt;Element&gt;) : String" num="332" count="37" type="method"/>
            <line num="334" count="37" type="stmt"/>
            <line num="335" count="1" type="stmt"/>
            <line num="336" count="1" type="stmt"/>
            <line num="338" count="24" type="stmt"/>
            <line num="339" count="24" type="stmt"/>
            <line num="341" count="12" type="stmt"/>
            <line num="344" count="12" type="stmt"/>
            <line num="345" count="12" type="stmt"/>
            <line num="346" count="24" type="stmt"/>
            <line num="349" count="12" type="stmt"/>
            <line complexity="1" visibility="public" signature="reorderToTop(String,String,int) : String" num="366" count="0" type="method"/>
            <line num="367" count="0" type="stmt"/>
            <line complexity="4" visibility="public" signature="reorderToTop(String,String,int,String) : String" num="385" count="1" type="method"/>
            <line num="391" count="1" type="stmt"/>
            <line num="393" count="1" type="stmt"/>
            <line falsecount="0" truecount="1" num="393" type="cond"/>
            <line num="395" count="1" type="stmt"/>
            <line num="397" count="1" type="stmt"/>
            <line falsecount="0" truecount="1" num="397" type="cond"/>
            <line num="398" count="1" type="stmt"/>
            <line num="401" count="1" type="stmt"/>
            <line num="405" count="1" type="stmt"/>
            <line falsecount="1" truecount="1" num="405" type="cond"/>
            <line num="406" count="1" type="stmt"/>
            <line num="409" count="1" type="stmt"/>
            <line num="412" count="0" type="stmt"/>
            <line complexity="1" visibility="private" signature="wrapInner(Element,String) : Element" num="416" count="1" type="method"/>
            <line num="420" count="1" type="stmt"/>
            <line num="421" count="1" type="stmt"/>
            <line num="423" count="1" type="stmt"/>
            <line num="424" count="1" type="stmt"/>
            <line num="428" count="1" type="stmt"/>
            <line num="431" count="1" type="stmt"/>
            <line num="433" count="1" type="stmt"/>
            <line num="435" count="1" type="stmt"/>
            <line complexity="3" visibility="private" signature="extractElements(String,String,int) : List&lt;Element&gt;" num="447" count="2" type="method"/>
            <line num="449" count="2" type="stmt"/>
            <line num="451" count="2" type="stmt"/>
            <line num="452" count="2" type="stmt"/>
            <line falsecount="0" truecount="2" num="452" type="cond"/>
            <line num="454" count="2" type="stmt"/>
            <line num="456" count="2" type="stmt"/>
            <line falsecount="0" truecount="2" num="456" type="cond"/>
            <line num="458" count="2" type="stmt"/>
            <line num="462" count="2" type="stmt"/>
            <line num="463" count="4" type="stmt"/>
            <line num="467" count="2" type="stmt"/>
            <line num="469" count="2" type="stmt"/>
            <line num="470" count="2" type="stmt"/>
            <line num="471" count="2" type="stmt"/>
            <line complexity="2" visibility="private" signature="filterParents(List&lt;Element&gt;) : List&lt;Element&gt;" num="481" count="2" type="method"/>
            <line num="482" count="2" type="stmt"/>
            <line num="483" count="2" type="stmt"/>
            <line num="485" count="6" type="stmt"/>
            <line num="486" count="6" type="stmt"/>
            <line num="487" count="6" type="stmt"/>
            <line falsecount="2" truecount="4" num="487" type="cond"/>
            <line num="489" count="4" type="stmt"/>
            <line num="493" count="2" type="stmt"/>
            <line complexity="2" visibility="public" signature="extract(String,String,int) : ExtractResult" num="511" count="1" type="method"/>
            <line num="514" count="1" type="stmt"/>
            <line num="516" count="1" type="stmt"/>
            <line falsecount="0" truecount="1" num="516" type="cond"/>
            <line num="519" count="1" type="stmt"/>
            <line num="520" count="1" type="stmt"/>
            <line num="523" count="1" type="stmt"/>
            <line num="524" count="1" type="stmt"/>
            <line num="525" count="3" type="stmt"/>
            <line num="528" count="1" type="stmt"/>
            <line num="531" count="0" type="stmt"/>
            <line complexity="1" visibility="private" signature="DefaultExtractResult(List&lt;String&gt;,String)" num="570" count="1" type="method"/>
            <line num="571" count="1" type="stmt"/>
            <line num="572" count="1" type="stmt"/>
            <line complexity="1" visibility="public" signature="getExtracted() : List&lt;String&gt;" num="575" count="1" type="method"/>
            <line num="577" count="1" type="stmt"/>
            <line complexity="1" visibility="public" signature="getRemainder() : String" num="580" count="1" type="method"/>
            <line num="582" count="1" type="stmt"/>
            <line complexity="2" visibility="public" signature="setAttr(String,String,String,String) : String" num="600" count="5" type="method"/>
            <line num="602" count="5" type="stmt"/>
            <line num="604" count="5" type="stmt"/>
            <line num="605" count="5" type="stmt"/>
            <line falsecount="3" truecount="2" num="605" type="cond"/>
            <line num="607" count="2" type="stmt"/>
            <line num="608" count="2" type="stmt"/>
            <line num="611" count="2" type="stmt"/>
            <line num="614" count="3" type="stmt"/>
            <line complexity="1" visibility="private" signature="parseContent(String) : Element" num="625" count="67" type="method"/>
            <line num="626" count="67" type="stmt"/>
            <line num="627" count="67" type="stmt"/>
            <line num="628" count="67" type="stmt"/>
            <line complexity="1" visibility="public" signature="getAttr(String,String,String) : List&lt;String&gt;" num="644" count="1" type="method"/>
            <line num="646" count="1" type="stmt"/>
            <line num="648" count="1" type="stmt"/>
            <line num="649" count="1" type="stmt"/>
            <line num="651" count="1" type="stmt"/>
            <line num="652" count="1" type="stmt"/>
            <line num="653" count="1" type="stmt"/>
            <line num="656" count="1" type="stmt"/>
            <line complexity="3" visibility="public" signature="addClass(String,String,List&lt;String&gt;,int) : String" num="673" count="9" type="method"/>
            <line num="678" count="9" type="stmt"/>
            <line num="680" count="9" type="stmt"/>
            <line num="681" count="9" type="stmt"/>
            <line falsecount="9" truecount="0" num="681" type="cond"/>
            <line num="683" count="0" type="stmt"/>
            <line num="686" count="9" type="stmt"/>
            <line falsecount="5" truecount="4" num="686" type="cond"/>
            <line num="688" count="4" type="stmt"/>
            <line num="689" count="12" type="stmt"/>
            <line num="690" count="14" type="stmt"/>
            <line num="694" count="4" type="stmt"/>
            <line num="697" count="5" type="stmt"/>
            <line complexity="1" visibility="public" signature="addClass(String,String,List&lt;String&gt;) : String" num="713" count="9" type="method"/>
            <line num="714" count="9" type="stmt"/>
            <line complexity="1" visibility="public" signature="addClass(String,String,String) : String" num="729" count="1" type="method"/>
            <line num="730" count="1" type="stmt"/>
            <line complexity="3" visibility="public" signature="wrap(String,String,String,int) : String" num="747" count="1" type="method"/>
            <line num="749" count="1" type="stmt"/>
            <line num="751" count="1" type="stmt"/>
            <line num="752" count="1" type="stmt"/>
            <line falsecount="0" truecount="1" num="752" type="cond"/>
            <line num="754" count="1" type="stmt"/>
            <line num="757" count="1" type="stmt"/>
            <line falsecount="0" truecount="1" num="757" type="cond"/>
            <line num="759" count="1" type="stmt"/>
            <line num="760" count="1" type="stmt"/>
            <line num="763" count="1" type="stmt"/>
            <line num="766" count="0" type="stmt"/>
            <line complexity="2" visibility="public" signature="remove(String,String) : String" num="780" count="1" type="method"/>
            <line num="782" count="1" type="stmt"/>
            <line num="784" count="1" type="stmt"/>
            <line num="785" count="1" type="stmt"/>
            <line falsecount="0" truecount="1" num="785" type="cond"/>
            <line num="786" count="1" type="stmt"/>
            <line num="787" count="1" type="stmt"/>
            <line num="790" count="1" type="stmt"/>
            <line num="793" count="0" type="stmt"/>
            <line complexity="1" visibility="public" signature="replace(String,String,String) : String" num="809" count="1" type="method"/>
            <line num="810" count="1" type="stmt"/>
            <line complexity="4" visibility="public" signature="replaceAll(String,Map&lt;String, String&gt;) : String" num="824" count="5" type="method"/>
            <line num="826" count="5" type="stmt"/>
            <line num="828" count="5" type="stmt"/>
            <line num="829" count="5" type="stmt"/>
            <line num="830" count="37" type="stmt"/>
            <line num="831" count="37" type="stmt"/>
            <line num="833" count="37" type="stmt"/>
            <line num="834" count="37" type="stmt"/>
            <line falsecount="27" truecount="10" num="834" type="cond"/>
            <line num="837" count="10" type="stmt"/>
            <line num="839" count="10" type="stmt"/>
            <line falsecount="0" truecount="10" num="839" type="cond"/>
            <line num="840" count="10" type="stmt"/>
            <line num="841" count="10" type="stmt"/>
            <line num="844" count="10" type="stmt"/>
            <line num="849" count="5" type="stmt"/>
            <line falsecount="3" truecount="2" num="849" type="cond"/>
            <line num="850" count="2" type="stmt"/>
            <line num="853" count="3" type="stmt"/>
            <line complexity="4" visibility="public" signature="replaceWith(String,String,String) : String" num="870" count="5" type="method"/>
            <line num="872" count="5" type="stmt"/>
            <line num="874" count="5" type="stmt"/>
            <line num="875" count="5" type="stmt"/>
            <line num="876" count="5" type="stmt"/>
            <line falsecount="3" truecount="2" num="876" type="cond"/>
            <line num="879" count="2" type="stmt"/>
            <line num="881" count="2" type="stmt"/>
            <line falsecount="0" truecount="2" num="881" type="cond"/>
            <line num="882" count="2" type="stmt"/>
            <line num="883" count="2" type="stmt"/>
            <line num="884" count="2" type="stmt"/>
            <line num="885" count="2" type="stmt"/>
            <line num="886" count="2" type="stmt"/>
            <line num="888" count="2" type="stmt"/>
            <line num="891" count="2" type="stmt"/>
            <line num="895" count="5" type="stmt"/>
            <line falsecount="3" truecount="2" num="895" type="cond"/>
            <line num="896" count="2" type="stmt"/>
            <line num="899" count="3" type="stmt"/>
            <line complexity="1" visibility="public" signature="text(String,String) : List&lt;String&gt;" num="914" count="1" type="method"/>
            <line num="916" count="1" type="stmt"/>
            <line num="918" count="1" type="stmt"/>
            <line num="919" count="1" type="stmt"/>
            <line num="921" count="1" type="stmt"/>
            <line num="922" count="1" type="stmt"/>
            <line num="925" count="1" type="stmt"/>
            <line complexity="5" visibility="public" signature="headingAnchorToId(String) : String" num="949" count="5" type="method"/>
            <line num="951" count="5" type="stmt"/>
            <line num="954" count="5" type="stmt"/>
            <line num="957" count="5" type="stmt"/>
            <line num="960" count="5" type="stmt"/>
            <line num="963" count="5" type="stmt"/>
            <line num="964" count="5" type="stmt"/>
            <line num="965" count="9" type="stmt"/>
            <line num="967" count="9" type="stmt"/>
            <line falsecount="0" truecount="9" num="967" type="cond"/>
            <line num="968" count="9" type="stmt"/>
            <line num="969" count="9" type="stmt"/>
            <line num="974" count="5" type="stmt"/>
            <line num="976" count="5" type="stmt"/>
            <line num="977" count="0" type="stmt"/>
            <line num="978" count="0" type="stmt"/>
            <line falsecount="0" truecount="0" num="978" type="cond"/>
            <line num="979" count="0" type="stmt"/>
            <line num="980" count="0" type="stmt"/>
            <line num="987" count="5" type="stmt"/>
            <line num="989" count="5" type="stmt"/>
            <line num="990" count="0" type="stmt"/>
            <line num="991" count="0" type="stmt"/>
            <line falsecount="0" truecount="0" num="991" type="cond"/>
            <line num="992" count="0" type="stmt"/>
            <line num="993" count="0" type="stmt"/>
            <line num="997" count="5" type="stmt"/>
            <line falsecount="1" truecount="4" num="997" type="cond"/>
            <line num="998" count="4" type="stmt"/>
            <line num="1001" count="1" type="stmt"/>
            <line complexity="4" visibility="private" signature="anchorToId(Element,Element) : void" num="1011" count="9" type="method"/>
            <line num="1013" count="9" type="stmt"/>
            <line falsecount="0" truecount="9" num="1013" type="cond"/>
            <line num="1014" count="9" type="stmt"/>
            <line num="1015" count="9" type="stmt"/>
            <line falsecount="0" truecount="9" num="1015" type="cond"/>
            <line num="1017" count="9" type="stmt"/>
            <line num="1020" count="9" type="stmt"/>
            <line complexity="2" visibility="public" signature="concat(List&lt;String&gt;,String,boolean) : List&lt;String&gt;" num="1037" count="27" type="method"/>
            <line num="1038" count="27" type="stmt"/>
            <line num="1040" count="27" type="stmt"/>
            <line num="1041" count="162" type="stmt"/>
            <line falsecount="30" truecount="132" num="1041" type="cond"/>
            <line num="1044" count="27" type="stmt"/>
            <line complexity="6" visibility="public" signature="ensureHeadingIds(String,String,String,String) : String" num="1070" count="3" type="method"/>
            <line num="1074" count="3" type="stmt"/>
            <line num="1076" count="3" type="stmt"/>
            <line num="1079" count="3" type="stmt"/>
            <line falsecount="3" truecount="0" num="1079" type="cond"/>
            <line num="1080" count="0" type="stmt"/>
            <line num="1084" count="3" type="stmt"/>
            <line num="1086" count="3" type="stmt"/>
            <line num="1087" count="3" type="stmt"/>
            <line num="1088" count="3" type="stmt"/>
            <line num="1091" count="0" type="stmt"/>
            <line num="1092" count="0" type="stmt"/>
            <line num="1093" count="0" type="stmt"/>
            <line num="1095" count="0" type="stmt"/>
            <line num="1099" count="3" type="stmt"/>
            <line num="1101" count="3" type="stmt"/>
            <line num="1103" count="3" type="stmt"/>
            <line num="1104" count="0" type="stmt"/>
            <line num="1105" count="0" type="stmt"/>
            <line num="1107" count="0" type="stmt"/>
            <line falsecount="0" truecount="0" num="1107" type="cond"/>
            <line num="1108" count="0" type="stmt"/>
            <line num="1110" count="0" type="stmt"/>
            <line num="1112" count="0" type="stmt"/>
            <line num="1115" count="3" type="stmt"/>
            <line num="1118" count="3" type="stmt"/>
            <line num="1120" count="3" type="stmt"/>
            <line falsecount="0" truecount="3" num="1120" type="cond"/>
            <line num="1121" count="3" type="stmt"/>
            <line num="1123" count="9" type="stmt"/>
            <line num="1124" count="9" type="stmt"/>
            <line num="1126" count="9" type="stmt"/>
            <line falsecount="9" truecount="0" num="1126" type="cond"/>
            <line num="1127" count="0" type="stmt"/>
            <line num="1129" count="9" type="stmt"/>
            <line num="1131" count="9" type="stmt"/>
            <line num="1135" count="3" type="stmt"/>
            <line complexity="3" visibility="private" signature="generateUniqueId(String,String,Set&lt;String&gt;,String) : String" num="1151" count="9" type="method"/>
            <line num="1155" count="9" type="stmt"/>
            <line num="1156" count="9" type="stmt"/>
            <line num="1157" count="9" type="stmt"/>
            <line falsecount="9" truecount="0" num="1157" type="cond"/>
            <line num="1158" count="0" type="stmt"/>
            <line num="1162" count="9" type="stmt"/>
            <line num="1163" count="9" type="stmt"/>
            <line falsecount="6" truecount="3" num="1163" type="cond"/>
            <line num="1164" count="3" type="stmt"/>
            <line num="1166" count="9" type="stmt"/>
            <line complexity="2" visibility="public" signature="fixTableHeads(String) : String" num="1179" count="5" type="method"/>
            <line num="1181" count="5" type="stmt"/>
            <line num="1183" count="5" type="stmt"/>
            <line num="1185" count="5" type="stmt"/>
            <line num="1187" count="7" type="stmt"/>
            <line num="1189" count="7" type="stmt"/>
            <line falsecount="3" truecount="4" num="1189" type="cond"/>
            <line num="1191" count="4" type="stmt"/>
            <line num="1194" count="4" type="stmt"/>
            <line num="1197" count="4" type="stmt"/>
            <line num="1198" count="4" type="stmt"/>
            <line num="1200" count="4" type="stmt"/>
            <line num="1205" count="5" type="stmt"/>
            <line complexity="1" visibility="public" signature="slug(String) : String" num="1224" count="36" type="method"/>
            <line num="1225" count="36" type="stmt"/>
            <line complexity="1" visibility="private" signature="slug(String,String) : String" num="1240" count="45" type="method"/>
            <line num="1241" count="45" type="stmt"/>
            <line num="1242" count="45" type="stmt"/>
            <line num="1243" count="45" type="stmt"/>
            <line complexity="6" visibility="public" signature="headingTree(String,List&lt;String&gt;) : List&lt;? extends IdElement&gt;" num="1262" count="1" type="method"/>
            <line num="1264" count="1" type="stmt"/>
            <line num="1265" count="1" type="stmt"/>
            <line num="1266" count="1" type="stmt"/>
            <line num="1268" count="1" type="stmt"/>
            <line num="1269" count="1" type="stmt"/>
            <line num="1270" count="1" type="stmt"/>
            <line falsecount="1" truecount="0" num="1270" type="cond"/>
            <line num="1273" count="1" type="stmt"/>
            <line falsecount="1" truecount="0" num="1273" type="cond"/>
            <line num="1274" count="0" type="stmt"/>
            <line num="1276" count="1" type="stmt"/>
            <line num="1278" count="1" type="stmt"/>
            <line num="1279" count="1" type="stmt"/>
            <line num="1280" count="3" type="stmt"/>
            <line num="1285" count="1" type="stmt"/>
            <line num="1286" count="1" type="stmt"/>
            <line num="1288" count="1" type="stmt"/>
            <line num="1290" count="3" type="stmt"/>
            <line falsecount="3" truecount="1" num="1290" type="cond"/>
            <line num="1291" count="1" type="stmt"/>
            <line num="1294" count="3" type="stmt"/>
            <line falsecount="2" truecount="1" num="1294" type="cond"/>
            <line num="1296" count="1" type="stmt"/>
            <line num="1299" count="2" type="stmt"/>
            <line num="1303" count="3" type="stmt"/>
            <line num="1306" count="1" type="stmt"/>
            <line complexity="3" visibility="private" signature="headingIndex(Element) : int" num="1315" count="3" type="method"/>
            <line num="1316" count="3" type="stmt"/>
            <line num="1317" count="3" type="stmt"/>
            <line falsecount="0" truecount="3" num="1317" type="cond"/>
            <line num="1318" count="3" type="stmt"/>
            <line num="1319" count="3" type="stmt"/>
            <line num="1321" count="0" type="stmt"/>
            <line num="1324" count="0" type="stmt"/>
            <line complexity="1" visibility="private" signature="HeadingItem(String,String,String,int)" num="1348" count="3" type="method"/>
            <line num="1349" count="3" type="stmt"/>
            <line num="1350" count="3" type="stmt"/>
            <line num="1351" count="3" type="stmt"/>
            <line num="1352" count="3" type="stmt"/>
            <line complexity="1" visibility="public" signature="getId() : String" num="1355" count="3" type="method"/>
            <line num="1357" count="3" type="stmt"/>
            <line complexity="1" visibility="public" signature="getTagName() : String" num="1360" count="1" type="method"/>
            <line num="1362" count="1" type="stmt"/>
            <line complexity="1" visibility="public" signature="getText() : String" num="1365" count="1" type="method"/>
            <line num="1367" count="1" type="stmt"/>
            <line complexity="1" visibility="public" signature="getItems() : List&lt;HeadingItem&gt;" num="1370" count="2" type="method"/>
            <line num="1372" count="2" type="stmt"/>
            <line complexity="1" visibility="public" signature="getHeadingLevel() : int" num="1375" count="3" type="method"/>
            <line num="1377" count="3" type="stmt"/>
         </file>
         <file path="/Users/devacfr/Development/github/reflow-maven-skin/reflow-velocity-tools/src/main/java/org/devacfr/maven/skins/reflow/ISkinConfig.java" name="ISkinConfig.java">
            <metrics coveredelements="0" coveredconditionals="0" complexity="0" loc="246" coveredmethods="0" methods="0" elements="0" classes="1" ncloc="51" statements="0" conditionals="0" coveredstatements="0"/>
            <class name="ISkinConfig">
               <metrics coveredelements="0" coveredconditionals="0" complexity="0" coveredmethods="0" methods="0" elements="0" statements="0" conditionals="0" coveredstatements="0"/>
            </class>
         </file>
         <file path="/Users/devacfr/Development/github/reflow-maven-skin/reflow-velocity-tools/src/main/java/org/devacfr/maven/skins/reflow/SkinConfigTool.java" name="SkinConfigTool.java">
            <metrics coveredelements="229" coveredconditionals="60" complexity="91" loc="779" coveredmethods="25" methods="33" elements="342" classes="1" ncloc="415" statements="205" conditionals="104" coveredstatements="144"/>
            <class name="SkinConfigTool">
               <metrics coveredelements="229" coveredconditionals="60" complexity="91" coveredmethods="25" methods="33" elements="342" statements="205" conditionals="104" coveredstatements="144"/>
            </class>
            <line complexity="18" visibility="protected" signature="configure(ValueParser) : void" num="135" count="6" type="method"/>
            <line num="137" count="6" type="stmt"/>
            <line num="138" count="6" type="stmt"/>
            <line falsecount="6" truecount="0" num="138" type="cond"/>
            <line num="139" count="0" type="stmt"/>
            <line num="143" count="6" type="stmt"/>
            <line num="144" count="6" type="stmt"/>
            <line falsecount="6" truecount="0" num="144" type="cond"/>
            <line num="145" count="0" type="stmt"/>
            <line num="149" count="6" type="stmt"/>
            <line num="151" count="6" type="stmt"/>
            <line falsecount="6" truecount="0" num="151" type="cond"/>
            <line num="152" count="0" type="stmt"/>
            <line num="155" count="6" type="stmt"/>
            <line num="157" count="6" type="stmt"/>
            <line num="158" count="6" type="stmt"/>
            <line falsecount="0" truecount="6" num="158" type="cond"/>
            <line num="159" count="6" type="stmt"/>
            <line num="160" count="6" type="stmt"/>
            <line num="162" count="6" type="stmt"/>
            <line num="166" count="6" type="stmt"/>
            <line num="167" count="6" type="stmt"/>
            <line num="169" count="6" type="stmt"/>
            <line num="171" count="6" type="stmt"/>
            <line falsecount="6" truecount="0" num="171" type="cond"/>
            <line num="172" count="0" type="stmt"/>
            <line num="175" count="6" type="stmt"/>
            <line num="176" count="6" type="stmt"/>
            <line num="178" count="6" type="stmt"/>
            <line falsecount="6" truecount="0" num="178" type="cond"/>
            <line num="179" count="0" type="stmt"/>
            <line num="184" count="6" type="stmt"/>
            <line num="185" count="6" type="stmt"/>
            <line num="186" count="6" type="stmt"/>
            <line num="188" count="6" type="stmt"/>
            <line falsecount="6" truecount="0" num="188" type="cond"/>
            <line num="190" count="0" type="stmt"/>
            <line num="191" count="0" type="stmt"/>
            <line falsecount="0" truecount="0" num="191" type="cond"/>
            <line num="192" count="0" type="stmt"/>
            <line num="193" count="0" type="stmt"/>
            <line num="198" count="6" type="stmt"/>
            <line falsecount="0" truecount="6" num="198" type="cond"/>
            <line num="199" count="6" type="stmt"/>
            <line num="201" count="6" type="stmt"/>
            <line falsecount="6" truecount="0" num="201" type="cond"/>
            <line num="203" count="0" type="stmt"/>
            <line num="208" count="6" type="stmt"/>
            <line num="209" count="6" type="stmt"/>
            <line falsecount="0" truecount="6" num="209" type="cond"/>
            <line num="212" count="6" type="stmt"/>
            <line num="217" count="6" type="stmt"/>
            <line falsecount="0" truecount="6" num="217" type="cond"/>
            <line num="218" count="6" type="stmt"/>
            <line num="219" count="6" type="stmt"/>
            <line falsecount="6" truecount="0" num="219" type="cond"/>
            <line num="221" count="0" type="stmt"/>
            <line num="225" count="6" type="stmt"/>
            <line falsecount="0" truecount="6" num="225" type="cond"/>
            <line num="226" count="6" type="stmt"/>
            <line num="232" count="6" type="stmt"/>
            <line num="234" count="6" type="stmt"/>
            <line num="236" count="6" type="stmt"/>
            <line num="238" count="6" type="stmt"/>
            <line falsecount="6" truecount="0" num="238" type="cond"/>
            <line num="239" count="0" type="stmt"/>
            <line num="240" count="0" type="stmt"/>
            <line num="241" count="0" type="stmt"/>
            <line num="242" count="0" type="stmt"/>
            <line num="243" count="0" type="stmt"/>
            <line num="244" count="0" type="stmt"/>
            <line complexity="1" visibility="protected" signature="setKey(String) : void" num="255" count="0" type="method"/>
            <line num="256" count="0" type="stmt"/>
            <line complexity="1" visibility="public" signature="getKey() : String" num="263" count="0" type="method"/>
            <line num="264" count="0" type="stmt"/>
            <line complexity="2" visibility="public" signature="getContextValue(String,Class&lt;T&gt;) : T" num="270" count="0" type="method"/>
            <line num="273" count="0" type="stmt"/>
            <line num="274" count="0" type="stmt"/>
            <line falsecount="0" truecount="0" num="274" type="cond"/>
            <line num="275" count="0" type="stmt"/>
            <line num="277" count="0" type="stmt"/>
            <line complexity="2" visibility="public" signature="setContextValue(String,Object) : void" num="284" count="0" type="method"/>
            <line num="286" count="0" type="stmt"/>
            <line num="287" count="0" type="stmt"/>
            <line falsecount="0" truecount="0" num="287" type="cond"/>
            <line num="288" count="0" type="stmt"/>
            <line num="290" count="0" type="stmt"/>
            <line complexity="1" visibility="public" signature="getToolbox(String,Class&lt;T&gt;) : T" num="297" count="0" type="method"/>
            <line num="301" count="0" type="stmt"/>
            <line num="302" count="0" type="stmt"/>
            <line complexity="2" visibility="public" signature="get(String) : Xpp3Dom" num="308" count="271" type="method"/>
            <line num="311" count="271" type="stmt"/>
            <line num="313" count="271" type="stmt"/>
            <line num="314" count="271" type="stmt"/>
            <line falsecount="6" truecount="265" num="314" type="cond"/>
            <line num="316" count="265" type="stmt"/>
            <line num="319" count="271" type="stmt"/>
            <line complexity="2" visibility="public" signature="value(String) : String" num="331" count="163" type="method"/>
            <line num="333" count="163" type="stmt"/>
            <line num="334" count="163" type="stmt"/>
            <line num="336" count="163" type="stmt"/>
            <line falsecount="157" truecount="6" num="336" type="cond"/>
            <line num="338" count="6" type="stmt"/>
            <line num="341" count="157" type="stmt"/>
            <line complexity="5" visibility="public" signature="getPropertyValue(String,Class&lt;T&gt;,T) : T" num="358" count="12" type="method"/>
            <line num="364" count="12" type="stmt"/>
            <line num="365" count="12" type="stmt"/>
            <line num="366" count="12" type="stmt"/>
            <line num="367" count="12" type="stmt"/>
            <line falsecount="12" truecount="0" num="367" type="cond"/>
            <line num="368" count="0" type="stmt"/>
            <line num="370" count="12" type="stmt"/>
            <line num="371" count="12" type="stmt"/>
            <line falsecount="6" truecount="6" num="371" type="cond"/>
            <line num="372" count="6" type="stmt"/>
            <line num="373" count="6" type="stmt"/>
            <line falsecount="6" truecount="0" num="373" type="cond"/>
            <line num="374" count="0" type="stmt"/>
            <line num="375" count="6" type="stmt"/>
            <line falsecount="6" truecount="0" num="375" type="cond"/>
            <line num="376" count="0" type="stmt"/>
            <line num="378" count="12" type="stmt"/>
            <line complexity="1" visibility="public" signature="getChildren(Xpp3Dom) : List&lt;String&gt;" num="390" count="0" type="method"/>
            <line num="391" count="0" type="stmt"/>
            <line complexity="11" visibility="public" signature="getAttributeValue(String,String,Class&lt;T&gt;,T) : T" num="410" count="84" type="method"/>
            <line num="417" count="84" type="stmt"/>
            <line num="418" count="84" type="stmt"/>
            <line num="419" count="84" type="stmt"/>
            <line num="421" count="84" type="stmt"/>
            <line num="422" count="84" type="stmt"/>
            <line falsecount="54" truecount="30" num="422" type="cond"/>
            <line num="423" count="30" type="stmt"/>
            <line num="425" count="54" type="stmt"/>
            <line num="426" count="54" type="stmt"/>
            <line falsecount="36" truecount="18" num="426" type="cond"/>
            <line num="427" count="18" type="stmt"/>
            <line num="430" count="36" type="stmt"/>
            <line falsecount="36" truecount="0" num="430" type="cond"/>
            <line num="431" count="0" type="stmt"/>
            <line num="432" count="0" type="stmt"/>
            <line falsecount="0" truecount="0" num="432" type="cond"/>
            <line num="433" count="0" type="stmt"/>
            <line num="436" count="36" type="stmt"/>
            <line falsecount="36" truecount="0" num="436" type="cond"/>
            <line num="437" count="0" type="stmt"/>
            <line num="439" count="36" type="stmt"/>
            <line num="440" count="36" type="stmt"/>
            <line falsecount="36" truecount="0" num="440" type="cond"/>
            <line num="441" count="0" type="stmt"/>
            <line num="444" count="36" type="stmt"/>
            <line num="445" count="36" type="stmt"/>
            <line falsecount="30" truecount="6" num="445" type="cond"/>
            <line num="446" count="6" type="stmt"/>
            <line num="447" count="30" type="stmt"/>
            <line falsecount="30" truecount="0" num="447" type="cond"/>
            <line num="448" count="0" type="stmt"/>
            <line num="449" count="30" type="stmt"/>
            <line falsecount="30" truecount="0" num="449" type="cond"/>
            <line num="450" count="0" type="stmt"/>
            <line num="452" count="36" type="stmt"/>
            <line complexity="6" visibility="public" signature="getAttributeValue(Xpp3Dom,String,Class&lt;T&gt;,T) : T" num="458" count="18" type="method"/>
            <line num="465" count="18" type="stmt"/>
            <line falsecount="18" truecount="0" num="465" type="cond"/>
            <line num="466" count="0" type="stmt"/>
            <line num="468" count="18" type="stmt"/>
            <line num="469" count="18" type="stmt"/>
            <line falsecount="6" truecount="12" num="469" type="cond"/>
            <line num="470" count="12" type="stmt"/>
            <line num="472" count="6" type="stmt"/>
            <line num="473" count="6" type="stmt"/>
            <line falsecount="6" truecount="0" num="473" type="cond"/>
            <line num="474" count="0" type="stmt"/>
            <line num="475" count="6" type="stmt"/>
            <line falsecount="6" truecount="0" num="475" type="cond"/>
            <line num="476" count="0" type="stmt"/>
            <line num="477" count="6" type="stmt"/>
            <line falsecount="6" truecount="0" num="477" type="cond"/>
            <line num="478" count="0" type="stmt"/>
            <line num="480" count="6" type="stmt"/>
            <line complexity="1" visibility="public" signature="is(String) : boolean" num="493" count="8" type="method"/>
            <line num="494" count="8" type="stmt"/>
            <line complexity="1" visibility="public" signature="not(String) : boolean" num="500" count="8" type="method"/>
            <line num="502" count="8" type="stmt"/>
            <line complexity="1" visibility="public" signature="isValue(String,String) : boolean" num="516" count="2" type="method"/>
            <line num="517" count="2" type="stmt"/>
            <line complexity="1" visibility="public" signature="getProjectId() : String" num="523" count="0" type="method"/>
            <line num="526" count="0" type="stmt"/>
            <line complexity="1" visibility="public" signature="getFileId() : String" num="532" count="6" type="method"/>
            <line num="535" count="6" type="stmt"/>
            <line complexity="1" visibility="public" signature="getContext() : Context&lt;?&gt;" num="541" count="0" type="method"/>
            <line num="544" count="0" type="stmt"/>
            <line complexity="1" visibility="public" signature="getVelocityContext() : ToolContext" num="550" count="12" type="method"/>
            <line num="551" count="12" type="stmt"/>
            <line complexity="1" visibility="public" signature="getProject() : MavenProject" num="557" count="108" type="method"/>
            <line num="560" count="108" type="stmt"/>
            <line complexity="1" visibility="public" signature="getDecoration() : DecorationModel" num="566" count="12" type="method"/>
            <line num="569" count="12" type="stmt"/>
            <line complexity="1" visibility="public" signature="getPageProperties() : Xpp3Dom" num="575" count="6" type="method"/>
            <line num="578" count="6" type="stmt"/>
            <line complexity="1" visibility="public" signature="getGlobalProperties() : Xpp3Dom" num="584" count="6" type="method"/>
            <line num="587" count="6" type="stmt"/>
            <line complexity="1" visibility="public" signature="getNamespace() : String" num="593" count="18" type="method"/>
            <line num="596" count="18" type="stmt"/>
            <line complexity="3" visibility="public" signature="getProjectLocation() : String" num="602" count="102" type="method"/>
            <line num="604" count="102" type="stmt"/>
            <line num="605" count="102" type="stmt"/>
            <line falsecount="0" truecount="102" num="605" type="cond"/>
            <line num="607" count="102" type="stmt"/>
            <line falsecount="102" truecount="0" num="607" type="cond"/>
            <line num="608" count="0" type="stmt"/>
            <line num="611" count="102" type="stmt"/>
            <line complexity="1" visibility="public" signature="getCurrentFileName() : String" num="622" count="108" type="method"/>
            <line num="624" count="108" type="stmt"/>
            <line complexity="1" visibility="public" signature="getCurrentFileLocation() : String" num="630" count="96" type="method"/>
            <line num="632" count="96" type="stmt"/>
            <line num="633" count="96" type="stmt"/>
            <line complexity="3" visibility="public" signature="eval(String,Class&lt;T&gt;) : T" num="639" count="6" type="method"/>
            <line num="643" count="6" type="stmt"/>
            <line falsecount="6" truecount="0" num="643" type="cond"/>
            <line num="644" count="0" type="stmt"/>
            <line num="646" count="6" type="stmt"/>
            <line num="647" count="6" type="stmt"/>
            <line num="648" count="6" type="stmt"/>
            <line num="650" count="0" type="stmt"/>
            <line complexity="6" visibility="public" signature="relativeLink(String) : String" num="657" count="120" type="method"/>
            <line num="659" count="120" type="stmt"/>
            <line falsecount="120" truecount="0" num="659" type="cond"/>
            <line num="660" count="0" type="stmt"/>
            <line num="662" count="120" type="stmt"/>
            <line falsecount="96" truecount="24" num="662" type="cond"/>
            <line num="663" count="24" type="stmt"/>
            <line num="665" count="96" type="stmt"/>
            <line num="666" count="96" type="stmt"/>
            <line num="667" count="96" type="stmt"/>
            <line num="668" count="96" type="stmt"/>
            <line falsecount="96" truecount="0" num="668" type="cond"/>
            <line num="669" count="0" type="stmt"/>
            <line num="678" count="96" type="stmt"/>
            <line num="679" count="96" type="stmt"/>
            <line num="680" count="96" type="stmt"/>
            <line falsecount="96" truecount="0" num="680" type="cond"/>
            <line num="682" count="0" type="stmt"/>
            <line num="686" count="96" type="stmt"/>
            <line num="687" count="96" type="stmt"/>
            <line num="689" count="96" type="stmt"/>
            <line falsecount="96" truecount="0" num="689" type="cond"/>
            <line num="690" count="0" type="stmt"/>
            <line num="691" count="0" type="stmt"/>
            <line num="692" count="0" type="stmt"/>
            <line num="693" count="0" type="stmt"/>
            <line num="694" count="0" type="stmt"/>
            <line num="695" count="0" type="stmt"/>
            <line num="697" count="96" type="stmt"/>
            <line complexity="4" visibility="public" signature="isExternalLink(String) : boolean" num="705" count="128" type="method"/>
            <line num="706" count="128" type="stmt"/>
            <line falsecount="127" truecount="1" num="706" type="cond"/>
            <line num="707" count="1" type="stmt"/>
            <line num="709" count="127" type="stmt"/>
            <line num="710" count="127" type="stmt"/>
            <line falsecount="120" truecount="7" num="710" type="cond"/>
            <line num="711" count="7" type="stmt"/>
            <line num="713" count="120" type="stmt"/>
            <line complexity="2" visibility="public" signature="isActiveLink(String) : boolean" num="721" count="101" type="method"/>
            <line num="723" count="101" type="stmt"/>
            <line num="724" count="101" type="stmt"/>
            <line falsecount="100" truecount="1" num="724" type="cond"/>
            <line num="725" count="1" type="stmt"/>
            <line num="729" count="100" type="stmt"/>
            <line complexity="3" visibility="public" signature="slugFilename(String) : String" num="739" count="30" type="method"/>
            <line num="741" count="30" type="stmt"/>
            <line falsecount="30" truecount="0" num="741" type="cond"/>
            <line num="742" count="0" type="stmt"/>
            <line num="744" count="30" type="stmt"/>
            <line num="747" count="30" type="stmt"/>
            <line num="748" count="30" type="stmt"/>
            <line falsecount="1" truecount="29" num="748" type="cond"/>
            <line num="749" count="29" type="stmt"/>
            <line num="758" count="30" type="stmt"/>
            <line complexity="4" visibility="private" signature="getResourcePath() : String" num="764" count="6" type="method"/>
            <line num="766" count="6" type="stmt"/>
            <line num="767" count="6" type="stmt"/>
            <line num="768" count="6" type="stmt"/>
            <line num="769" count="6" type="stmt"/>
            <line falsecount="0" truecount="6" num="769" type="cond"/>
            <line num="770" count="6" type="stmt"/>
            <line falsecount="6" truecount="0" num="770" type="cond"/>
            <line num="771" count="0" type="stmt"/>
            <line num="773" count="6" type="stmt"/>
            <line num="774" count="6" type="stmt"/>
            <line num="776" count="0" type="stmt"/>
         </file>
         <file path="/Users/devacfr/Development/github/reflow-maven-skin/reflow-velocity-tools/src/main/java/org/devacfr/maven/skins/reflow/URITool.java" name="URITool.java">
            <metrics coveredelements="41" coveredconditionals="10" complexity="16" loc="190" coveredmethods="8" methods="8" elements="41" classes="2" ncloc="68" statements="23" conditionals="10" coveredstatements="23"/>
            <class name="URITool">
               <metrics coveredelements="23" coveredconditionals="6" complexity="9" coveredmethods="4" methods="4" elements="23" statements="13" conditionals="6" coveredstatements="13"/>
            </class>
            <class name="URITool.URLRebaser">
               <metrics coveredelements="18" coveredconditionals="4" complexity="7" coveredmethods="4" methods="4" elements="18" statements="10" conditionals="4" coveredstatements="10"/>
            </class>
            <line complexity="4" visibility="public" signature="relativizeLink(String,String) : String" num="56" count="107" type="method"/>
            <line num="61" count="107" type="stmt"/>
            <line falsecount="106" truecount="1" num="61" type="cond"/>
            <line num="62" count="1" type="stmt"/>
            <line num="64" count="106" type="stmt"/>
            <line num="65" count="106" type="stmt"/>
            <line num="66" count="105" type="stmt"/>
            <line num="68" count="1" type="stmt"/>
            <line complexity="1" visibility="public" signature="toURI(String) : URI" num="79" count="201" type="method"/>
            <line num="81" count="201" type="stmt"/>
            <line complexity="1" visibility="public" signature="createURLRebaser(String,String) : URLRebaser" num="96" count="2" type="method"/>
            <line num="98" count="2" type="stmt"/>
            <line complexity="3" visibility="public" signature="normalisedBaseUrl(String) : String" num="108" count="106" type="method"/>
            <line num="110" count="106" type="stmt"/>
            <line falsecount="105" truecount="1" num="110" type="cond"/>
            <line num="111" count="1" type="stmt"/>
            <line num="113" count="105" type="stmt"/>
            <line falsecount="74" truecount="31" num="113" type="cond"/>
            <line num="114" count="31" type="stmt"/>
            <line num="117" count="74" type="stmt"/>
            <line complexity="1" visibility="protected" signature="URLRebaser(String,String)" num="142" count="4" type="method"/>
            <line num="143" count="4" type="stmt"/>
            <line num="144" count="4" type="stmt"/>
            <line complexity="1" visibility="public" signature="getNewPath() : String" num="152" count="2" type="method"/>
            <line num="154" count="2" type="stmt"/>
            <line complexity="1" visibility="public" signature="getOldPath() : String" num="162" count="6" type="method"/>
            <line num="164" count="6" type="stmt"/>
            <line complexity="4" visibility="public" signature="rebaseLink(String) : String" num="175" count="4" type="method"/>
            <line num="176" count="4" type="stmt"/>
            <line falsecount="3" truecount="1" num="176" type="cond"/>
            <line num="177" count="1" type="stmt"/>
            <line num="180" count="3" type="stmt"/>
            <line falsecount="2" truecount="1" num="180" type="cond"/>
            <line num="181" count="1" type="stmt"/>
            <line num="185" count="2" type="stmt"/>
            <line num="187" count="2" type="stmt"/>
         </file>
         <file path="/Users/devacfr/Development/github/reflow-maven-skin/reflow-velocity-tools/src/main/java/org/devacfr/maven/skins/reflow/Xpp3Utils.java" name="Xpp3Utils.java">
            <metrics coveredelements="33" coveredconditionals="11" complexity="10" loc="117" coveredmethods="3" methods="4" elements="37" classes="1" ncloc="53" statements="21" conditionals="12" coveredstatements="19"/>
            <class name="Xpp3Utils">
               <metrics coveredelements="33" coveredconditionals="11" complexity="10" coveredmethods="3" methods="4" elements="37" statements="21" conditionals="12" coveredstatements="19"/>
            </class>
            <line complexity="1" visibility="private" signature="Xpp3Utils()" num="39" count="0" type="method"/>
            <line num="40" count="0" type="stmt"/>
            <line complexity="3" visibility="public" signature="getFirstChild(Xpp3Dom,String,String) : Xpp3Dom" num="55" count="599" type="method"/>
            <line num="59" count="599" type="stmt"/>
            <line falsecount="569" truecount="30" num="59" type="cond"/>
            <line num="60" count="30" type="stmt"/>
            <line num="62" count="569" type="stmt"/>
            <line num="63" count="569" type="stmt"/>
            <line num="64" count="569" type="stmt"/>
            <line falsecount="314" truecount="255" num="64" type="cond"/>
            <line num="65" count="255" type="stmt"/>
            <line num="68" count="314" type="stmt"/>
            <line complexity="1" visibility="public" signature="getChildren(Xpp3Dom) : List&lt;String&gt;" num="80" count="2" type="method"/>
            <line num="82" count="2" type="stmt"/>
            <line complexity="5" visibility="public" signature="getChildrenNodes(Xpp3Dom,String) : List&lt;Xpp3Dom&gt;" num="95" count="33" type="method"/>
            <line num="97" count="33" type="stmt"/>
            <line falsecount="31" truecount="2" num="97" type="cond"/>
            <line num="98" count="2" type="stmt"/>
            <line num="100" count="31" type="stmt"/>
            <line num="101" count="31" type="stmt"/>
            <line falsecount="31" truecount="0" num="101" type="cond"/>
            <line num="102" count="0" type="stmt"/>
            <line num="104" count="31" type="stmt"/>
            <line num="105" count="31" type="stmt"/>
            <line num="106" count="51" type="stmt"/>
            <line falsecount="10" truecount="41" num="106" type="cond"/>
            <line num="107" count="41" type="stmt"/>
            <line falsecount="10" truecount="31" num="107" type="cond"/>
            <line num="108" count="31" type="stmt"/>
            <line num="111" count="10" type="stmt"/>
            <line num="115" count="31" type="stmt"/>
         </file>
      </package>
      <package name="org.devacfr.maven.skins.reflow.model">
         <metrics coveredelements="372" complexity="174" loc="2126" methods="120" classes="15" statements="382" coveredconditionals="52" coveredmethods="58" elements="596" ncloc="929" files="13" conditionals="94" coveredstatements="262"/>
         <file path="/Users/devacfr/Development/github/reflow-maven-skin/reflow-velocity-tools/src/main/java/org/devacfr/maven/skins/reflow/model/BsComponent.java" name="BsComponent.java">
            <metrics coveredelements="21" coveredconditionals="3" complexity="9" loc="93" coveredmethods="6" methods="6" elements="25" classes="1" ncloc="37" statements="13" conditionals="6" coveredstatements="12"/>
            <class name="BsComponent">
               <metrics coveredelements="21" coveredconditionals="3" complexity="9" coveredmethods="6" methods="6" elements="25" statements="13" conditionals="6" coveredstatements="12"/>
            </class>
            <line complexity="1" visibility="public" signature="BsComponent(String)" num="44" count="58" type="method"/>
            <line num="45" count="58" type="stmt"/>
            <line complexity="4" visibility="public" signature="getCssClass() : String" num="48" count="8" type="method"/>
            <line num="50" count="8" type="stmt"/>
            <line num="51" count="8" type="stmt"/>
            <line falsecount="0" truecount="8" num="51" type="cond"/>
            <line num="52" count="8" type="stmt"/>
            <line num="54" count="8" type="stmt"/>
            <line falsecount="0" truecount="8" num="54" type="cond"/>
            <line num="55" count="8" type="stmt"/>
            <line num="57" count="8" type="stmt"/>
            <line falsecount="8" truecount="0" num="57" type="cond"/>
            <line num="58" count="0" type="stmt"/>
            <line num="60" count="8" type="stmt"/>
            <line complexity="1" visibility="public" signature="getTheme() : String" num="67" count="16" type="method"/>
            <line num="68" count="16" type="stmt"/>
            <line complexity="1" visibility="protected" signature="setTheme(String) : void" num="74" count="45" type="method"/>
            <line num="75" count="45" type="stmt"/>
            <line complexity="1" visibility="public" signature="getBackground() : String" num="82" count="16" type="method"/>
            <line num="83" count="16" type="stmt"/>
            <line complexity="1" visibility="protected" signature="setBackground(String) : void" num="89" count="45" type="method"/>
            <line num="90" count="45" type="stmt"/>
         </file>
         <file path="/Users/devacfr/Development/github/reflow-maven-skin/reflow-velocity-tools/src/main/java/org/devacfr/maven/skins/reflow/model/Component.java" name="Component.java">
            <metrics coveredelements="23" coveredconditionals="1" complexity="9" loc="145" coveredmethods="8" methods="8" elements="25" classes="1" ncloc="52" statements="15" conditionals="2" coveredstatements="14"/>
            <class name="Component">
               <metrics coveredelements="23" coveredconditionals="1" complexity="9" coveredmethods="8" methods="8" elements="25" statements="15" conditionals="2" coveredstatements="14"/>
            </class>
            <line complexity="2" visibility="public" signature="getCssClass() : String" num="53" count="14" type="method"/>
            <line num="55" count="14" type="stmt"/>
            <line falsecount="0" truecount="14" num="55" type="cond"/>
            <line num="56" count="14" type="stmt"/>
            <line num="58" count="0" type="stmt"/>
            <line complexity="1" visibility="protected" signature="setCssClass(String) : void" num="65" count="45" type="method"/>
            <line num="66" count="45" type="stmt"/>
            <line complexity="1" visibility="public" signature="getCssOptions() : String" num="78" count="15" type="method"/>
            <line num="80" count="15" type="stmt"/>
            <line complexity="1" visibility="protected" signature="addChildren(Component) : void" num="90" count="30" type="method"/>
            <line num="91" count="30" type="stmt"/>
            <line complexity="1" visibility="protected" signature="addCssOptions(String) : void" num="100" count="36" type="method"/>
            <line num="101" count="36" type="stmt"/>
            <line complexity="1" visibility="protected" signature="onPreRender(ISkinConfig,String) : String" num="113" count="20" type="method"/>
            <line num="114" count="20" type="stmt"/>
            <line num="115" count="20" type="stmt"/>
            <line num="116" count="20" type="stmt"/>
            <line num="117" count="20" type="stmt"/>
            <line num="118" count="20" type="stmt"/>
            <line num="120" count="20" type="stmt"/>
            <line complexity="1" visibility="protected" signature="getHtmlTool(ISkinConfig) : HtmlTool" num="131" count="4" type="method"/>
            <line num="132" count="4" type="stmt"/>
            <line complexity="1" visibility="protected" signature="getBodyContent(ISkinConfig) : String" num="141" count="5" type="method"/>
            <line num="142" count="5" type="stmt"/>
         </file>
         <file path="/Users/devacfr/Development/github/reflow-maven-skin/reflow-velocity-tools/src/main/java/org/devacfr/maven/skins/reflow/model/Footer.java" name="Footer.java">
            <metrics coveredelements="29" coveredconditionals="6" complexity="10" loc="125" coveredmethods="2" methods="4" elements="40" classes="2" ncloc="60" statements="28" conditionals="8" coveredstatements="21"/>
            <class name="Footer">
               <metrics coveredelements="25" coveredconditionals="6" complexity="8" coveredmethods="1" methods="2" elements="34" statements="24" conditionals="8" coveredstatements="18"/>
            </class>
            <class name="Footer.Column">
               <metrics coveredelements="4" coveredconditionals="0" complexity="2" coveredmethods="1" methods="2" elements="6" statements="4" conditionals="0" coveredstatements="3"/>
            </class>
            <line complexity="7" visibility="public" signature="Footer(ISkinConfig)" num="51" count="16" type="method"/>
            <line num="52" count="16" type="stmt"/>
            <line num="53" count="16" type="stmt"/>
            <line num="54" count="16" type="stmt"/>
            <line num="55" count="16" type="stmt"/>
            <line num="56" count="16" type="stmt"/>
            <line num="58" count="16" type="stmt"/>
            <line num="59" count="16" type="stmt"/>
            <line num="61" count="16" type="stmt"/>
            <line falsecount="10" truecount="6" num="61" type="cond"/>
            <line num="62" count="6" type="stmt"/>
            <line num="63" count="6" type="stmt"/>
            <line falsecount="0" truecount="6" num="63" type="cond"/>
            <line num="65" count="6" type="stmt"/>
            <line num="66" count="18" type="stmt"/>
            <line num="67" count="18" type="stmt"/>
            <line falsecount="18" truecount="0" num="67" type="cond"/>
            <line num="68" count="0" type="stmt"/>
            <line num="70" count="18" type="stmt"/>
            <line num="71" count="18" type="stmt"/>
            <line num="73" count="90" type="stmt"/>
            <line falsecount="60" truecount="30" num="73" type="cond"/>
            <line num="74" count="30" type="stmt"/>
            <line num="77" count="18" type="stmt"/>
            <line num="80" count="0" type="stmt"/>
            <line num="81" count="0" type="stmt"/>
            <line num="82" count="0" type="stmt"/>
            <line num="84" count="0" type="stmt"/>
            <line complexity="1" visibility="public" signature="getColumns() : List&lt;Column&gt;" num="92" count="0" type="method"/>
            <line num="93" count="0" type="stmt"/>
            <line complexity="1" visibility="public" signature="Column(ISkinConfig,List&lt;Menu&gt;)" num="111" count="18" type="method"/>
            <line num="112" count="18" type="stmt"/>
            <line num="113" count="18" type="stmt"/>
            <line num="114" count="18" type="stmt"/>
            <line complexity="1" visibility="public" signature="getMenus() : List&lt;Menu&gt;" num="120" count="0" type="method"/>
            <line num="121" count="0" type="stmt"/>
         </file>
         <file path="/Users/devacfr/Development/github/reflow-maven-skin/reflow-velocity-tools/src/main/java/org/devacfr/maven/skins/reflow/model/Header.java" name="Header.java">
            <metrics coveredelements="13" coveredconditionals="2" complexity="7" loc="104" coveredmethods="1" methods="4" elements="27" classes="1" ncloc="43" statements="17" conditionals="6" coveredstatements="10"/>
            <class name="Header">
               <metrics coveredelements="13" coveredconditionals="2" complexity="7" coveredmethods="1" methods="4" elements="27" statements="17" conditionals="6" coveredstatements="10"/>
            </class>
            <line complexity="4" visibility="public" signature="Header(ISkinConfig)" num="58" count="12" type="method"/>
            <line num="59" count="12" type="stmt"/>
            <line num="60" count="12" type="stmt"/>
            <line num="61" count="12" type="stmt"/>
            <line num="62" count="12" type="stmt"/>
            <line num="63" count="12" type="stmt"/>
            <line num="65" count="12" type="stmt"/>
            <line num="66" count="12" type="stmt"/>
            <line falsecount="12" truecount="0" num="66" type="cond"/>
            <line num="67" count="0" type="stmt"/>
            <line num="69" count="12" type="stmt"/>
            <line num="71" count="12" type="stmt"/>
            <line num="72" count="12" type="stmt"/>
            <line falsecount="12" truecount="0" num="72" type="cond"/>
            <line num="73" count="0" type="stmt"/>
            <line num="74" count="0" type="stmt"/>
            <line falsecount="0" truecount="0" num="74" type="cond"/>
            <line num="75" count="0" type="stmt"/>
            <line complexity="1" visibility="public" signature="isEnabled() : boolean" num="85" count="0" type="method"/>
            <line num="86" count="0" type="stmt"/>
            <line complexity="1" visibility="public" signature="getType() : String" num="93" count="0" type="method"/>
            <line num="94" count="0" type="stmt"/>
            <line complexity="1" visibility="public" signature="getContent() : String" num="100" count="0" type="method"/>
            <line num="101" count="0" type="stmt"/>
         </file>
         <file path="/Users/devacfr/Development/github/reflow-maven-skin/reflow-velocity-tools/src/main/java/org/devacfr/maven/skins/reflow/model/Menu.java" name="Menu.java">
            <metrics coveredelements="37" coveredconditionals="1" complexity="19" loc="250" coveredmethods="3" methods="16" elements="76" classes="1" ncloc="116" statements="54" conditionals="6" coveredstatements="33"/>
            <class name="Menu">
               <metrics coveredelements="37" coveredconditionals="1" complexity="19" coveredmethods="3" methods="16" elements="76" statements="54" conditionals="6" coveredstatements="33"/>
            </class>
            <line complexity="1" visibility="public" signature="Menu(ISkinConfig,LinkItem)" num="84" count="6" type="method"/>
            <line num="85" count="6" type="stmt"/>
            <line num="86" count="6" type="stmt"/>
            <line num="87" count="6" type="stmt"/>
            <line num="88" count="6" type="stmt"/>
            <line num="89" count="6" type="stmt"/>
            <line num="90" count="6" type="stmt"/>
            <line num="91" count="6" type="stmt"/>
            <line num="92" count="6" type="stmt"/>
            <line num="93" count="6" type="stmt"/>
            <line num="94" count="6" type="stmt"/>
            <line num="95" count="6" type="stmt"/>
            <line num="96" count="6" type="stmt"/>
            <line num="97" count="6" type="stmt"/>
            <line complexity="2" visibility="public" signature="Menu(ISkinConfig,org.apache.maven.doxia.site.decoration.Menu)" num="108" count="42" type="method"/>
            <line num="109" count="42" type="stmt"/>
            <line num="110" count="42" type="stmt"/>
            <line num="111" count="42" type="stmt"/>
            <line num="112" count="42" type="stmt"/>
            <line num="113" count="42" type="stmt"/>
            <line num="114" count="42" type="stmt"/>
            <line num="115" count="42" type="stmt"/>
            <line num="116" count="42" type="stmt"/>
            <line num="117" count="42" type="stmt"/>
            <line num="118" count="42" type="stmt"/>
            <line num="119" count="42" type="stmt"/>
            <line num="120" count="42" type="stmt"/>
            <line num="121" count="42" type="stmt"/>
            <line num="122" count="42" type="stmt"/>
            <line num="123" count="42" type="stmt"/>
            <line num="124" count="90" type="stmt"/>
            <line falsecount="90" truecount="0" num="124" type="cond"/>
            <line num="125" count="0" type="stmt"/>
            <line num="127" count="90" type="stmt"/>
            <line complexity="1" visibility="public" signature="getMenuItems() : List&lt;MenuItem&gt;" num="134" count="0" type="method"/>
            <line num="135" count="0" type="stmt"/>
            <line complexity="1" visibility="public" signature="getName() : String" num="141" count="0" type="method"/>
            <line num="142" count="0" type="stmt"/>
            <line complexity="1" visibility="public" signature="getInherit() : String" num="148" count="0" type="method"/>
            <line num="149" count="0" type="stmt"/>
            <line complexity="3" visibility="public" signature="isActive() : boolean" num="155" count="0" type="method"/>
            <line num="156" count="0" type="stmt"/>
            <line num="157" count="0" type="stmt"/>
            <line falsecount="0" truecount="0" num="157" type="cond"/>
            <line num="158" count="0" type="stmt"/>
            <line num="160" count="0" type="stmt"/>
            <line num="161" count="0" type="stmt"/>
            <line num="162" count="0" type="stmt"/>
            <line falsecount="0" truecount="0" num="162" type="cond"/>
            <line num="163" count="0" type="stmt"/>
            <line num="166" count="0" type="stmt"/>
            <line complexity="1" visibility="public" signature="getAlt() : String" num="172" count="0" type="method"/>
            <line num="173" count="0" type="stmt"/>
            <line complexity="1" visibility="public" signature="getBorder() : String" num="179" count="0" type="method"/>
            <line num="180" count="0" type="stmt"/>
            <line complexity="1" visibility="public" signature="getHeight() : String" num="186" count="0" type="method"/>
            <line num="187" count="0" type="stmt"/>
            <line complexity="1" visibility="public" signature="getHref() : String" num="193" count="0" type="method"/>
            <line num="194" count="0" type="stmt"/>
            <line complexity="1" visibility="public" signature="getImage() : String" num="200" count="0" type="method"/>
            <line num="201" count="0" type="stmt"/>
            <line complexity="1" visibility="public" signature="getPosition() : String" num="207" count="0" type="method"/>
            <line num="208" count="0" type="stmt"/>
            <line complexity="1" visibility="public" signature="getTarget() : String" num="214" count="0" type="method"/>
            <line num="215" count="0" type="stmt"/>
            <line complexity="1" visibility="public" signature="getTitle() : String" num="221" count="0" type="method"/>
            <line num="222" count="0" type="stmt"/>
            <line complexity="1" visibility="public" signature="getWidth() : String" num="228" count="0" type="method"/>
            <line num="229" count="0" type="stmt"/>
            <line complexity="1" visibility="public" signature="matches(String,org.apache.maven.doxia.site.decoration.Menu) : boolean" num="242" count="120" type="method"/>
            <line num="244" count="120" type="stmt"/>
            <line num="245" count="120" type="stmt"/>
            <line num="246" count="120" type="stmt"/>
         </file>
         <file path="/Users/devacfr/Development/github/reflow-maven-skin/reflow-velocity-tools/src/main/java/org/devacfr/maven/skins/reflow/model/MenuItem.java" name="MenuItem.java">
            <metrics coveredelements="20" coveredconditionals="1" complexity="19" loc="224" coveredmethods="2" methods="16" elements="62" classes="1" ncloc="100" statements="40" conditionals="6" coveredstatements="17"/>
            <class name="MenuItem">
               <metrics coveredelements="20" coveredconditionals="1" complexity="19" coveredmethods="2" methods="16" elements="62" statements="40" conditionals="6" coveredstatements="17"/>
            </class>
            <line complexity="1" visibility="public" signature="MenuItem(ISkinConfig,org.apache.maven.doxia.site.decoration.MenuItem)" num="83" count="90" type="method"/>
            <line num="84" count="90" type="stmt"/>
            <line num="85" count="90" type="stmt"/>
            <line num="86" count="90" type="stmt"/>
            <line num="87" count="90" type="stmt"/>
            <line num="88" count="90" type="stmt"/>
            <line num="89" count="90" type="stmt"/>
            <line num="90" count="90" type="stmt"/>
            <line num="91" count="90" type="stmt"/>
            <line num="92" count="90" type="stmt"/>
            <line num="93" count="90" type="stmt"/>
            <line num="94" count="90" type="stmt"/>
            <line num="95" count="90" type="stmt"/>
            <line num="96" count="90" type="stmt"/>
            <line num="97" count="90" type="stmt"/>
            <line num="98" count="90" type="stmt"/>
            <line complexity="2" visibility="private" signature="recurciveAddItem(ISkinConfig,List&lt;MenuItem&gt;,List&lt;org.apache.maven.doxia.site.decoration.MenuItem&gt;) : void" num="104" count="90" type="method"/>
            <line num="107" count="90" type="stmt"/>
            <line falsecount="90" truecount="0" num="107" type="cond"/>
            <line num="108" count="0" type="stmt"/>
            <line num="110" count="90" type="stmt"/>
            <line num="111" count="0" type="stmt"/>
            <line complexity="1" visibility="public" signature="getName() : String" num="119" count="0" type="method"/>
            <line num="120" count="0" type="stmt"/>
            <line complexity="1" visibility="public" signature="getMenuItems() : List&lt;MenuItem&gt;" num="126" count="0" type="method"/>
            <line num="127" count="0" type="stmt"/>
            <line complexity="1" visibility="public" signature="getDescription() : String" num="133" count="0" type="method"/>
            <line num="134" count="0" type="stmt"/>
            <line complexity="1" visibility="public" signature="getInherit() : String" num="140" count="0" type="method"/>
            <line num="141" count="0" type="stmt"/>
            <line complexity="3" visibility="public" signature="isActive() : boolean" num="147" count="0" type="method"/>
            <line num="148" count="0" type="stmt"/>
            <line num="149" count="0" type="stmt"/>
            <line falsecount="0" truecount="0" num="149" type="cond"/>
            <line num="150" count="0" type="stmt"/>
            <line num="152" count="0" type="stmt"/>
            <line num="153" count="0" type="stmt"/>
            <line num="154" count="0" type="stmt"/>
            <line falsecount="0" truecount="0" num="154" type="cond"/>
            <line num="155" count="0" type="stmt"/>
            <line num="158" count="0" type="stmt"/>
            <line complexity="1" visibility="public" signature="getAlt() : String" num="164" count="0" type="method"/>
            <line num="165" count="0" type="stmt"/>
            <line complexity="1" visibility="public" signature="getBorder() : String" num="171" count="0" type="method"/>
            <line num="172" count="0" type="stmt"/>
            <line complexity="1" visibility="public" signature="getHeight() : String" num="178" count="0" type="method"/>
            <line num="179" count="0" type="stmt"/>
            <line complexity="1" visibility="public" signature="getHref() : String" num="185" count="0" type="method"/>
            <line num="186" count="0" type="stmt"/>
            <line complexity="1" visibility="public" signature="getImage() : String" num="192" count="0" type="method"/>
            <line num="193" count="0" type="stmt"/>
            <line complexity="1" visibility="public" signature="getPosition() : String" num="199" count="0" type="method"/>
            <line num="200" count="0" type="stmt"/>
            <line complexity="1" visibility="public" signature="getTarget() : String" num="206" count="0" type="method"/>
            <line num="207" count="0" type="stmt"/>
            <line complexity="1" visibility="public" signature="getTitle() : String" num="213" count="0" type="method"/>
            <line num="214" count="0" type="stmt"/>
            <line complexity="1" visibility="public" signature="getWidth() : String" num="220" count="0" type="method"/>
            <line num="221" count="0" type="stmt"/>
         </file>
         <file path="/Users/devacfr/Development/github/reflow-maven-skin/reflow-velocity-tools/src/main/java/org/devacfr/maven/skins/reflow/model/NavSideMenu.java" name="NavSideMenu.java">
            <metrics coveredelements="44" coveredconditionals="9" complexity="19" loc="263" coveredmethods="4" methods="11" elements="78" classes="1" ncloc="121" statements="53" conditionals="14" coveredstatements="31"/>
            <class name="NavSideMenu">
               <metrics coveredelements="44" coveredconditionals="9" complexity="19" coveredmethods="4" methods="11" elements="78" statements="53" conditionals="14" coveredstatements="31"/>
            </class>
            <line complexity="6" visibility="public" signature="findAllSideNavMenuItems(ISkinConfig) : List&lt;SideNavMenuItem&gt;" num="91" count="16" type="method"/>
            <line num="93" count="16" type="stmt"/>
            <line num="94" count="16" type="stmt"/>
            <line num="95" count="16" type="stmt"/>
            <line falsecount="7" truecount="9" num="95" type="cond"/>
            <line num="96" count="9" type="stmt"/>
            <line num="98" count="7" type="stmt"/>
            <line num="99" count="7" type="stmt"/>
            <line num="100" count="7" type="stmt"/>
            <line num="101" count="19" type="stmt"/>
            <line num="102" count="19" type="stmt"/>
            <line falsecount="12" truecount="7" num="102" type="cond"/>
            <line num="105" count="7" type="stmt"/>
            <line num="106" count="7" type="stmt"/>
            <line falsecount="7" truecount="0" num="106" type="cond"/>
            <line num="107" count="0" type="stmt"/>
            <line num="109" count="7" type="stmt"/>
            <line num="110" count="7" type="stmt"/>
            <line falsecount="7" truecount="0" num="110" type="cond"/>
            <line num="111" count="0" type="stmt"/>
            <line num="113" count="7" type="stmt"/>
            <line num="115" count="7" type="stmt"/>
            <line num="118" count="7" type="stmt"/>
[...]
            <line num="49" count="1" type="stmt"/>
            <line num="50" count="1" type="stmt"/>
            <line num="51" count="1" type="stmt"/>
            <line num="52" count="1" type="stmt"/>
            <line num="54" count="0" type="stmt"/>
            <line num="55" count="0" type="stmt"/>
            <line complexity="3" visibility="protected" signature="parseFileToHtml(String) : String" num="60" count="1" type="method"/>
            <line num="61" count="1" type="stmt"/>
            <line num="61" count="1" type="stmt"/>
            <line num="65" count="1" type="stmt"/>
         </file>
      </package>
      <package name="org.devacfr.testing.jupiter">
         <metrics coveredelements="86" complexity="84" loc="1332" methods="74" classes="4" statements="115" coveredconditionals="9" coveredmethods="26" elements="205" ncloc="357" files="4" conditionals="16" coveredstatements="51"/>
         <file path="/Users/devacfr/Development/github/reflow-maven-skin/reflow-velocity-tools/src/test/java/org/devacfr/testing/jupiter/AbstractVelocityTestCase.java" name="AbstractVelocityTestCase.java">
            <metrics coveredelements="0" coveredconditionals="0" complexity="12" loc="134" coveredmethods="0" methods="12" elements="33" classes="1" ncloc="68" statements="21" conditionals="0" coveredstatements="0"/>
            <class name="AbstractVelocityTestCase">
               <metrics coveredelements="0" coveredconditionals="0" complexity="12" coveredmethods="0" methods="12" elements="33" statements="21" conditionals="0" coveredstatements="0"/>
            </class>
            <line complexity="1" visibility="protected" signature="getLog() : Logger" num="45" count="0" type="method"/>
            <line num="46" count="0" type="stmt"/>
            <line complexity="1" visibility="protected" signature="setUp() : void" num="49" count="0" type="method"/>
            <line num="51" count="0" type="stmt"/>
            <line num="52" count="0" type="stmt"/>
            <line num="53" count="0" type="stmt"/>
            <line num="54" count="0" type="stmt"/>
            <line complexity="1" visibility="protected" signature="tearDown() : void" num="57" count="0" type="method"/>
            <line num="59" count="0" type="stmt"/>
            <line num="60" count="0" type="stmt"/>
            <line num="61" count="0" type="stmt"/>
            <line num="62" count="0" type="stmt"/>
            <line complexity="1" visibility="protected" signature="getEngine() : VelocityEngine" num="68" count="0" type="method"/>
            <line num="69" count="0" type="stmt"/>
            <line complexity="1" visibility="protected" signature="setEngine(VelocityEngine) : void" num="76" count="0" type="method"/>
            <line num="77" count="0" type="stmt"/>
            <line complexity="1" visibility="protected" signature="getTemplate() : String" num="83" count="0" type="method"/>
            <line num="84" count="0" type="stmt"/>
            <line complexity="1" visibility="protected" signature="setTemplate(String) : void" num="91" count="0" type="method"/>
            <line num="92" count="0" type="stmt"/>
            <line complexity="1" visibility="protected" signature="getContext() : Context" num="98" count="0" type="method"/>
            <line num="99" count="0" type="stmt"/>
            <line complexity="1" visibility="protected" signature="setContext(Context) : void" num="106" count="0" type="method"/>
            <line num="107" count="0" type="stmt"/>
            <line complexity="1" visibility="protected" signature="getExpected() : String" num="113" count="0" type="method"/>
            <line num="114" count="0" type="stmt"/>
            <line complexity="1" visibility="protected" signature="setExpected(String) : void" num="121" count="0" type="method"/>
            <line num="122" count="0" type="stmt"/>
            <line complexity="1" visibility="protected" signature="assertVelocity() : void" num="125" count="0" type="method"/>
            <line num="127" count="0" type="stmt"/>
            <line num="129" count="0" type="stmt"/>
            <line num="130" count="0" type="stmt"/>
            <line num="132" count="0" type="stmt"/>
         </file>
         <file path="/Users/devacfr/Development/github/reflow-maven-skin/reflow-velocity-tools/src/test/java/org/devacfr/testing/jupiter/MockitoTestCase.java" name="MockitoTestCase.java">
            <metrics coveredelements="5" coveredconditionals="0" complexity="30" loc="896" coveredmethods="3" methods="30" elements="59" classes="1" ncloc="109" statements="29" conditionals="0" coveredstatements="2"/>
            <class name="MockitoTestCase">
               <metrics coveredelements="5" coveredconditionals="0" complexity="30" coveredmethods="3" methods="30" elements="59" statements="29" conditionals="0" coveredstatements="2"/>
            </class>
            <line complexity="1" visibility="public" signature="MockitoTestCase()" num="47" count="20" type="method"/>
            <line complexity="1" visibility="protected" signature="any() : T" num="60" count="0" type="method"/>
            <line num="62" count="0" type="stmt"/>
            <line complexity="1" visibility="protected" signature="eq(T) : T" num="74" count="0" type="method"/>
            <line num="75" count="0" type="stmt"/>
            <line complexity="1" visibility="protected" signature="any(Class&lt;T&gt;) : T" num="87" count="70" type="method"/>
            <line num="88" count="70" type="stmt"/>
            <line complexity="1" visibility="protected" signature="mock(Class&lt;T&gt;) : T" num="100" count="0" type="method"/>
            <line num="101" count="0" type="stmt"/>
            <line complexity="1" visibility="protected" signature="mock(Class&lt;T&gt;,String) : T" num="121" count="0" type="method"/>
            <line num="122" count="0" type="stmt"/>
            <line complexity="1" visibility="protected" signature="mock(Class&lt;T&gt;,Answer&lt;?&gt;) : T" num="147" count="0" type="method"/>
            <line num="148" count="0" type="stmt"/>
            <line complexity="1" visibility="protected" signature="mock(Class&lt;T&gt;,MockSettings) : T" num="177" count="0" type="method"/>
            <line num="178" count="0" type="stmt"/>
            <line complexity="1" visibility="protected" signature="spy(T) : T" num="244" count="0" type="method"/>
            <line num="245" count="0" type="stmt"/>
            <line complexity="1" visibility="protected" signature="when(T) : OngoingStubbing&lt;T&gt;" num="305" count="57" type="method"/>
            <line num="306" count="57" type="stmt"/>
            <line complexity="1" visibility="protected" signature="verify(T) : T" num="338" count="0" type="method"/>
            <line num="339" count="0" type="stmt"/>
            <line complexity="1" visibility="protected" signature="verify(T,VerificationMode) : T" num="366" count="0" type="method"/>
            <line num="367" count="0" type="stmt"/>
            <line complexity="1" visibility="protected" signature="reset(T) : void" num="399" count="0" type="method"/>
            <line num="401" count="0" type="stmt"/>
            <line complexity="1" visibility="protected" signature="verifyNoMoreInteractions(Object) : void" num="443" count="0" type="method"/>
            <line num="444" count="0" type="stmt"/>
            <line complexity="1" visibility="protected" signature="doThrow(Throwable) : Stubber" num="463" count="0" type="method"/>
            <line num="464" count="0" type="stmt"/>
            <line complexity="1" visibility="public" signature="doThrow(Class&lt;? extends Throwable&gt;) : Stubber" num="487" count="0" type="method"/>
            <line num="488" count="0" type="stmt"/>
            <line complexity="1" visibility="protected" signature="doCallRealMethod() : Stubber" num="521" count="0" type="method"/>
            <line num="522" count="0" type="stmt"/>
            <line complexity="1" visibility="protected" signature="doAnswer(Answer&lt;?&gt;) : Stubber" num="550" count="0" type="method"/>
            <line num="551" count="0" type="stmt"/>
            <line complexity="1" visibility="protected" signature="doNothing() : Stubber" num="589" count="0" type="method"/>
            <line num="590" count="0" type="stmt"/>
            <line complexity="1" visibility="protected" signature="doReturn(Object) : Stubber" num="636" count="0" type="method"/>
            <line num="637" count="0" type="stmt"/>
            <line complexity="1" visibility="protected" signature="inOrder(Object) : InOrder" num="667" count="0" type="method"/>
            <line num="668" count="0" type="stmt"/>
            <line complexity="1" visibility="protected" signature="times(int) : VerificationMode" num="684" count="0" type="method"/>
            <line num="685" count="0" type="stmt"/>
            <line complexity="1" visibility="protected" signature="never() : VerificationMode" num="704" count="0" type="method"/>
            <line num="705" count="0" type="stmt"/>
            <line complexity="1" visibility="protected" signature="atLeastOnce() : VerificationMode" num="721" count="0" type="method"/>
            <line num="722" count="0" type="stmt"/>
            <line complexity="1" visibility="protected" signature="atLeast(int) : VerificationMode" num="738" count="0" type="method"/>
            <line num="739" count="0" type="stmt"/>
            <line complexity="1" visibility="protected" signature="atMost(int) : VerificationMode" num="755" count="0" type="method"/>
            <line num="756" count="0" type="stmt"/>
            <line complexity="1" visibility="protected" signature="only() : VerificationMode" num="775" count="0" type="method"/>
            <line num="776" count="0" type="stmt"/>
            <line complexity="1" visibility="protected" signature="timeout(int) : VerificationWithTimeout" num="809" count="0" type="method"/>
            <line num="810" count="0" type="stmt"/>
            <line complexity="1" visibility="protected" signature="validateMockitoUsage() : void" num="860" count="0" type="method"/>
            <line num="861" count="0" type="stmt"/>
            <line complexity="1" visibility="protected" signature="withSettings() : MockSettings" num="892" count="0" type="method"/>
            <line num="893" count="0" type="stmt"/>
         </file>
         <file path="/Users/devacfr/Development/github/reflow-maven-skin/reflow-velocity-tools/src/test/java/org/devacfr/testing/jupiter/PlexusTestCase.java" name="PlexusTestCase.java">
            <metrics coveredelements="59" coveredconditionals="8" complexity="24" loc="156" coveredmethods="13" methods="15" elements="75" classes="1" ncloc="106" statements="46" conditionals="14" coveredstatements="38"/>
            <class name="PlexusTestCase">
               <metrics coveredelements="59" coveredconditionals="8" complexity="24" coveredmethods="13" methods="15" elements="75" statements="46" conditionals="14" coveredstatements="38"/>
            </class>
            <line complexity="1" visibility="public" signature="PlexusTestCase()" num="42" count="1" type="method"/>
            <line complexity="6" visibility="public" signature="setUp() : void" num="45" count="1" type="method"/>
            <line num="47" count="1" type="stmt"/>
            <line num="49" count="1" type="stmt"/>
            <line num="50" count="1" type="stmt"/>
            <line num="52" count="1" type="stmt"/>
            <line falsecount="0" truecount="1" num="52" type="cond"/>
            <line num="53" count="1" type="stmt"/>
            <line num="56" count="0" type="stmt"/>
            <line num="57" count="0" type="stmt"/>
            <line num="58" count="0" type="stmt"/>
            <line num="61" count="1" type="stmt"/>
            <line num="62" count="1" type="stmt"/>
            <line num="63" count="1" type="stmt"/>
            <line num="65" count="1" type="stmt"/>
            <line num="67" count="1" type="stmt"/>
            <line falsecount="0" truecount="1" num="67" type="cond"/>
            <line num="68" count="1" type="stmt"/>
            <line num="69" count="1" type="stmt"/>
            <line falsecount="0" truecount="1" num="69" type="cond"/>
            <line num="70" count="1" type="stmt"/>
            <line num="72" count="1" type="stmt"/>
            <line num="75" count="1" type="stmt"/>
            <line falsecount="1" truecount="0" num="75" type="cond"/>
            <line num="76" count="0" type="stmt"/>
            <line num="78" count="1" type="stmt"/>
            <line num="79" count="1" type="stmt"/>
            <line complexity="1" visibility="public" signature="tearDown() : void" num="82" count="1" type="method"/>
            <line num="84" count="1" type="stmt"/>
            <line num="85" count="1" type="stmt"/>
            <line complexity="1" visibility="protected" signature="createContainerInstance() : PlexusContainer" num="88" count="1" type="method"/>
            <line num="89" count="1" type="stmt"/>
            <line complexity="1" visibility="private" signature="getContext() : Context" num="92" count="3" type="method"/>
            <line num="93" count="3" type="stmt"/>
            <line complexity="1" visibility="protected" signature="customizeContext(Context) : void" num="96" count="1" type="method"/>
            <line complexity="1" visibility="protected" signature="getCustomConfiguration() : InputStream" num="99" count="1" type="method"/>
            <line num="100" count="1" type="stmt"/>
            <line complexity="1" visibility="protected" signature="getContainer() : PlexusContainer" num="103" count="1" type="method"/>
            <line num="104" count="1" type="stmt"/>
            <line complexity="1" visibility="protected" signature="getConfiguration() : InputStream" num="107" count="1" type="method"/>
            <line num="108" count="1" type="stmt"/>
            <line complexity="3" visibility="protected" signature="getConfiguration(String) : InputStream" num="111" count="1" type="method"/>
            <line num="112" count="1" type="stmt"/>
            <line num="114" count="1" type="stmt"/>
            <line num="116" count="1" type="stmt"/>
            <line num="118" count="1" type="stmt"/>
            <line falsecount="0" truecount="1" num="118" type="cond"/>
            <line num="119" count="1" type="stmt"/>
            <line num="121" count="0" type="stmt"/>
            <line num="123" count="1" type="stmt"/>
            <line num="124" count="1" type="stmt"/>
            <line complexity="1" visibility="protected" signature="getResourceAsStream(String) : InputStream" num="127" count="1" type="method"/>
            <line num="128" count="1" type="stmt"/>
            <line complexity="1" visibility="protected" signature="lookup(String,Class&lt;T&gt;) : T" num="131" count="0" type="method"/>
            <line num="133" count="0" type="stmt"/>
            <line complexity="1" visibility="protected" signature="lookup(String,String,Class&lt;T&gt;) : T" num="136" count="1" type="method"/>
            <line num="138" count="1" type="stmt"/>
            <line complexity="1" visibility="protected" signature="release(Object) : void" num="141" count="0" type="method"/>
            <line num="142" count="0" type="stmt"/>
            <line complexity="3" visibility="public" signature="getBasedir() : String" num="145" count="2" type="method"/>
            <line num="146" count="2" type="stmt"/>
            <line falsecount="1" truecount="1" num="146" type="cond"/>
            <line num="147" count="1" type="stmt"/>
            <line num="150" count="1" type="stmt"/>
            <line num="151" count="1" type="stmt"/>
            <line falsecount="1" truecount="0" num="151" type="cond"/>
            <line num="152" count="0" type="stmt"/>
            <line num="154" count="1" type="stmt"/>
         </file>
         <file path="/Users/devacfr/Development/github/reflow-maven-skin/reflow-velocity-tools/src/test/java/org/devacfr/testing/jupiter/TestCase.java" name="TestCase.java">
            <metrics coveredelements="22" coveredconditionals="1" complexity="18" loc="146" coveredmethods="10" methods="17" elements="38" classes="1" ncloc="74" statements="19" conditionals="2" coveredstatements="11"/>
            <class name="TestCase">
               <metrics coveredelements="22" coveredconditionals="1" complexity="18" coveredmethods="10" methods="17" elements="38" statements="19" conditionals="2" coveredstatements="11"/>
            </class>
            <line complexity="1" visibility="public" signature="beforeEachMethod(TestInfo) : void" num="37" count="61" type="method"/>
            <line num="39" count="61" type="stmt"/>
            <line complexity="1" visibility="public" signature="getName() : String" num="42" count="0" type="method"/>
            <line num="43" count="0" type="stmt"/>
            <line complexity="1" visibility="public" signature="getPackagePath() : Path" num="51" count="36" type="method"/>
            <line num="53" count="36" type="stmt"/>
            <line complexity="1" visibility="public" signature="getResource(String) : ByteSource" num="56" count="6" type="method"/>
            <line num="57" count="6" type="stmt"/>
            <line complexity="1" visibility="public" signature="getPackagePath(Class&lt;?&gt;) : String" num="67" count="36" type="method"/>
            <line num="69" count="36" type="stmt"/>
            <line complexity="1" visibility="public" signature="getActualResource() : String" num="72" count="7" type="method"/>
            <line num="73" count="7" type="stmt"/>
            <line complexity="1" visibility="public" signature="getExpectedResource() : String" num="76" count="0" type="method"/>
            <line num="77" count="0" type="stmt"/>
            <line complexity="1" visibility="public" signature="getActualResource(String) : String" num="80" count="3" type="method"/>
            <line num="81" count="3" type="stmt"/>
            <line complexity="1" visibility="public" signature="getExpectedResource(String) : String" num="84" count="1" type="method"/>
            <line num="85" count="1" type="stmt"/>
            <line complexity="1" visibility="public" signature="getExpectedResource(String,Function&lt;String, String&gt;) : String" num="88" count="0" type="method"/>
            <line num="89" count="0" type="stmt"/>
            <line complexity="1" visibility="public" signature="verify() : void" num="93" count="0" type="method"/>
            <line num="94" count="0" type="stmt"/>
            <line complexity="1" visibility="public" signature="verify(String) : void" num="101" count="0" type="method"/>
            <line num="102" count="0" type="stmt"/>
            <line complexity="1" visibility="public" signature="verify(Function&lt;String, String&gt;) : void" num="106" count="1" type="method"/>
            <line num="107" count="1" type="stmt"/>
            <line complexity="1" visibility="public" signature="verify(Function&lt;String, String&gt;,String) : void" num="115" count="14" type="method"/>
            <line num="116" count="14" type="stmt"/>
            <line complexity="1" visibility="public" signature="verify(String,String) : void" num="125" count="0" type="method"/>
            <line num="126" count="0" type="stmt"/>
            <line complexity="1" visibility="public" signature="verify(Path,String) : void" num="135" count="0" type="method"/>
            <line num="136" count="0" type="stmt"/>
            <line complexity="2" visibility="private" signature="getMethodName() : String" num="139" count="26" type="method"/>
            <line num="140" count="26" type="stmt"/>
            <line falsecount="26" truecount="0" num="140" type="cond"/>
            <line num="141" count="0" type="stmt"/>
            <line num="143" count="26" type="stmt"/>
         </file>
      </package>
   </testproject>
</coverage>