<?xml version="1.0" encoding="UTF-8"?>
<coverage generated="1570176816888" clover="4.3.1">
   <project name="Reflow Maven Skin Parent 2.1.0" timestamp="1570176776238">
      <metrics coveredelements="1130" complexity="407" loc="5176" methods="224" classes="30" statements="990" packages="3" coveredconditionals="197" coveredmethods="151" elements="1530" ncloc="2219" files="22" conditionals="316" coveredstatements="782"/>
      <package name="org.devacfr.maven.skins.reflow">
         <metrics coveredelements="717" complexity="219" loc="2756" methods="91" classes="11" statements="579" coveredconditionals="143" coveredmethods="81" elements="896" ncloc="1194" files="5" conditionals="226" coveredstatements="493"/>
         <file path="/Users/devacfr/Development/github/reflow-maven-skin/reflow-velocity-tools/src/main/java/org/devacfr/maven/skins/reflow/HtmlTool.java" name="HtmlTool.java">
            <metrics coveredelements="406" coveredconditionals="64" complexity="103" loc="1432" coveredmethods="45" methods="46" elements="476" classes="6" ncloc="611" statements="330" conditionals="100" coveredstatements="297"/>
            <class name="HtmlTool">
               <metrics coveredelements="384" coveredconditionals="64" complexity="94" coveredmethods="36" methods="37" elements="454" statements="317" conditionals="100" coveredstatements="284"/>
            </class>
            <class name="HtmlTool.JoinSeparator">
               <metrics coveredelements="0" coveredconditionals="0" complexity="0" coveredmethods="0" methods="0" elements="0" statements="0" conditionals="0" coveredstatements="0"/>
            </class>
            <class name="HtmlTool.ExtractResult">
               <metrics coveredelements="0" coveredconditionals="0" complexity="0" coveredmethods="0" methods="0" elements="0" statements="0" conditionals="0" coveredstatements="0"/>
            </class>
            <class name="HtmlTool.DefaultExtractResult">
               <metrics coveredelements="7" coveredconditionals="0" complexity="3" coveredmethods="3" methods="3" elements="7" statements="4" conditionals="0" coveredstatements="4"/>
            </class>
            <class name="HtmlTool.HeadingItem">
               <metrics coveredelements="15" coveredconditionals="0" complexity="6" coveredmethods="6" methods="6" elements="15" statements="9" conditionals="0" coveredstatements="9"/>
            </class>
            <class name="HtmlTool.IdElement">
               <metrics coveredelements="0" coveredconditionals="0" complexity="0" coveredmethods="0" methods="0" elements="0" statements="0" conditionals="0" coveredstatements="0"/>
            </class>
            <line complexity="3" visibility="protected" signature="configure(ValueParser) : void" num="97" count="21" type="method"/>
            <line num="101" count="21" type="stmt"/>
            <line num="103" count="21" type="stmt"/>
            <line falsecount="21" truecount="0" num="103" type="cond"/>
            <line num="104" count="0" type="stmt"/>
            <line num="107" count="21" type="stmt"/>
            <line num="110" count="21" type="stmt"/>
            <line num="111" count="21" type="stmt"/>
            <line falsecount="21" truecount="0" num="111" type="cond"/>
            <line num="112" count="0" type="stmt"/>
            <line complexity="1" visibility="public" signature="split(String,String) : List&lt;String&gt;" num="128" count="4" type="method"/>
            <line num="129" count="4" type="stmt"/>
            <line complexity="3" visibility="public" signature="splitOnStarts(String,String) : List&lt;String&gt;" num="149" count="1" type="method"/>
            <line num="151" count="1" type="stmt"/>
            <line num="153" count="1" type="stmt"/>
            <line falsecount="1" truecount="0" num="153" type="cond"/>
            <line num="155" count="0" type="stmt"/>
            <line num="161" count="1" type="stmt"/>
            <line complexity="3" visibility="public" signature="split(String,String,String) : List&lt;String&gt;" num="178" count="3" type="method"/>
            <line num="180" count="3" type="stmt"/>
            <line num="181" count="3" type="stmt"/>
            <line falsecount="2" truecount="1" num="181" type="cond"/>
            <line num="182" count="1" type="stmt"/>
            <line num="183" count="2" type="stmt"/>
            <line falsecount="1" truecount="1" num="183" type="cond"/>
            <line num="184" count="1" type="stmt"/>
            <line num="186" count="1" type="stmt"/>
            <line num="189" count="3" type="stmt"/>
            <line complexity="3" visibility="public" signature="split(String,String,JoinSeparator) : List&lt;String&gt;" num="210" count="11" type="method"/>
            <line num="214" count="11" type="stmt"/>
            <line num="215" count="11" type="stmt"/>
            <line num="217" count="11" type="stmt"/>
            <line num="218" count="11" type="stmt"/>
            <line falsecount="2" truecount="9" num="218" type="cond"/>
            <line num="219" count="9" type="stmt"/>
            <line num="221" count="9" type="stmt"/>
            <line num="223" count="9" type="stmt"/>
            <line num="224" count="19" type="stmt"/>
            <line num="225" count="19" type="stmt"/>
            <line falsecount="1" truecount="18" num="225" type="cond"/>
            <line num="226" count="18" type="stmt"/>
            <line num="230" count="9" type="stmt"/>
            <line num="233" count="2" type="stmt"/>
            <line complexity="5" visibility="private" signature="split(Collection&lt;Element&gt;,JoinSeparator,Element) : List&lt;List&lt;Element&gt;&gt;" num="248" count="28" type="method"/>
            <line num="252" count="28" type="stmt"/>
            <line num="254" count="28" type="stmt"/>
            <line num="256" count="29" type="stmt"/>
            <line falsecount="19" truecount="10" num="256" type="cond"/>
            <line num="261" count="10" type="stmt"/>
            <line num="263" count="10" type="stmt"/>
            <line falsecount="8" truecount="2" num="263" type="cond"/>
            <line num="265" count="2" type="stmt"/>
            <line num="269" count="10" type="stmt"/>
            <line num="270" count="10" type="stmt"/>
            <line num="272" count="10" type="stmt"/>
            <line falsecount="7" truecount="3" num="272" type="cond"/>
            <line num="274" count="3" type="stmt"/>
            <line num="279" count="19" type="stmt"/>
            <line num="282" count="19" type="stmt"/>
            <line num="284" count="19" type="stmt"/>
            <line falsecount="17" truecount="2" num="284" type="cond"/>
            <line num="289" count="2" type="stmt"/>
            <line num="290" count="2" type="stmt"/>
            <line num="292" count="2" type="stmt"/>
            <line num="293" count="2" type="stmt"/>
            <line num="294" count="2" type="stmt"/>
            <line num="298" count="2" type="stmt"/>
            <line num="299" count="2" type="stmt"/>
            <line num="305" count="28" type="stmt"/>
            <line complexity="2" visibility="private" signature="getLastPartition(List&lt;List&lt;Element&gt;&gt;) : List&lt;Element&gt;" num="314" count="31" type="method"/>
            <line num="315" count="31" type="stmt"/>
            <line falsecount="20" truecount="11" num="315" type="cond"/>
            <line num="316" count="11" type="stmt"/>
            <line num="317" count="11" type="stmt"/>
            <line num="318" count="11" type="stmt"/>
            <line num="320" count="20" type="stmt"/>
            <line complexity="3" visibility="private" signature="outerHtml(List&lt;Element&gt;) : String" num="330" count="37" type="method"/>
            <line num="332" count="37" type="stmt"/>
            <line num="333" count="1" type="stmt"/>
            <line num="334" count="1" type="stmt"/>
            <line num="336" count="24" type="stmt"/>
            <line num="337" count="24" type="stmt"/>
            <line num="339" count="12" type="stmt"/>
            <line num="342" count="12" type="stmt"/>
            <line num="343" count="12" type="stmt"/>
            <line num="344" count="24" type="stmt"/>
            <line num="347" count="12" type="stmt"/>
            <line complexity="1" visibility="public" signature="reorderToTop(String,String,int) : String" num="364" count="0" type="method"/>
            <line num="365" count="0" type="stmt"/>
            <line complexity="4" visibility="public" signature="reorderToTop(String,String,int,String) : String" num="383" count="1" type="method"/>
            <line num="389" count="1" type="stmt"/>
            <line num="391" count="1" type="stmt"/>
            <line falsecount="0" truecount="1" num="391" type="cond"/>
            <line num="393" count="1" type="stmt"/>
            <line num="395" count="1" type="stmt"/>
            <line falsecount="0" truecount="1" num="395" type="cond"/>
            <line num="396" count="1" type="stmt"/>
            <line num="399" count="1" type="stmt"/>
            <line num="403" count="1" type="stmt"/>
            <line falsecount="1" truecount="1" num="403" type="cond"/>
            <line num="404" count="1" type="stmt"/>
            <line num="407" count="1" type="stmt"/>
            <line num="410" count="0" type="stmt"/>
            <line complexity="1" visibility="private" signature="wrapInner(Element,String) : Element" num="414" count="1" type="method"/>
            <line num="418" count="1" type="stmt"/>
            <line num="419" count="1" type="stmt"/>
            <line num="421" count="1" type="stmt"/>
            <line num="422" count="1" type="stmt"/>
            <line num="426" count="1" type="stmt"/>
            <line num="429" count="1" type="stmt"/>
            <line num="431" count="1" type="stmt"/>
            <line num="433" count="1" type="stmt"/>
            <line complexity="3" visibility="private" signature="extractElements(String,String,int) : List&lt;Element&gt;" num="445" count="2" type="method"/>
            <line num="447" count="2" type="stmt"/>
            <line num="449" count="2" type="stmt"/>
            <line num="450" count="2" type="stmt"/>
            <line falsecount="0" truecount="2" num="450" type="cond"/>
            <line num="452" count="2" type="stmt"/>
            <line num="454" count="2" type="stmt"/>
            <line falsecount="0" truecount="2" num="454" type="cond"/>
            <line num="456" count="2" type="stmt"/>
            <line num="460" count="2" type="stmt"/>
            <line num="461" count="4" type="stmt"/>
            <line num="465" count="2" type="stmt"/>
            <line num="467" count="2" type="stmt"/>
            <line num="468" count="2" type="stmt"/>
            <line num="469" count="2" type="stmt"/>
            <line complexity="2" visibility="private" signature="filterParents(List&lt;Element&gt;) : List&lt;Element&gt;" num="479" count="2" type="method"/>
            <line num="480" count="2" type="stmt"/>
            <line num="481" count="2" type="stmt"/>
            <line num="483" count="6" type="stmt"/>
            <line num="484" count="6" type="stmt"/>
            <line num="485" count="6" type="stmt"/>
            <line falsecount="2" truecount="4" num="485" type="cond"/>
            <line num="487" count="4" type="stmt"/>
            <line num="491" count="2" type="stmt"/>
            <line complexity="2" visibility="public" signature="extract(String,String,int) : ExtractResult" num="509" count="1" type="method"/>
            <line num="512" count="1" type="stmt"/>
            <line num="514" count="1" type="stmt"/>
            <line falsecount="0" truecount="1" num="514" type="cond"/>
            <line num="517" count="1" type="stmt"/>
            <line num="518" count="1" type="stmt"/>
            <line num="521" count="1" type="stmt"/>
            <line num="522" count="1" type="stmt"/>
            <line num="523" count="3" type="stmt"/>
            <line num="526" count="1" type="stmt"/>
            <line num="529" count="0" type="stmt"/>
            <line complexity="1" visibility="private" signature="DefaultExtractResult(List&lt;String&gt;,String)" num="568" count="1" type="method"/>
            <line num="569" count="1" type="stmt"/>
            <line num="570" count="1" type="stmt"/>
            <line complexity="1" visibility="public" signature="getExtracted() : List&lt;String&gt;" num="573" count="1" type="method"/>
            <line num="575" count="1" type="stmt"/>
            <line complexity="1" visibility="public" signature="getRemainder() : String" num="578" count="1" type="method"/>
            <line num="580" count="1" type="stmt"/>
            <line complexity="2" visibility="public" signature="setAttr(String,String,String,String) : String" num="598" count="1" type="method"/>
            <line num="600" count="1" type="stmt"/>
            <line num="602" count="1" type="stmt"/>
            <line num="603" count="1" type="stmt"/>
            <line falsecount="0" truecount="1" num="603" type="cond"/>
            <line num="605" count="1" type="stmt"/>
            <line num="606" count="1" type="stmt"/>
            <line num="609" count="1" type="stmt"/>
            <line num="612" count="0" type="stmt"/>
            <line complexity="1" visibility="private" signature="parseContent(String) : Element" num="623" count="28" type="method"/>
            <line num="624" count="28" type="stmt"/>
            <line num="625" count="28" type="stmt"/>
            <line num="626" count="28" type="stmt"/>
            <line complexity="1" visibility="public" signature="getAttr(String,String,String) : List&lt;String&gt;" num="642" count="1" type="method"/>
            <line num="644" count="1" type="stmt"/>
            <line num="646" count="1" type="stmt"/>
            <line num="647" count="1" type="stmt"/>
            <line num="649" count="1" type="stmt"/>
            <line num="650" count="1" type="stmt"/>
            <line num="651" count="1" type="stmt"/>
            <line num="654" count="1" type="stmt"/>
            <line complexity="3" visibility="public" signature="addClass(String,String,List&lt;String&gt;,int) : String" num="671" count="1" type="method"/>
            <line num="676" count="1" type="stmt"/>
            <line num="678" count="1" type="stmt"/>
            <line num="679" count="1" type="stmt"/>
            <line falsecount="1" truecount="0" num="679" type="cond"/>
            <line num="681" count="0" type="stmt"/>
            <line num="684" count="1" type="stmt"/>
            <line falsecount="0" truecount="1" num="684" type="cond"/>
            <line num="686" count="1" type="stmt"/>
            <line num="687" count="1" type="stmt"/>
            <line num="688" count="1" type="stmt"/>
            <line num="692" count="1" type="stmt"/>
            <line num="695" count="0" type="stmt"/>
            <line complexity="1" visibility="public" signature="addClass(String,String,List&lt;String&gt;) : String" num="711" count="1" type="method"/>
            <line num="712" count="1" type="stmt"/>
            <line complexity="1" visibility="public" signature="addClass(String,String,String) : String" num="727" count="1" type="method"/>
            <line num="728" count="1" type="stmt"/>
            <line complexity="3" visibility="public" signature="wrap(String,String,String,int) : String" num="745" count="1" type="method"/>
            <line num="747" count="1" type="stmt"/>
            <line num="749" count="1" type="stmt"/>
            <line num="750" count="1" type="stmt"/>
            <line falsecount="0" truecount="1" num="750" type="cond"/>
            <line num="752" count="1" type="stmt"/>
            <line num="755" count="1" type="stmt"/>
            <line falsecount="0" truecount="1" num="755" type="cond"/>
            <line num="757" count="1" type="stmt"/>
            <line num="758" count="1" type="stmt"/>
            <line num="761" count="1" type="stmt"/>
            <line num="764" count="0" type="stmt"/>
            <line complexity="2" visibility="public" signature="remove(String,String) : String" num="778" count="1" type="method"/>
            <line num="780" count="1" type="stmt"/>
            <line num="782" count="1" type="stmt"/>
            <line num="783" count="1" type="stmt"/>
            <line falsecount="0" truecount="1" num="783" type="cond"/>
            <line num="784" count="1" type="stmt"/>
            <line num="785" count="1" type="stmt"/>
            <line num="788" count="1" type="stmt"/>
            <line num="791" count="0" type="stmt"/>
            <line complexity="1" visibility="public" signature="replace(String,String,String) : String" num="807" count="1" type="method"/>
            <line num="808" count="1" type="stmt"/>
            <line complexity="4" visibility="public" signature="replaceAll(String,Map&lt;String, String&gt;) : String" num="822" count="1" type="method"/>
            <line num="824" count="1" type="stmt"/>
            <line num="826" count="1" type="stmt"/>
            <line num="827" count="1" type="stmt"/>
            <line num="828" count="1" type="stmt"/>
            <line num="829" count="1" type="stmt"/>
            <line num="831" count="1" type="stmt"/>
            <line num="832" count="1" type="stmt"/>
            <line falsecount="0" truecount="1" num="832" type="cond"/>
            <line num="835" count="1" type="stmt"/>
            <line num="837" count="1" type="stmt"/>
            <line falsecount="0" truecount="1" num="837" type="cond"/>
            <line num="838" count="1" type="stmt"/>
            <line num="839" count="1" type="stmt"/>
            <line num="842" count="1" type="stmt"/>
            <line num="847" count="1" type="stmt"/>
            <line falsecount="0" truecount="1" num="847" type="cond"/>
            <line num="848" count="1" type="stmt"/>
            <line num="851" count="0" type="stmt"/>
            <line complexity="4" visibility="public" signature="replaceWith(String,String,String) : String" num="868" count="1" type="method"/>
            <line num="870" count="1" type="stmt"/>
            <line num="872" count="1" type="stmt"/>
            <line num="873" count="1" type="stmt"/>
            <line num="874" count="1" type="stmt"/>
            <line falsecount="0" truecount="1" num="874" type="cond"/>
            <line num="877" count="1" type="stmt"/>
            <line num="879" count="1" type="stmt"/>
            <line falsecount="0" truecount="1" num="879" type="cond"/>
            <line num="880" count="1" type="stmt"/>
            <line num="881" count="1" type="stmt"/>
            <line num="882" count="1" type="stmt"/>
            <line num="883" count="1" type="stmt"/>
            <line num="884" count="1" type="stmt"/>
            <line num="886" count="1" type="stmt"/>
            <line num="889" count="1" type="stmt"/>
            <line num="893" count="1" type="stmt"/>
            <line falsecount="0" truecount="1" num="893" type="cond"/>
            <line num="894" count="1" type="stmt"/>
            <line num="897" count="0" type="stmt"/>
            <line complexity="1" visibility="public" signature="text(String,String) : List&lt;String&gt;" num="912" count="1" type="method"/>
            <line num="914" count="1" type="stmt"/>
            <line num="916" count="1" type="stmt"/>
            <line num="917" count="1" type="stmt"/>
            <line num="919" count="1" type="stmt"/>
            <line num="920" count="1" type="stmt"/>
            <line num="923" count="1" type="stmt"/>
            <line complexity="5" visibility="public" signature="headingAnchorToId(String) : String" num="947" count="1" type="method"/>
            <line num="949" count="1" type="stmt"/>
            <line num="952" count="1" type="stmt"/>
            <line num="955" count="1" type="stmt"/>
            <line num="958" count="1" type="stmt"/>
            <line num="961" count="1" type="stmt"/>
            <line num="962" count="1" type="stmt"/>
            <line num="963" count="3" type="stmt"/>
            <line num="965" count="3" type="stmt"/>
            <line falsecount="0" truecount="3" num="965" type="cond"/>
            <line num="966" count="3" type="stmt"/>
            <line num="967" count="3" type="stmt"/>
            <line num="972" count="1" type="stmt"/>
            <line num="974" count="1" type="stmt"/>
            <line num="975" count="0" type="stmt"/>
            <line num="976" count="0" type="stmt"/>
            <line falsecount="0" truecount="0" num="976" type="cond"/>
            <line num="977" count="0" type="stmt"/>
            <line num="978" count="0" type="stmt"/>
            <line num="985" count="1" type="stmt"/>
            <line num="987" count="1" type="stmt"/>
            <line num="988" count="0" type="stmt"/>
            <line num="989" count="0" type="stmt"/>
            <line falsecount="0" truecount="0" num="989" type="cond"/>
            <line num="990" count="0" type="stmt"/>
            <line num="991" count="0" type="stmt"/>
            <line num="995" count="1" type="stmt"/>
            <line falsecount="0" truecount="1" num="995" type="cond"/>
            <line num="996" count="1" type="stmt"/>
            <line num="999" count="0" type="stmt"/>
            <line complexity="4" visibility="private" signature="anchorToId(Element,Element) : void" num="1009" count="3" type="method"/>
            <line num="1011" count="3" type="stmt"/>
            <line falsecount="0" truecount="3" num="1011" type="cond"/>
            <line num="1012" count="3" type="stmt"/>
            <line num="1013" count="3" type="stmt"/>
            <line falsecount="0" truecount="3" num="1013" type="cond"/>
            <line num="1015" count="3" type="stmt"/>
            <line num="1018" count="3" type="stmt"/>
            <line complexity="2" visibility="public" signature="concat(List&lt;String&gt;,String,boolean) : List&lt;String&gt;" num="1035" count="9" type="method"/>
            <line num="1036" count="9" type="stmt"/>
            <line num="1038" count="9" type="stmt"/>
            <line num="1039" count="54" type="stmt"/>
            <line falsecount="6" truecount="48" num="1039" type="cond"/>
            <line num="1042" count="9" type="stmt"/>
            <line complexity="6" visibility="public" signature="ensureHeadingIds(String,String,String,String) : String" num="1068" count="2" type="method"/>
            <line num="1072" count="2" type="stmt"/>
            <line num="1074" count="2" type="stmt"/>
            <line num="1077" count="2" type="stmt"/>
            <line falsecount="2" truecount="0" num="1077" type="cond"/>
            <line num="1078" count="0" type="stmt"/>
            <line num="1082" count="2" type="stmt"/>
            <line num="1084" count="2" type="stmt"/>
            <line num="1085" count="2" type="stmt"/>
            <line num="1086" count="2" type="stmt"/>
            <line num="1089" count="0" type="stmt"/>
            <line num="1090" count="0" type="stmt"/>
            <line num="1091" count="0" type="stmt"/>
            <line num="1093" count="0" type="stmt"/>
            <line num="1096" count="2" type="stmt"/>
            <line num="1099" count="2" type="stmt"/>
            <line num="1101" count="2" type="stmt"/>
            <line falsecount="0" truecount="2" num="1101" type="cond"/>
            <line num="1102" count="2" type="stmt"/>
            <line num="1104" count="6" type="stmt"/>
            <line num="1105" count="6" type="stmt"/>
            <line num="1107" count="6" type="stmt"/>
            <line falsecount="6" truecount="0" num="1107" type="cond"/>
            <line num="1108" count="0" type="stmt"/>
            <line num="1110" count="6" type="stmt"/>
            <line num="1112" count="6" type="stmt"/>
            <line num="1117" count="2" type="stmt"/>
            <line num="1119" count="2" type="stmt"/>
            <line num="1121" count="2" type="stmt"/>
            <line num="1122" count="6" type="stmt"/>
            <line num="1123" count="6" type="stmt"/>
            <line num="1125" count="6" type="stmt"/>
            <line falsecount="6" truecount="0" num="1125" type="cond"/>
            <line num="1126" count="0" type="stmt"/>
            <line num="1128" count="6" type="stmt"/>
            <line num="1130" count="6" type="stmt"/>
            <line num="1133" count="2" type="stmt"/>
            <line complexity="3" visibility="private" signature="generateUniqueId(String,String,Set&lt;String&gt;,String) : String" num="1149" count="12" type="method"/>
            <line num="1153" count="12" type="stmt"/>
            <line num="1154" count="12" type="stmt"/>
            <line num="1155" count="12" type="stmt"/>
            <line falsecount="12" truecount="6" num="1155" type="cond"/>
            <line num="1156" count="6" type="stmt"/>
            <line num="1160" count="12" type="stmt"/>
            <line num="1161" count="12" type="stmt"/>
            <line num="1162" count="12" type="stmt"/>
            <line falsecount="12" truecount="0" num="1162" type="cond"/>
            <line num="1163" count="0" type="stmt"/>
            <line num="1165" count="12" type="stmt"/>
            <line complexity="2" visibility="public" signature="fixTableHeads(String) : String" num="1178" count="1" type="method"/>
            <line num="1180" count="1" type="stmt"/>
            <line num="1182" count="1" type="stmt"/>
            <line num="1184" count="1" type="stmt"/>
            <line num="1186" count="4" type="stmt"/>
            <line num="1188" count="4" type="stmt"/>
            <line falsecount="1" truecount="3" num="1188" type="cond"/>
            <line num="1190" count="3" type="stmt"/>
            <line num="1193" count="3" type="stmt"/>
            <line num="1196" count="3" type="stmt"/>
            <line num="1197" count="3" type="stmt"/>
            <line num="1199" count="3" type="stmt"/>
            <line num="1204" count="1" type="stmt"/>
            <line complexity="1" visibility="public" signature="slug(String,String) : String" num="1226" count="48" type="method"/>
            <line num="1227" count="48" type="stmt"/>
            <line num="1228" count="48" type="stmt"/>
            <line complexity="1" visibility="public" signature="slug(String) : String" num="1240" count="36" type="method"/>
            <line num="1241" count="36" type="stmt"/>
            <line complexity="1" visibility="private" signature="adaptSlug(String,String) : String" num="1251" count="48" type="method"/>
            <line num="1252" count="48" type="stmt"/>
            <line num="1253" count="48" type="stmt"/>
            <line num="1254" count="48" type="stmt"/>
            <line complexity="6" visibility="public" signature="headingTree(String,List&lt;String&gt;) : List&lt;? extends IdElement&gt;" num="1273" count="1" type="method"/>
            <line num="1275" count="1" type="stmt"/>
            <line num="1276" count="1" type="stmt"/>
            <line num="1277" count="1" type="stmt"/>
            <line num="1279" count="1" type="stmt"/>
            <line num="1280" count="1" type="stmt"/>
            <line num="1281" count="1" type="stmt"/>
            <line falsecount="1" truecount="0" num="1281" type="cond"/>
            <line num="1284" count="1" type="stmt"/>
            <line falsecount="1" truecount="0" num="1284" type="cond"/>
            <line num="1285" count="0" type="stmt"/>
            <line num="1287" count="1" type="stmt"/>
            <line num="1289" count="1" type="stmt"/>
            <line num="1290" count="1" type="stmt"/>
            <line num="1291" count="3" type="stmt"/>
            <line num="1296" count="1" type="stmt"/>
            <line num="1297" count="1" type="stmt"/>
            <line num="1299" count="1" type="stmt"/>
            <line num="1301" count="3" type="stmt"/>
            <line falsecount="3" truecount="1" num="1301" type="cond"/>
            <line num="1302" count="1" type="stmt"/>
            <line num="1305" count="3" type="stmt"/>
            <line falsecount="2" truecount="1" num="1305" type="cond"/>
            <line num="1307" count="1" type="stmt"/>
            <line num="1310" count="2" type="stmt"/>
            <line num="1314" count="3" type="stmt"/>
            <line num="1317" count="1" type="stmt"/>
            <line complexity="3" visibility="private" signature="headingIndex(Element) : int" num="1326" count="3" type="method"/>
            <line num="1327" count="3" type="stmt"/>
            <line num="1328" count="3" type="stmt"/>
            <line falsecount="0" truecount="3" num="1328" type="cond"/>
            <line num="1329" count="3" type="stmt"/>
            <line num="1330" count="3" type="stmt"/>
            <line num="1332" count="0" type="stmt"/>
            <line num="1335" count="0" type="stmt"/>
            <line complexity="1" visibility="private" signature="HeadingItem(String,String,String,int)" num="1359" count="3" type="method"/>
            <line num="1360" count="3" type="stmt"/>
            <line num="1361" count="3" type="stmt"/>
            <line num="1362" count="3" type="stmt"/>
            <line num="1363" count="3" type="stmt"/>
            <line complexity="1" visibility="public" signature="getId() : String" num="1366" count="3" type="method"/>
            <line num="1368" count="3" type="stmt"/>
            <line complexity="1" visibility="public" signature="getTagName() : String" num="1371" count="1" type="method"/>
            <line num="1373" count="1" type="stmt"/>
            <line complexity="1" visibility="public" signature="getText() : String" num="1376" count="1" type="method"/>
            <line num="1378" count="1" type="stmt"/>
            <line complexity="1" visibility="public" signature="getItems() : List&lt;HeadingItem&gt;" num="1381" count="2" type="method"/>
            <line num="1383" count="2" type="stmt"/>
            <line complexity="1" visibility="public" signature="getHeadingLevel() : int" num="1386" count="3" type="method"/>
            <line num="1388" count="3" type="stmt"/>
         </file>
         <file path="/Users/devacfr/Development/github/reflow-maven-skin/reflow-velocity-tools/src/main/java/org/devacfr/maven/skins/reflow/ISkinConfig.java" name="ISkinConfig.java">
            <metrics coveredelements="0" coveredconditionals="0" complexity="0" loc="231" coveredmethods="0" methods="0" elements="0" classes="1" ncloc="48" statements="0" conditionals="0" coveredstatements="0"/>
            <class name="ISkinConfig">
               <metrics coveredelements="0" coveredconditionals="0" complexity="0" coveredmethods="0" methods="0" elements="0" statements="0" conditionals="0" coveredstatements="0"/>
            </class>
         </file>
         <file path="/Users/devacfr/Development/github/reflow-maven-skin/reflow-velocity-tools/src/main/java/org/devacfr/maven/skins/reflow/SkinConfigTool.java" name="SkinConfigTool.java">
            <metrics coveredelements="237" coveredconditionals="58" complexity="90" loc="786" coveredmethods="25" methods="33" elements="342" classes="1" ncloc="414" statements="205" conditionals="104" coveredstatements="154"/>
            <class name="SkinConfigTool">
               <metrics coveredelements="237" coveredconditionals="58" complexity="90" coveredmethods="25" methods="33" elements="342" statements="205" conditionals="104" coveredstatements="154"/>
            </class>
            <line complexity="18" visibility="protected" signature="configure(ValueParser) : void" num="135" count="6" type="method"/>
            <line num="137" count="6" type="stmt"/>
            <line num="138" count="6" type="stmt"/>
            <line falsecount="6" truecount="0" num="138" type="cond"/>
            <line num="139" count="0" type="stmt"/>
            <line num="143" count="6" type="stmt"/>
            <line num="144" count="6" type="stmt"/>
            <line falsecount="6" truecount="0" num="144" type="cond"/>
            <line num="145" count="0" type="stmt"/>
            <line num="149" count="6" type="stmt"/>
            <line num="151" count="6" type="stmt"/>
            <line falsecount="6" truecount="0" num="151" type="cond"/>
            <line num="152" count="0" type="stmt"/>
            <line num="155" count="6" type="stmt"/>
            <line num="157" count="6" type="stmt"/>
            <line num="158" count="6" type="stmt"/>
            <line falsecount="0" truecount="6" num="158" type="cond"/>
            <line num="159" count="6" type="stmt"/>
            <line num="160" count="6" type="stmt"/>
            <line num="162" count="6" type="stmt"/>
            <line num="166" count="6" type="stmt"/>
            <line num="167" count="6" type="stmt"/>
            <line num="169" count="6" type="stmt"/>
            <line num="171" count="6" type="stmt"/>
            <line falsecount="6" truecount="0" num="171" type="cond"/>
            <line num="172" count="0" type="stmt"/>
            <line num="175" count="6" type="stmt"/>
            <line num="176" count="6" type="stmt"/>
            <line num="178" count="6" type="stmt"/>
            <line falsecount="6" truecount="0" num="178" type="cond"/>
            <line num="179" count="0" type="stmt"/>
            <line num="184" count="6" type="stmt"/>
            <line num="185" count="6" type="stmt"/>
            <line num="186" count="6" type="stmt"/>
            <line num="188" count="6" type="stmt"/>
            <line falsecount="6" truecount="0" num="188" type="cond"/>
            <line num="190" count="0" type="stmt"/>
            <line num="191" count="0" type="stmt"/>
            <line falsecount="0" truecount="0" num="191" type="cond"/>
            <line num="192" count="0" type="stmt"/>
            <line num="193" count="0" type="stmt"/>
            <line num="198" count="6" type="stmt"/>
            <line falsecount="0" truecount="6" num="198" type="cond"/>
            <line num="199" count="6" type="stmt"/>
            <line num="201" count="6" type="stmt"/>
            <line falsecount="6" truecount="0" num="201" type="cond"/>
            <line num="203" count="0" type="stmt"/>
            <line num="208" count="6" type="stmt"/>
            <line num="209" count="6" type="stmt"/>
            <line falsecount="0" truecount="6" num="209" type="cond"/>
            <line num="212" count="6" type="stmt"/>
            <line num="217" count="6" type="stmt"/>
            <line falsecount="0" truecount="6" num="217" type="cond"/>
            <line num="218" count="6" type="stmt"/>
            <line num="219" count="6" type="stmt"/>
            <line falsecount="6" truecount="0" num="219" type="cond"/>
            <line num="221" count="0" type="stmt"/>
            <line num="225" count="6" type="stmt"/>
            <line falsecount="0" truecount="6" num="225" type="cond"/>
            <line num="226" count="6" type="stmt"/>
            <line num="232" count="6" type="stmt"/>
            <line num="234" count="6" type="stmt"/>
            <line num="236" count="6" type="stmt"/>
            <line num="238" count="6" type="stmt"/>
            <line falsecount="0" truecount="6" num="238" type="cond"/>
            <line num="239" count="6" type="stmt"/>
            <line num="240" count="6" type="stmt"/>
            <line num="241" count="6" type="stmt"/>
            <line num="242" count="6" type="stmt"/>
            <line num="243" count="6" type="stmt"/>
            <line num="244" count="6" type="stmt"/>
            <line complexity="1" visibility="protected" signature="setKey(String) : void" num="255" count="0" type="method"/>
            <line num="256" count="0" type="stmt"/>
            <line complexity="1" visibility="public" signature="getKey() : String" num="263" count="0" type="method"/>
            <line num="264" count="0" type="stmt"/>
            <line complexity="2" visibility="public" signature="getContextValue(String,Class&lt;T&gt;) : T" num="270" count="0" type="method"/>
            <line num="273" count="0" type="stmt"/>
            <line num="274" count="0" type="stmt"/>
            <line falsecount="0" truecount="0" num="274" type="cond"/>
            <line num="275" count="0" type="stmt"/>
            <line num="277" count="0" type="stmt"/>
            <line complexity="2" visibility="public" signature="setContextValue(String,Object) : void" num="284" count="0" type="method"/>
            <line num="286" count="0" type="stmt"/>
            <line num="287" count="0" type="stmt"/>
            <line falsecount="0" truecount="0" num="287" type="cond"/>
            <line num="288" count="0" type="stmt"/>
            <line num="290" count="0" type="stmt"/>
            <line complexity="1" visibility="public" signature="getToolbox(String,Class&lt;T&gt;) : T" num="297" count="0" type="method"/>
            <line num="301" count="0" type="stmt"/>
            <line num="302" count="0" type="stmt"/>
            <line complexity="2" visibility="public" signature="get(String) : Xpp3Dom" num="308" count="229" type="method"/>
            <line num="311" count="229" type="stmt"/>
            <line num="313" count="229" type="stmt"/>
            <line num="314" count="229" type="stmt"/>
            <line falsecount="6" truecount="223" num="314" type="cond"/>
            <line num="316" count="223" type="stmt"/>
            <line num="319" count="229" type="stmt"/>
            <line complexity="2" visibility="public" signature="value(String) : String" num="331" count="157" type="method"/>
            <line num="333" count="157" type="stmt"/>
            <line num="334" count="157" type="stmt"/>
            <line num="336" count="157" type="stmt"/>
            <line falsecount="157" truecount="0" num="336" type="cond"/>
            <line num="338" count="0" type="stmt"/>
            <line num="341" count="157" type="stmt"/>
            <line complexity="5" visibility="public" signature="getPropertyValue(String,Class&lt;T&gt;,T) : T" num="358" count="12" type="method"/>
            <line num="364" count="12" type="stmt"/>
            <line num="365" count="12" type="stmt"/>
            <line num="366" count="12" type="stmt"/>
            <line num="367" count="12" type="stmt"/>
            <line falsecount="12" truecount="0" num="367" type="cond"/>
            <line num="368" count="0" type="stmt"/>
            <line num="370" count="12" type="stmt"/>
            <line num="371" count="12" type="stmt"/>
            <line falsecount="6" truecount="6" num="371" type="cond"/>
            <line num="372" count="6" type="stmt"/>
            <line num="373" count="6" type="stmt"/>
            <line falsecount="6" truecount="0" num="373" type="cond"/>
            <line num="374" count="0" type="stmt"/>
            <line num="375" count="6" type="stmt"/>
            <line falsecount="6" truecount="0" num="375" type="cond"/>
            <line num="376" count="0" type="stmt"/>
            <line num="378" count="12" type="stmt"/>
            <line complexity="1" visibility="public" signature="getChildren(Xpp3Dom) : List&lt;String&gt;" num="390" count="0" type="method"/>
            <line num="391" count="0" type="stmt"/>
            <line complexity="10" visibility="public" signature="getAttributeValue(String,String,Class&lt;T&gt;,T) : T" num="410" count="54" type="method"/>
            <line num="417" count="54" type="stmt"/>
            <line num="418" count="54" type="stmt"/>
            <line num="419" count="54" type="stmt"/>
            <line num="421" count="54" type="stmt"/>
            <line num="422" count="54" type="stmt"/>
            <line falsecount="54" truecount="0" num="422" type="cond"/>
            <line num="423" count="0" type="stmt"/>
            <line num="425" count="54" type="stmt"/>
            <line num="426" count="54" type="stmt"/>
            <line falsecount="36" truecount="18" num="426" type="cond"/>
            <line num="427" count="18" type="stmt"/>
            <line num="430" count="36" type="stmt"/>
            <line falsecount="36" truecount="0" num="430" type="cond"/>
            <line num="431" count="0" type="stmt"/>
            <line num="432" count="0" type="stmt"/>
            <line falsecount="0" truecount="0" num="432" type="cond"/>
            <line num="433" count="0" type="stmt"/>
            <line num="436" count="36" type="stmt"/>
            <line falsecount="36" truecount="0" num="436" type="cond"/>
            <line num="437" count="0" type="stmt"/>
            <line num="439" count="36" type="stmt"/>
            <line num="440" count="36" type="stmt"/>
            <line falsecount="36" truecount="0" num="440" type="cond"/>
            <line num="441" count="0" type="stmt"/>
            <line num="444" count="36" type="stmt"/>
            <line num="445" count="36" type="stmt"/>
            <line falsecount="30" truecount="6" num="445" type="cond"/>
            <line num="446" count="6" type="stmt"/>
            <line num="447" count="30" type="stmt"/>
            <line falsecount="30" truecount="0" num="447" type="cond"/>
            <line num="448" count="0" type="stmt"/>
            <line num="449" count="30" type="stmt"/>
            <line falsecount="30" truecount="0" num="449" type="cond"/>
            <line num="450" count="0" type="stmt"/>
            <line num="452" count="36" type="stmt"/>
            <line complexity="6" visibility="public" signature="getAttributeValue(Xpp3Dom,String,Class&lt;T&gt;,T) : T" num="458" count="18" type="method"/>
            <line num="465" count="18" type="stmt"/>
            <line falsecount="18" truecount="0" num="465" type="cond"/>
            <line num="466" count="0" type="stmt"/>
            <line num="468" count="18" type="stmt"/>
            <line num="469" count="18" type="stmt"/>
            <line falsecount="6" truecount="12" num="469" type="cond"/>
            <line num="470" count="12" type="stmt"/>
            <line num="472" count="6" type="stmt"/>
            <line num="473" count="6" type="stmt"/>
            <line falsecount="6" truecount="0" num="473" type="cond"/>
            <line num="474" count="0" type="stmt"/>
            <line num="475" count="6" type="stmt"/>
            <line falsecount="6" truecount="0" num="475" type="cond"/>
            <line num="476" count="0" type="stmt"/>
            <line num="477" count="6" type="stmt"/>
            <line falsecount="6" truecount="0" num="477" type="cond"/>
            <line num="478" count="0" type="stmt"/>
            <line num="480" count="6" type="stmt"/>
            <line complexity="1" visibility="public" signature="is(String) : boolean" num="493" count="8" type="method"/>
            <line num="494" count="8" type="stmt"/>
            <line complexity="1" visibility="public" signature="not(String) : boolean" num="508" count="2" type="method"/>
            <line num="509" count="2" type="stmt"/>
            <line complexity="1" visibility="public" signature="isValue(String,String) : boolean" num="523" count="2" type="method"/>
            <line num="524" count="2" type="stmt"/>
            <line complexity="1" visibility="public" signature="getProjectId() : String" num="530" count="0" type="method"/>
            <line num="533" count="0" type="stmt"/>
            <line complexity="1" visibility="public" signature="getFileId() : String" num="539" count="6" type="method"/>
            <line num="542" count="6" type="stmt"/>
            <line complexity="1" visibility="public" signature="getContext() : Context&lt;?&gt;" num="548" count="0" type="method"/>
            <line num="551" count="0" type="stmt"/>
            <line complexity="1" visibility="public" signature="getVelocityContext() : ToolContext" num="557" count="12" type="method"/>
            <line num="558" count="12" type="stmt"/>
            <line complexity="1" visibility="public" signature="getProject() : MavenProject" num="564" count="108" type="method"/>
            <line num="567" count="108" type="stmt"/>
            <line complexity="1" visibility="public" signature="getDecoration() : DecorationModel" num="573" count="12" type="method"/>
            <line num="576" count="12" type="stmt"/>
            <line complexity="1" visibility="public" signature="getPageProperties() : Xpp3Dom" num="582" count="6" type="method"/>
            <line num="585" count="6" type="stmt"/>
            <line complexity="1" visibility="public" signature="getGlobalProperties() : Xpp3Dom" num="591" count="6" type="method"/>
            <line num="594" count="6" type="stmt"/>
            <line complexity="1" visibility="public" signature="getNamespace() : String" num="600" count="12" type="method"/>
            <line num="603" count="12" type="stmt"/>
            <line complexity="3" visibility="public" signature="getProjectLocation() : String" num="609" count="102" type="method"/>
            <line num="611" count="102" type="stmt"/>
            <line num="612" count="102" type="stmt"/>
            <line falsecount="0" truecount="102" num="612" type="cond"/>
            <line num="614" count="102" type="stmt"/>
            <line falsecount="102" truecount="0" num="614" type="cond"/>
            <line num="615" count="0" type="stmt"/>
            <line num="618" count="102" type="stmt"/>
            <line complexity="1" visibility="public" signature="getCurrentFileName() : String" num="629" count="108" type="method"/>
            <line num="631" count="108" type="stmt"/>
            <line complexity="1" visibility="public" signature="getCurrentFileLocation() : String" num="637" count="96" type="method"/>
            <line num="639" count="96" type="stmt"/>
            <line num="640" count="96" type="stmt"/>
            <line complexity="3" visibility="public" signature="eval(String,Class&lt;T&gt;) : T" num="646" count="6" type="method"/>
            <line num="650" count="6" type="stmt"/>
            <line falsecount="6" truecount="0" num="650" type="cond"/>
            <line num="651" count="0" type="stmt"/>
            <line num="653" count="6" type="stmt"/>
            <line num="654" count="6" type="stmt"/>
            <line num="655" count="6" type="stmt"/>
            <line num="657" count="0" type="stmt"/>
            <line complexity="6" visibility="public" signature="relativeLink(String) : String" num="664" count="120" type="method"/>
            <line num="666" count="120" type="stmt"/>
            <line falsecount="120" truecount="0" num="666" type="cond"/>
            <line num="667" count="0" type="stmt"/>
            <line num="669" count="120" type="stmt"/>
            <line falsecount="96" truecount="24" num="669" type="cond"/>
            <line num="670" count="24" type="stmt"/>
            <line num="672" count="96" type="stmt"/>
            <line num="673" count="96" type="stmt"/>
            <line num="674" count="96" type="stmt"/>
            <line num="675" count="96" type="stmt"/>
            <line falsecount="96" truecount="0" num="675" type="cond"/>
            <line num="676" count="0" type="stmt"/>
            <line num="685" count="96" type="stmt"/>
            <line num="686" count="96" type="stmt"/>
            <line num="687" count="96" type="stmt"/>
            <line falsecount="96" truecount="0" num="687" type="cond"/>
            <line num="689" count="0" type="stmt"/>
            <line num="693" count="96" type="stmt"/>
            <line num="694" count="96" type="stmt"/>
            <line num="696" count="96" type="stmt"/>
            <line falsecount="0" truecount="96" num="696" type="cond"/>
            <line num="697" count="96" type="stmt"/>
            <line num="698" count="96" type="stmt"/>
            <line num="699" count="96" type="stmt"/>
            <line num="700" count="96" type="stmt"/>
            <line num="701" count="96" type="stmt"/>
            <line num="702" count="96" type="stmt"/>
            <line num="704" count="96" type="stmt"/>
            <line complexity="4" visibility="public" signature="isExternalLink(String) : boolean" num="712" count="128" type="method"/>
            <line num="713" count="128" type="stmt"/>
            <line falsecount="127" truecount="1" num="713" type="cond"/>
            <line num="714" count="1" type="stmt"/>
            <line num="716" count="127" type="stmt"/>
            <line num="717" count="127" type="stmt"/>
            <line falsecount="120" truecount="7" num="717" type="cond"/>
            <line num="718" count="7" type="stmt"/>
            <line num="720" count="120" type="stmt"/>
            <line complexity="2" visibility="public" signature="isActiveLink(String) : boolean" num="728" count="101" type="method"/>
            <line num="730" count="101" type="stmt"/>
            <line num="731" count="101" type="stmt"/>
            <line falsecount="100" truecount="1" num="731" type="cond"/>
            <line num="732" count="1" type="stmt"/>
            <line num="736" count="100" type="stmt"/>
            <line complexity="3" visibility="public" signature="slugFilename(String) : String" num="746" count="30" type="method"/>
            <line num="748" count="30" type="stmt"/>
            <line falsecount="30" truecount="0" num="748" type="cond"/>
            <line num="749" count="0" type="stmt"/>
            <line num="751" count="30" type="stmt"/>
            <line num="754" count="30" type="stmt"/>
            <line num="755" count="30" type="stmt"/>
            <line falsecount="1" truecount="29" num="755" type="cond"/>
            <line num="756" count="29" type="stmt"/>
            <line num="765" count="30" type="stmt"/>
            <line complexity="4" visibility="private" signature="getResourcePath() : String" num="771" count="6" type="method"/>
            <line num="773" count="6" type="stmt"/>
            <line num="774" count="6" type="stmt"/>
            <line num="775" count="6" type="stmt"/>
            <line num="776" count="6" type="stmt"/>
            <line falsecount="0" truecount="6" num="776" type="cond"/>
            <line num="777" count="6" type="stmt"/>
            <line falsecount="6" truecount="0" num="777" type="cond"/>
            <line num="778" count="0" type="stmt"/>
            <line num="780" count="6" type="stmt"/>
            <line num="781" count="6" type="stmt"/>
            <line num="783" count="0" type="stmt"/>
         </file>
         <file path="/Users/devacfr/Development/github/reflow-maven-skin/reflow-velocity-tools/src/main/java/org/devacfr/maven/skins/reflow/URITool.java" name="URITool.java">
            <metrics coveredelements="41" coveredconditionals="10" complexity="16" loc="190" coveredmethods="8" methods="8" elements="41" classes="2" ncloc="68" statements="23" conditionals="10" coveredstatements="23"/>
            <class name="URITool">
               <metrics coveredelements="23" coveredconditionals="6" complexity="9" coveredmethods="4" methods="4" elements="23" statements="13" conditionals="6" coveredstatements="13"/>
            </class>
            <class name="URITool.URLRebaser">
               <metrics coveredelements="18" coveredconditionals="4" complexity="7" coveredmethods="4" methods="4" elements="18" statements="10" conditionals="4" coveredstatements="10"/>
            </class>
            <line complexity="4" visibility="public" signature="relativizeLink(String,String) : String" num="56" count="107" type="method"/>
            <line num="61" count="107" type="stmt"/>
            <line falsecount="106" truecount="1" num="61" type="cond"/>
            <line num="62" count="1" type="stmt"/>
            <line num="64" count="106" type="stmt"/>
            <line num="65" count="106" type="stmt"/>
            <line num="66" count="105" type="stmt"/>
            <line num="68" count="1" type="stmt"/>
            <line complexity="1" visibility="public" signature="toURI(String) : URI" num="79" count="201" type="method"/>
            <line num="81" count="201" type="stmt"/>
            <line complexity="1" visibility="public" signature="createURLRebaser(String,String) : URLRebaser" num="96" count="2" type="method"/>
            <line num="98" count="2" type="stmt"/>
            <line complexity="3" visibility="public" signature="normalisedBaseUrl(String) : String" num="108" count="106" type="method"/>
            <line num="110" count="106" type="stmt"/>
            <line falsecount="105" truecount="1" num="110" type="cond"/>
            <line num="111" count="1" type="stmt"/>
            <line num="113" count="105" type="stmt"/>
            <line falsecount="74" truecount="31" num="113" type="cond"/>
            <line num="114" count="31" type="stmt"/>
            <line num="117" count="74" type="stmt"/>
            <line complexity="1" visibility="protected" signature="URLRebaser(String,String)" num="142" count="4" type="method"/>
            <line num="143" count="4" type="stmt"/>
            <line num="144" count="4" type="stmt"/>
            <line complexity="1" visibility="public" signature="getNewPath() : String" num="152" count="2" type="method"/>
            <line num="154" count="2" type="stmt"/>
            <line complexity="1" visibility="public" signature="getOldPath() : String" num="162" count="6" type="method"/>
            <line num="164" count="6" type="stmt"/>
            <line complexity="4" visibility="public" signature="rebaseLink(String) : String" num="175" count="4" type="method"/>
            <line num="176" count="4" type="stmt"/>
            <line falsecount="3" truecount="1" num="176" type="cond"/>
            <line num="177" count="1" type="stmt"/>
            <line num="180" count="3" type="stmt"/>
            <line falsecount="2" truecount="1" num="180" type="cond"/>
            <line num="181" count="1" type="stmt"/>
            <line num="185" count="2" type="stmt"/>
            <line num="187" count="2" type="stmt"/>
         </file>
         <file path="/Users/devacfr/Development/github/reflow-maven-skin/reflow-velocity-tools/src/main/java/org/devacfr/maven/skins/reflow/Xpp3Utils.java" name="Xpp3Utils.java">
            <metrics coveredelements="33" coveredconditionals="11" complexity="10" loc="117" coveredmethods="3" methods="4" elements="37" classes="1" ncloc="53" statements="21" conditionals="12" coveredstatements="19"/>
            <class name="Xpp3Utils">
               <metrics coveredelements="33" coveredconditionals="11" complexity="10" coveredmethods="3" methods="4" elements="37" statements="21" conditionals="12" coveredstatements="19"/>
            </class>
            <line complexity="1" visibility="private" signature="Xpp3Utils()" num="39" count="0" type="method"/>
            <line num="40" count="0" type="stmt"/>
            <line complexity="3" visibility="public" signature="getFirstChild(Xpp3Dom,String,String) : Xpp3Dom" num="55" count="487" type="method"/>
            <line num="59" count="487" type="stmt"/>
            <line falsecount="479" truecount="8" num="59" type="cond"/>
            <line num="60" count="8" type="stmt"/>
            <line num="62" count="479" type="stmt"/>
            <line num="63" count="479" type="stmt"/>
            <line num="64" count="479" type="stmt"/>
            <line falsecount="224" truecount="255" num="64" type="cond"/>
            <line num="65" count="255" type="stmt"/>
            <line num="68" count="224" type="stmt"/>
            <line complexity="1" visibility="public" signature="getChildren(Xpp3Dom) : List&lt;String&gt;" num="80" count="2" type="method"/>
            <line num="82" count="2" type="stmt"/>
            <line complexity="5" visibility="public" signature="getChildrenNodes(Xpp3Dom,String) : List&lt;Xpp3Dom&gt;" num="95" count="33" type="method"/>
            <line num="97" count="33" type="stmt"/>
            <line falsecount="31" truecount="2" num="97" type="cond"/>
            <line num="98" count="2" type="stmt"/>
            <line num="100" count="31" type="stmt"/>
            <line num="101" count="31" type="stmt"/>
            <line falsecount="31" truecount="0" num="101" type="cond"/>
            <line num="102" count="0" type="stmt"/>
            <line num="104" count="31" type="stmt"/>
            <line num="105" count="31" type="stmt"/>
            <line num="106" count="51" type="stmt"/>
            <line falsecount="10" truecount="41" num="106" type="cond"/>
            <line num="107" count="41" type="stmt"/>
            <line falsecount="10" truecount="31" num="107" type="cond"/>
            <line num="108" count="31" type="stmt"/>
            <line num="111" count="10" type="stmt"/>
            <line num="115" count="31" type="stmt"/>
         </file>
      </package>
      <package name="org.devacfr.maven.skins.reflow.model">
         <metrics coveredelements="336" complexity="164" loc="2016" methods="116" classes="14" statements="354" coveredconditionals="47" coveredmethods="54" elements="552" ncloc="870" files="12" conditionals="82" coveredstatements="235"/>
         <file path="/Users/devacfr/Development/github/reflow-maven-skin/reflow-velocity-tools/src/main/java/org/devacfr/maven/skins/reflow/model/BsComponent.java" name="BsComponent.java">
            <metrics coveredelements="14" coveredconditionals="1" complexity="7" loc="90" coveredmethods="6" methods="6" elements="16" classes="1" ncloc="31" statements="8" conditionals="2" coveredstatements="7"/>
            <class name="BsComponent">
               <metrics coveredelements="14" coveredconditionals="1" complexity="7" coveredmethods="6" methods="6" elements="16" statements="8" conditionals="2" coveredstatements="7"/>
            </class>
            <line complexity="1" visibility="public" signature="BsComponent(String)" num="47" count="30" type="method"/>
            <line num="48" count="30" type="stmt"/>
            <line complexity="2" visibility="public" signature="getCssClass() : String" num="51" count="6" type="method"/>
            <line num="53" count="6" type="stmt"/>
            <line falsecount="6" truecount="0" num="53" type="cond"/>
            <line num="54" count="0" type="stmt"/>
            <line num="56" count="6" type="stmt"/>
            <line complexity="1" visibility="public" signature="getTheme() : String" num="63" count="6" type="method"/>
            <line num="64" count="6" type="stmt"/>
            <line complexity="1" visibility="protected" signature="setTheme(String) : void" num="71" count="21" type="method"/>
            <line num="72" count="21" type="stmt"/>
            <line complexity="1" visibility="public" signature="getBackground() : String" num="78" count="6" type="method"/>
            <line num="79" count="6" type="stmt"/>
            <line complexity="1" visibility="protected" signature="setBackground(String) : void" num="86" count="21" type="method"/>
            <line num="87" count="21" type="stmt"/>
         </file>
         <file path="/Users/devacfr/Development/github/reflow-maven-skin/reflow-velocity-tools/src/main/java/org/devacfr/maven/skins/reflow/model/Component.java" name="Component.java">
            <metrics coveredelements="12" coveredconditionals="1" complexity="10" loc="147" coveredmethods="5" methods="9" elements="21" classes="1" ncloc="48" statements="10" conditionals="2" coveredstatements="6"/>
            <class name="Component">
               <metrics coveredelements="12" coveredconditionals="1" complexity="10" coveredmethods="5" methods="9" elements="21" statements="10" conditionals="2" coveredstatements="6"/>
            </class>
            <line complexity="2" visibility="public" signature="getCssClass() : String" num="53" count="10" type="method"/>
            <line num="55" count="10" type="stmt"/>
            <line falsecount="0" truecount="10" num="55" type="cond"/>
            <line num="56" count="10" type="stmt"/>
            <line num="58" count="0" type="stmt"/>
            <line complexity="1" visibility="protected" signature="setCssClass(String) : void" num="65" count="21" type="method"/>
            <line num="66" count="21" type="stmt"/>
            <line complexity="1" visibility="public" signature="getCssOptions() : String" num="78" count="11" type="method"/>
            <line num="80" count="11" type="stmt"/>
            <line complexity="1" visibility="protected" signature="addChildren(Component) : void" num="90" count="20" type="method"/>
            <line num="91" count="20" type="stmt"/>
            <line complexity="1" visibility="protected" signature="addCssOptions(String) : void" num="100" count="16" type="method"/>
            <line num="101" count="16" type="stmt"/>
            <line complexity="1" visibility="public" signature="preRender(ISkinConfig) : void" num="111" count="0" type="method"/>
            <line complexity="1" visibility="protected" signature="getHtmlTool(ISkinConfig) : HtmlTool" num="122" count="0" type="method"/>
            <line num="123" count="0" type="stmt"/>
            <line complexity="1" visibility="protected" signature="getBodyContent(ISkinConfig) : String" num="132" count="0" type="method"/>
            <line num="133" count="0" type="stmt"/>
            <line complexity="1" visibility="protected" signature="setBodyContent(ISkinConfig,String) : void" num="143" count="0" type="method"/>
            <line num="144" count="0" type="stmt"/>
         </file>
         <file path="/Users/devacfr/Development/github/reflow-maven-skin/reflow-velocity-tools/src/main/java/org/devacfr/maven/skins/reflow/model/Footer.java" name="Footer.java">
            <metrics coveredelements="29" coveredconditionals="6" complexity="10" loc="125" coveredmethods="2" methods="4" elements="40" classes="2" ncloc="60" statements="28" conditionals="8" coveredstatements="21"/>
            <class name="Footer">
               <metrics coveredelements="25" coveredconditionals="6" complexity="8" coveredmethods="1" methods="2" elements="34" statements="24" conditionals="8" coveredstatements="18"/>
            </class>
            <class name="Footer.Column">
               <metrics coveredelements="4" coveredconditionals="0" complexity="2" coveredmethods="1" methods="2" elements="6" statements="4" conditionals="0" coveredstatements="3"/>
            </class>
            <line complexity="7" visibility="public" signature="Footer(ISkinConfig)" num="51" count="10" type="method"/>
            <line num="52" count="10" type="stmt"/>
            <line num="53" count="10" type="stmt"/>
            <line num="54" count="10" type="stmt"/>
            <line num="55" count="10" type="stmt"/>
            <line num="56" count="10" type="stmt"/>
            <line num="58" count="10" type="stmt"/>
            <line num="59" count="10" type="stmt"/>
            <line num="61" count="10" type="stmt"/>
            <line falsecount="4" truecount="6" num="61" type="cond"/>
            <line num="62" count="6" type="stmt"/>
            <line num="63" count="6" type="stmt"/>
            <line falsecount="0" truecount="6" num="63" type="cond"/>
            <line num="65" count="6" type="stmt"/>
            <line num="66" count="18" type="stmt"/>
            <line num="67" count="18" type="stmt"/>
            <line falsecount="18" truecount="0" num="67" type="cond"/>
            <line num="68" count="0" type="stmt"/>
            <line num="70" count="18" type="stmt"/>
            <line num="71" count="18" type="stmt"/>
            <line num="73" count="90" type="stmt"/>
            <line falsecount="60" truecount="30" num="73" type="cond"/>
            <line num="74" count="30" type="stmt"/>
            <line num="77" count="18" type="stmt"/>
            <line num="80" count="0" type="stmt"/>
            <line num="81" count="0" type="stmt"/>
            <line num="82" count="0" type="stmt"/>
            <line num="84" count="0" type="stmt"/>
            <line complexity="1" visibility="public" signature="getColumns() : List&lt;Column&gt;" num="92" count="0" type="method"/>
            <line num="93" count="0" type="stmt"/>
            <line complexity="1" visibility="public" signature="Column(ISkinConfig,List&lt;Menu&gt;)" num="111" count="18" type="method"/>
            <line num="112" count="18" type="stmt"/>
            <line num="113" count="18" type="stmt"/>
            <line num="114" count="18" type="stmt"/>
            <line complexity="1" visibility="public" signature="getMenus() : List&lt;Menu&gt;" num="120" count="0" type="method"/>
            <line num="121" count="0" type="stmt"/>
         </file>
         <file path="/Users/devacfr/Development/github/reflow-maven-skin/reflow-velocity-tools/src/main/java/org/devacfr/maven/skins/reflow/model/Menu.java" name="Menu.java">
            <metrics coveredelements="37" coveredconditionals="1" complexity="19" loc="250" coveredmethods="3" methods="16" elements="76" classes="1" ncloc="116" statements="54" conditionals="6" coveredstatements="33"/>
            <class name="Menu">
               <metrics coveredelements="37" coveredconditionals="1" complexity="19" coveredmethods="3" methods="16" elements="76" statements="54" conditionals="6" coveredstatements="33"/>
            </class>
            <line complexity="1" visibility="public" signature="Menu(ISkinConfig,LinkItem)" num="84" count="6" type="method"/>
            <line num="85" count="6" type="stmt"/>
            <line num="86" count="6" type="stmt"/>
            <line num="87" count="6" type="stmt"/>
            <line num="88" count="6" type="stmt"/>
            <line num="89" count="6" type="stmt"/>
            <line num="90" count="6" type="stmt"/>
            <line num="91" count="6" type="stmt"/>
            <line num="92" count="6" type="stmt"/>
            <line num="93" count="6" type="stmt"/>
            <line num="94" count="6" type="stmt"/>
            <line num="95" count="6" type="stmt"/>
            <line num="96" count="6" type="stmt"/>
            <line num="97" count="6" type="stmt"/>
            <line complexity="2" visibility="public" signature="Menu(ISkinConfig,org.apache.maven.doxia.site.decoration.Menu)" num="108" count="42" type="method"/>
            <line num="109" count="42" type="stmt"/>
            <line num="110" count="42" type="stmt"/>
            <line num="111" count="42" type="stmt"/>
            <line num="112" count="42" type="stmt"/>
            <line num="113" count="42" type="stmt"/>
            <line num="114" count="42" type="stmt"/>
            <line num="115" count="42" type="stmt"/>
            <line num="116" count="42" type="stmt"/>
            <line num="117" count="42" type="stmt"/>
            <line num="118" count="42" type="stmt"/>
            <line num="119" count="42" type="stmt"/>
            <line num="120" count="42" type="stmt"/>
            <line num="121" count="42" type="stmt"/>
            <line num="122" count="42" type="stmt"/>
            <line num="123" count="42" type="stmt"/>
            <line num="124" count="90" type="stmt"/>
            <line falsecount="90" truecount="0" num="124" type="cond"/>
            <line num="125" count="0" type="stmt"/>
            <line num="127" count="90" type="stmt"/>
            <line complexity="1" visibility="public" signature="getMenuItems() : List&lt;MenuItem&gt;" num="134" count="0" type="method"/>
            <line num="135" count="0" type="stmt"/>
            <line complexity="1" visibility="public" signature="getName() : String" num="141" count="0" type="method"/>
            <line num="142" count="0" type="stmt"/>
            <line complexity="1" visibility="public" signature="getInherit() : String" num="148" count="0" type="method"/>
            <line num="149" count="0" type="stmt"/>
            <line complexity="3" visibility="public" signature="isActive() : boolean" num="155" count="0" type="method"/>
            <line num="156" count="0" type="stmt"/>
            <line num="157" count="0" type="stmt"/>
            <line falsecount="0" truecount="0" num="157" type="cond"/>
            <line num="158" count="0" type="stmt"/>
            <line num="160" count="0" type="stmt"/>
            <line num="161" count="0" type="stmt"/>
            <line num="162" count="0" type="stmt"/>
            <line falsecount="0" truecount="0" num="162" type="cond"/>
            <line num="163" count="0" type="stmt"/>
            <line num="166" count="0" type="stmt"/>
            <line complexity="1" visibility="public" signature="getAlt() : String" num="172" count="0" type="method"/>
            <line num="173" count="0" type="stmt"/>
            <line complexity="1" visibility="public" signature="getBorder() : String" num="179" count="0" type="method"/>
            <line num="180" count="0" type="stmt"/>
            <line complexity="1" visibility="public" signature="getHeight() : String" num="186" count="0" type="method"/>
            <line num="187" count="0" type="stmt"/>
            <line complexity="1" visibility="public" signature="getHref() : String" num="193" count="0" type="method"/>
            <line num="194" count="0" type="stmt"/>
            <line complexity="1" visibility="public" signature="getImage() : String" num="200" count="0" type="method"/>
            <line num="201" count="0" type="stmt"/>
            <line complexity="1" visibility="public" signature="getPosition() : String" num="207" count="0" type="method"/>
            <line num="208" count="0" type="stmt"/>
            <line complexity="1" visibility="public" signature="getTarget() : String" num="214" count="0" type="method"/>
            <line num="215" count="0" type="stmt"/>
            <line complexity="1" visibility="public" signature="getTitle() : String" num="221" count="0" type="method"/>
            <line num="222" count="0" type="stmt"/>
            <line complexity="1" visibility="public" signature="getWidth() : String" num="228" count="0" type="method"/>
            <line num="229" count="0" type="stmt"/>
            <line complexity="1" visibility="public" signature="matches(String,org.apache.maven.doxia.site.decoration.Menu) : boolean" num="242" count="120" type="method"/>
            <line num="244" count="120" type="stmt"/>
            <line num="245" count="120" type="stmt"/>
            <line num="246" count="120" type="stmt"/>
         </file>
         <file path="/Users/devacfr/Development/github/reflow-maven-skin/reflow-velocity-tools/src/main/java/org/devacfr/maven/skins/reflow/model/MenuItem.java" name="MenuItem.java">
            <metrics coveredelements="20" coveredconditionals="1" complexity="19" loc="224" coveredmethods="2" methods="16" elements="62" classes="1" ncloc="100" statements="40" conditionals="6" coveredstatements="17"/>
            <class name="MenuItem">
               <metrics coveredelements="20" coveredconditionals="1" complexity="19" coveredmethods="2" methods="16" elements="62" statements="40" conditionals="6" coveredstatements="17"/>
            </class>
            <line complexity="1" visibility="public" signature="MenuItem(ISkinConfig,org.apache.maven.doxia.site.decoration.MenuItem)" num="83" count="90" type="method"/>
            <line num="84" count="90" type="stmt"/>
            <line num="85" count="90" type="stmt"/>
            <line num="86" count="90" type="stmt"/>
            <line num="87" count="90" type="stmt"/>
            <line num="88" count="90" type="stmt"/>
            <line num="89" count="90" type="stmt"/>
            <line num="90" count="90" type="stmt"/>
            <line num="91" count="90" type="stmt"/>
            <line num="92" count="90" type="stmt"/>
            <line num="93" count="90" type="stmt"/>
            <line num="94" count="90" type="stmt"/>
            <line num="95" count="90" type="stmt"/>
            <line num="96" count="90" type="stmt"/>
            <line num="97" count="90" type="stmt"/>
            <line num="98" count="90" type="stmt"/>
            <line complexity="2" visibility="private" signature="recurciveAddItem(ISkinConfig,List&lt;MenuItem&gt;,List&lt;org.apache.maven.doxia.site.decoration.MenuItem&gt;) : void" num="104" count="90" type="method"/>
            <line num="107" count="90" type="stmt"/>
            <line falsecount="90" truecount="0" num="107" type="cond"/>
            <line num="108" count="0" type="stmt"/>
            <line num="110" count="90" type="stmt"/>
            <line num="111" count="0" type="stmt"/>
            <line complexity="1" visibility="public" signature="getName() : String" num="119" count="0" type="method"/>
            <line num="120" count="0" type="stmt"/>
            <line complexity="1" visibility="public" signature="getMenuItems() : List&lt;MenuItem&gt;" num="126" count="0" type="method"/>
            <line num="127" count="0" type="stmt"/>
            <line complexity="1" visibility="public" signature="getDescription() : String" num="133" count="0" type="method"/>
            <line num="134" count="0" type="stmt"/>
            <line complexity="1" visibility="public" signature="getInherit() : String" num="140" count="0" type="method"/>
            <line num="141" count="0" type="stmt"/>
            <line complexity="3" visibility="public" signature="isActive() : boolean" num="147" count="0" type="method"/>
            <line num="148" count="0" type="stmt"/>
            <line num="149" count="0" type="stmt"/>
            <line falsecount="0" truecount="0" num="149" type="cond"/>
            <line num="150" count="0" type="stmt"/>
            <line num="152" count="0" type="stmt"/>
            <line num="153" count="0" type="stmt"/>
            <line num="154" count="0" type="stmt"/>
            <line falsecount="0" truecount="0" num="154" type="cond"/>
            <line num="155" count="0" type="stmt"/>
            <line num="158" count="0" type="stmt"/>
            <line complexity="1" visibility="public" signature="getAlt() : String" num="164" count="0" type="method"/>
            <line num="165" count="0" type="stmt"/>
            <line complexity="1" visibility="public" signature="getBorder() : String" num="171" count="0" type="method"/>
            <line num="172" count="0" type="stmt"/>
            <line complexity="1" visibility="public" signature="getHeight() : String" num="178" count="0" type="method"/>
            <line num="179" count="0" type="stmt"/>
            <line complexity="1" visibility="public" signature="getHref() : String" num="185" count="0" type="method"/>
            <line num="186" count="0" type="stmt"/>
            <line complexity="1" visibility="public" signature="getImage() : String" num="192" count="0" type="method"/>
            <line num="193" count="0" type="stmt"/>
            <line complexity="1" visibility="public" signature="getPosition() : String" num="199" count="0" type="method"/>
            <line num="200" count="0" type="stmt"/>
            <line complexity="1" visibility="public" signature="getTarget() : String" num="206" count="0" type="method"/>
            <line num="207" count="0" type="stmt"/>
            <line complexity="1" visibility="public" signature="getTitle() : String" num="213" count="0" type="method"/>
            <line num="214" count="0" type="stmt"/>
            <line complexity="1" visibility="public" signature="getWidth() : String" num="220" count="0" type="method"/>
            <line num="221" count="0" type="stmt"/>
         </file>
         <file path="/Users/devacfr/Development/github/reflow-maven-skin/reflow-velocity-tools/src/main/java/org/devacfr/maven/skins/reflow/model/NavSideMenu.java" name="NavSideMenu.java">
            <metrics coveredelements="44" coveredconditionals="9" complexity="19" loc="263" coveredmethods="4" methods="11" elements="78" classes="1" ncloc="121" statements="53" conditionals="14" coveredstatements="31"/>
            <class name="NavSideMenu">
               <metrics coveredelements="44" coveredconditionals="9" complexity="19" coveredmethods="4" methods="11" elements="78" statements="53" conditionals="14" coveredstatements="31"/>
            </class>
            <line complexity="6" visibility="public" signature="findAllSideNavMenuItems(ISkinConfig) : List&lt;SideNavMenuItem&gt;" num="91" count="10" type="method"/>
            <line num="93" count="10" type="stmt"/>
            <line num="94" count="10" type="stmt"/>
            <line num="95" count="10" type="stmt"/>
            <line falsecount="7" truecount="3" num="95" type="cond"/>
            <line num="96" count="3" type="stmt"/>
            <line num="98" count="7" type="stmt"/>
            <line num="99" count="7" type="stmt"/>
            <line num="100" count="7" type="stmt"/>
            <line num="101" count="19" type="stmt"/>
            <line num="102" count="19" type="stmt"/>
            <line falsecount="12" truecount="7" num="102" type="cond"/>
            <line num="105" count="7" type="stmt"/>
            <line num="106" count="7" type="stmt"/>
            <line falsecount="7" truecount="0" num="106" type="cond"/>
            <line num="107" count="0" type="stmt"/>
            <line num="109" count="7" type="stmt"/>
            <line num="110" count="7" type="stmt"/>
            <line falsecount="7" truecount="0" num="110" type="cond"/>
            <line num="111" count="0" type="stmt"/>
            <line num="113" count="7" type="stmt"/>
            <line num="115" count="7" type="stmt"/>
            <line num="118" count="7" type="stmt"/>
            <line complexity="3" visibility="public" signature="NavSideMenu(ISkinConfig)" num="127" count="1" type="method"/>
            <line num="128" count="1" type="stmt"/>
            <line num="129" count="1" type="stmt"/>
            <line num="130" count="1" type="stmt"/>
            <line num="131" count="1" type="stmt"/>
            <line num="132" count="1" type="stmt"/>
            <line num="133" count="1" type="stmt"/>
            <line falsecount="1" truecount="0" num="133" type="cond"/>
            <line num="134" count="0" type="stmt"/>
            <line num="135" count="0" type="stmt"/>
            <line num="137" count="0" type="stmt"/>
            <line num="141" count="0" type="stmt"/>
            <line num="142" count="0" type="stmt"/>
            <line num="143" count="0" type="stmt"/>
            <line num="145" count="1" type="stmt"/>
            <line num="146" count="1" type="stmt"/>
            <line falsecount="1" truecount="0" num="146" type="cond"/>
            <line num="147" count="0" type="stmt"/>
            <line complexity="1" visibility="public" signature="getName() : String" num="156" count="0" type="method"/>
            <line num="158" count="0" type="stmt"/>
            <line complexity="1" visibility="protected" signature="withName(String) : NavSideMenu" num="168" count="0" type="method"/>
            <line num="169" count="0" type="stmt"/>
            <line num="170" count="0" type="stmt"/>
            <line complexity="1" visibility="public" signature="isHasItems() : boolean" num="178" count="0" type="method"/>
            <line num="179" count="0" type="stmt"/>
            <line complexity="1" visibility="public" signature="getItems() : List&lt;SideNavMenuItem&gt;" num="185" count="0" type="method"/>
            <line num="187" count="0" type="stmt"/>
            <line complexity="1" visibility="protected" signature="withItems(List&lt;SideNavMenuItem&gt;) : NavSideMenu" num="197" count="0" type="method"/>
            <line num="198" count="0" type="stmt"/>
            <line num="199" count="0" type="stmt"/>
            <line complexity="1" visibility="public" signature="isSelectFirstOnExpand() : boolean" num="209" count="1" type="method"/>
            <line num="210" count="1" type="stmt"/>
            <line complexity="1" visibility="protected" signature="withSelectFirstOnSelect(boolean) : NavSideMenu" num="221" count="0" type="method"/>
            <line num="222" count="0" type="stmt"/>
            <line num="223" count="0" type="stmt"/>
[...]
            <line num="61" count="0" type="stmt"/>
            <line complexity="1" visibility="protected" signature="getEngine() : VelocityEngine" num="67" count="0" type="method"/>
            <line num="68" count="0" type="stmt"/>
            <line complexity="1" visibility="protected" signature="setEngine(VelocityEngine) : void" num="75" count="0" type="method"/>
            <line num="76" count="0" type="stmt"/>
            <line complexity="1" visibility="protected" signature="getTemplate() : String" num="82" count="0" type="method"/>
            <line num="83" count="0" type="stmt"/>
            <line complexity="1" visibility="protected" signature="setTemplate(String) : void" num="90" count="0" type="method"/>
            <line num="91" count="0" type="stmt"/>
            <line complexity="1" visibility="protected" signature="getContext() : Context" num="97" count="0" type="method"/>
            <line num="98" count="0" type="stmt"/>
            <line complexity="1" visibility="protected" signature="setContext(Context) : void" num="105" count="0" type="method"/>
            <line num="106" count="0" type="stmt"/>
            <line complexity="1" visibility="protected" signature="getExpected() : String" num="112" count="0" type="method"/>
            <line num="113" count="0" type="stmt"/>
            <line complexity="1" visibility="protected" signature="setExpected(String) : void" num="120" count="0" type="method"/>
            <line num="121" count="0" type="stmt"/>
            <line complexity="1" visibility="protected" signature="assertVelocity() : void" num="124" count="0" type="method"/>
            <line num="126" count="0" type="stmt"/>
            <line num="128" count="0" type="stmt"/>
            <line num="129" count="0" type="stmt"/>
            <line num="131" count="0" type="stmt"/>
         </file>
         <file path="/Users/devacfr/Development/github/reflow-maven-skin/reflow-velocity-tools/src/test/java/org/devacfr/testing/MockitoTestCase.java" name="MockitoTestCase.java">
            <metrics coveredelements="5" coveredconditionals="0" complexity="32" loc="969" coveredmethods="3" methods="32" elements="63" classes="1" ncloc="116" statements="31" conditionals="0" coveredstatements="2"/>
            <class name="MockitoTestCase">
               <metrics coveredelements="5" coveredconditionals="0" complexity="32" coveredmethods="3" methods="32" elements="63" statements="31" conditionals="0" coveredstatements="2"/>
            </class>
            <line complexity="1" visibility="public" signature="MockitoTestCase()" num="48" count="10" type="method"/>
            <line complexity="1" visibility="protected" signature="any() : T" num="61" count="0" type="method"/>
            <line num="63" count="0" type="stmt"/>
            <line complexity="1" visibility="protected" signature="eq(T) : T" num="75" count="0" type="method"/>
            <line num="76" count="0" type="stmt"/>
            <line complexity="1" visibility="protected" signature="any(Class&lt;T&gt;) : T" num="88" count="28" type="method"/>
            <line num="89" count="28" type="stmt"/>
            <line complexity="1" visibility="protected" signature="mock(Class&lt;T&gt;) : T" num="101" count="0" type="method"/>
            <line num="102" count="0" type="stmt"/>
            <line complexity="1" visibility="protected" signature="mock(Class&lt;T&gt;,String) : T" num="122" count="0" type="method"/>
            <line num="123" count="0" type="stmt"/>
            <line complexity="1" visibility="protected" signature="mock(Class&lt;T&gt;,Answer&lt;?&gt;) : T" num="148" count="0" type="method"/>
            <line num="149" count="0" type="stmt"/>
            <line complexity="1" visibility="protected" signature="mock(Class&lt;T&gt;,MockSettings) : T" num="178" count="0" type="method"/>
            <line num="179" count="0" type="stmt"/>
            <line complexity="1" visibility="protected" signature="spy(T) : T" num="245" count="0" type="method"/>
            <line num="246" count="0" type="stmt"/>
            <line complexity="1" visibility="protected" signature="stub(T) : DeprecatedOngoingStubbing&lt;T&gt;" num="296" count="0" type="method"/>
            <line num="297" count="0" type="stmt"/>
            <line complexity="1" visibility="protected" signature="when(T) : OngoingStubbing&lt;T&gt;" num="357" count="22" type="method"/>
            <line num="358" count="22" type="stmt"/>
            <line complexity="1" visibility="protected" signature="verify(T) : T" num="390" count="0" type="method"/>
            <line num="391" count="0" type="stmt"/>
            <line complexity="1" visibility="protected" signature="verify(T,VerificationMode) : T" num="418" count="0" type="method"/>
            <line num="419" count="0" type="stmt"/>
            <line complexity="1" visibility="protected" signature="reset(T) : void" num="451" count="0" type="method"/>
            <line num="453" count="0" type="stmt"/>
            <line complexity="1" visibility="protected" signature="verifyNoMoreInteractions(Object) : void" num="495" count="0" type="method"/>
            <line num="496" count="0" type="stmt"/>
            <line complexity="1" visibility="protected" signature="verifyZeroInteractions(Object) : void" num="516" count="0" type="method"/>
            <line num="517" count="0" type="stmt"/>
            <line complexity="1" visibility="protected" signature="doThrow(Throwable) : Stubber" num="536" count="0" type="method"/>
            <line num="537" count="0" type="stmt"/>
            <line complexity="1" visibility="public" signature="doThrow(Class&lt;? extends Throwable&gt;) : Stubber" num="560" count="0" type="method"/>
            <line num="561" count="0" type="stmt"/>
            <line complexity="1" visibility="protected" signature="doCallRealMethod() : Stubber" num="594" count="0" type="method"/>
            <line num="595" count="0" type="stmt"/>
            <line complexity="1" visibility="protected" signature="doAnswer(Answer&lt;?&gt;) : Stubber" num="623" count="0" type="method"/>
            <line num="624" count="0" type="stmt"/>
            <line complexity="1" visibility="protected" signature="doNothing() : Stubber" num="662" count="0" type="method"/>
            <line num="663" count="0" type="stmt"/>
            <line complexity="1" visibility="protected" signature="doReturn(Object) : Stubber" num="709" count="0" type="method"/>
            <line num="710" count="0" type="stmt"/>
            <line complexity="1" visibility="protected" signature="inOrder(Object) : InOrder" num="740" count="0" type="method"/>
            <line num="741" count="0" type="stmt"/>
            <line complexity="1" visibility="protected" signature="times(int) : VerificationMode" num="757" count="0" type="method"/>
            <line num="758" count="0" type="stmt"/>
            <line complexity="1" visibility="protected" signature="never() : VerificationMode" num="777" count="0" type="method"/>
            <line num="778" count="0" type="stmt"/>
            <line complexity="1" visibility="protected" signature="atLeastOnce() : VerificationMode" num="794" count="0" type="method"/>
            <line num="795" count="0" type="stmt"/>
            <line complexity="1" visibility="protected" signature="atLeast(int) : VerificationMode" num="811" count="0" type="method"/>
            <line num="812" count="0" type="stmt"/>
            <line complexity="1" visibility="protected" signature="atMost(int) : VerificationMode" num="828" count="0" type="method"/>
            <line num="829" count="0" type="stmt"/>
            <line complexity="1" visibility="protected" signature="only() : VerificationMode" num="848" count="0" type="method"/>
            <line num="849" count="0" type="stmt"/>
            <line complexity="1" visibility="protected" signature="timeout(int) : VerificationWithTimeout" num="882" count="0" type="method"/>
            <line num="883" count="0" type="stmt"/>
            <line complexity="1" visibility="protected" signature="validateMockitoUsage() : void" num="933" count="0" type="method"/>
            <line num="934" count="0" type="stmt"/>
            <line complexity="1" visibility="protected" signature="withSettings() : MockSettings" num="965" count="0" type="method"/>
            <line num="966" count="0" type="stmt"/>
         </file>
         <file path="/Users/devacfr/Development/github/reflow-maven-skin/reflow-velocity-tools/src/test/java/org/devacfr/testing/SLF4JLogChute.java" name="SLF4JLogChute.java">
            <metrics coveredelements="0" coveredconditionals="0" complexity="20" loc="120" coveredmethods="0" methods="4" elements="59" classes="1" ncloc="78" statements="53" conditionals="2" coveredstatements="0"/>
            <class name="SLF4JLogChute">
               <metrics coveredelements="0" coveredconditionals="0" complexity="20" coveredmethods="0" methods="4" elements="59" statements="53" conditionals="2" coveredstatements="0"/>
            </class>
            <line complexity="2" visibility="public" signature="init(RuntimeServices) : void" num="38" count="0" type="method"/>
            <line num="40" count="0" type="stmt"/>
            <line num="41" count="0" type="stmt"/>
            <line falsecount="0" truecount="0" num="41" type="cond"/>
            <line num="42" count="0" type="stmt"/>
            <line num="43" count="0" type="stmt"/>
            <line num="45" count="0" type="stmt"/>
            <line num="46" count="0" type="stmt"/>
            <line complexity="6" visibility="public" signature="log(int,String) : void" num="53" count="0" type="method"/>
            <line num="55" count="0" type="stmt"/>
            <line num="56" count="0" type="stmt"/>
            <line num="57" count="0" type="stmt"/>
            <line num="58" count="0" type="stmt"/>
            <line num="59" count="0" type="stmt"/>
            <line num="60" count="0" type="stmt"/>
            <line num="61" count="0" type="stmt"/>
            <line num="62" count="0" type="stmt"/>
            <line num="63" count="0" type="stmt"/>
            <line num="64" count="0" type="stmt"/>
            <line num="65" count="0" type="stmt"/>
            <line num="66" count="0" type="stmt"/>
            <line num="67" count="0" type="stmt"/>
            <line num="68" count="0" type="stmt"/>
            <line num="69" count="0" type="stmt"/>
            <line num="70" count="0" type="stmt"/>
            <line num="71" count="0" type="stmt"/>
            <line complexity="6" visibility="public" signature="log(int,String,Throwable) : void" num="78" count="0" type="method"/>
            <line num="80" count="0" type="stmt"/>
            <line num="81" count="0" type="stmt"/>
            <line num="82" count="0" type="stmt"/>
            <line num="83" count="0" type="stmt"/>
            <line num="84" count="0" type="stmt"/>
            <line num="85" count="0" type="stmt"/>
            <line num="86" count="0" type="stmt"/>
            <line num="87" count="0" type="stmt"/>
            <line num="88" count="0" type="stmt"/>
            <line num="89" count="0" type="stmt"/>
            <line num="90" count="0" type="stmt"/>
            <line num="91" count="0" type="stmt"/>
            <line num="92" count="0" type="stmt"/>
            <line num="93" count="0" type="stmt"/>
            <line num="94" count="0" type="stmt"/>
            <line num="95" count="0" type="stmt"/>
            <line num="96" count="0" type="stmt"/>
            <line complexity="6" visibility="public" signature="isLevelEnabled(int) : boolean" num="103" count="0" type="method"/>
            <line num="105" count="0" type="stmt"/>
            <line num="106" count="0" type="stmt"/>
            <line num="107" count="0" type="stmt"/>
            <line num="108" count="0" type="stmt"/>
            <line num="109" count="0" type="stmt"/>
            <line num="110" count="0" type="stmt"/>
            <line num="111" count="0" type="stmt"/>
            <line num="112" count="0" type="stmt"/>
            <line num="113" count="0" type="stmt"/>
            <line num="114" count="0" type="stmt"/>
            <line num="115" count="0" type="stmt"/>
            <line num="116" count="0" type="stmt"/>
            <line num="117" count="0" type="stmt"/>
         </file>
         <file path="/Users/devacfr/Development/github/reflow-maven-skin/reflow-velocity-tools/src/test/java/org/devacfr/testing/TestCase.java" name="TestCase.java">
            <metrics coveredelements="16" coveredconditionals="0" complexity="14" loc="133" coveredmethods="8" methods="14" elements="28" classes="1" ncloc="69" statements="14" conditionals="0" coveredstatements="8"/>
            <class name="TestCase">
               <metrics coveredelements="16" coveredconditionals="0" complexity="14" coveredmethods="8" methods="14" elements="28" statements="14" conditionals="0" coveredstatements="8"/>
            </class>
            <line complexity="1" visibility="public" signature="getName() : String" num="39" count="0" type="method"/>
            <line num="40" count="0" type="stmt"/>
            <line complexity="1" visibility="public" signature="getPackagePath() : Path" num="48" count="20" type="method"/>
            <line num="50" count="20" type="stmt"/>
            <line complexity="1" visibility="public" signature="getResource(String) : ByteSource" num="53" count="6" type="method"/>
            <line num="54" count="6" type="stmt"/>
            <line complexity="1" visibility="public" signature="getPackagePath(Class&lt;?&gt;) : String" num="64" count="20" type="method"/>
            <line num="66" count="20" type="stmt"/>
            <line complexity="1" visibility="public" signature="getActualResource() : String" num="69" count="7" type="method"/>
            <line num="70" count="7" type="stmt"/>
            <line complexity="1" visibility="public" signature="getExpectedResource() : String" num="73" count="0" type="method"/>
            <line num="74" count="0" type="stmt"/>
            <line complexity="1" visibility="public" signature="getActualResource(String) : String" num="77" count="2" type="method"/>
            <line num="78" count="2" type="stmt"/>
            <line complexity="1" visibility="public" signature="getExpectedResource(String) : String" num="81" count="1" type="method"/>
            <line num="82" count="1" type="stmt"/>
            <line complexity="1" visibility="public" signature="verify() : void" num="85" count="0" type="method"/>
            <line num="86" count="0" type="stmt"/>
            <line complexity="1" visibility="public" signature="verify(String) : void" num="96" count="0" type="method"/>
            <line num="97" count="0" type="stmt"/>
            <line complexity="1" visibility="public" signature="verify(Function&lt;String, String&gt;) : void" num="104" count="1" type="method"/>
            <line num="105" count="1" type="stmt"/>
            <line complexity="1" visibility="public" signature="verify(Function&lt;String, String&gt;,String) : void" num="111" count="3" type="method"/>
            <line num="112" count="3" type="stmt"/>
            <line complexity="1" visibility="public" signature="verify(String,String) : void" num="120" count="0" type="method"/>
            <line num="121" count="0" type="stmt"/>
            <line complexity="1" visibility="public" signature="verify(Path,String) : void" num="129" count="0" type="method"/>
            <line num="130" count="0" type="stmt"/>
         </file>
         <file path="/Users/devacfr/Development/github/reflow-maven-skin/reflow-velocity-tools/src/test/java/org/devacfr/testing/VelocityTestTool.java" name="VelocityTestTool.java">
            <metrics coveredelements="0" coveredconditionals="0" complexity="2" loc="38" coveredmethods="0" methods="2" elements="8" classes="1" ncloc="15" statements="6" conditionals="0" coveredstatements="0"/>
            <class name="VelocityTestTool">
               <metrics coveredelements="0" coveredconditionals="0" complexity="2" coveredmethods="0" methods="2" elements="8" statements="6" conditionals="0" coveredstatements="0"/>
            </class>
            <line complexity="1" visibility="public" signature="newEngine() : VelocityEngine" num="24" count="0" type="method"/>
            <line num="25" count="0" type="stmt"/>
            <line num="27" count="0" type="stmt"/>
            <line num="28" count="0" type="stmt"/>
            <line num="30" count="0" type="stmt"/>
            <line complexity="1" visibility="public" signature="initSingletonLogger() : void" num="33" count="0" type="method"/>
            <line num="34" count="0" type="stmt"/>
            <line num="35" count="0" type="stmt"/>
         </file>
      </package>
      <package name="org.devacfr.testing.util">
         <metrics coveredelements="22" complexity="12" loc="150" methods="7" classes="1" statements="18" coveredconditionals="5" coveredmethods="4" elements="31" ncloc="66" files="1" conditionals="6" coveredstatements="13"/>
         <file path="/Users/devacfr/Development/github/reflow-maven-skin/reflow-velocity-tools/src/test/java/org/devacfr/testing/util/Approvals.java" name="Approvals.java">
            <metrics coveredelements="22" coveredconditionals="5" complexity="12" loc="150" coveredmethods="4" methods="7" elements="31" classes="1" ncloc="66" statements="18" conditionals="6" coveredstatements="13"/>
            <class name="Approvals">
               <metrics coveredelements="22" coveredconditionals="5" complexity="12" coveredmethods="4" methods="7" elements="31" statements="18" conditionals="6" coveredstatements="13"/>
            </class>
            <line complexity="1" visibility="private" signature="Approvals()" num="38" count="0" type="method"/>
            <line num="39" count="0" type="stmt"/>
            <line complexity="2" visibility="public" signature="getActualResource(Path,Class&lt;?&gt;,String,String) : String" num="54" count="13" type="method"/>
            <line num="58" count="13" type="stmt"/>
            <line falsecount="8" truecount="5" num="58" type="cond"/>
            <line num="59" count="13" type="stmt"/>
            <line num="60" count="13" type="stmt"/>
            <line complexity="2" visibility="public" signature="getExpectedResource(Path,Class&lt;?&gt;,String,String) : String" num="75" count="5" type="method"/>
            <line num="79" count="5" type="stmt"/>
            <line falsecount="1" truecount="4" num="79" type="cond"/>
            <line num="80" count="5" type="stmt"/>
            <line num="81" count="5" type="stmt"/>
            <line complexity="1" visibility="public" signature="verify(Path,Class&lt;?&gt;,String,String,String) : void" num="96" count="0" type="method"/>
            <line num="101" count="0" type="stmt"/>
            <line num="102" count="0" type="stmt"/>
            <line complexity="3" visibility="public" signature="verify(Path,Class&lt;?&gt;,String,Function&lt;String, String&gt;,String) : void" num="105" count="4" type="method"/>
            <line num="110" count="4" type="stmt"/>
            <line num="111" count="4" type="stmt"/>
            <line falsecount="0" truecount="4" num="111" type="cond"/>
            <line num="112" count="4" type="stmt"/>
            <line num="114" count="4" type="stmt"/>
            <line num="115" count="4" type="stmt"/>
            <line complexity="1" visibility="public" signature="verify(Path,Class&lt;?&gt;,String,Path,String) : void" num="132" count="0" type="method"/>
            <line num="138" count="0" type="stmt"/>
            <line complexity="2" visibility="private" signature="readFile(Path) : String" num="142" count="18" type="method"/>
            <line num="143" count="18" type="stmt"/>
            <line num="144" count="18" type="stmt"/>
            <line num="146" count="0" type="stmt"/>
         </file>
      </package>
   </testproject>
</coverage>