<?xml version="1.0" encoding="UTF-8"?>
<coverage generated="1770205761146" clover="4.5.2">
   <project name="Reflow Maven Skin" timestamp="1770205748439">
      <metrics coveredelements="1978" complexity="766" loc="8215" methods="376" classes="49" statements="1719" packages="4" coveredconditionals="384" coveredmethods="276" elements="2729" ncloc="3958" files="36" conditionals="634" coveredstatements="1318"/>
      <package name="org.devacfr.maven.skins.reflow">
         <metrics coveredelements="853" complexity="316" loc="3470" methods="122" classes="12" statements="765" coveredconditionals="183" coveredmethods="98" elements="1205" ncloc="1619" files="6" conditionals="318" coveredstatements="572"/>
         <file path="/Users/devacfr/Development/github/reflow-maven-skin/reflow-velocity-tools/src/main/java/org/devacfr/maven/skins/reflow/HtmlTool.java" name="HtmlTool.java">
            <metrics coveredelements="448" coveredconditionals="83" complexity="119" loc="1529" coveredmethods="48" methods="52" elements="532" classes="6" ncloc="680" statements="360" conditionals="120" coveredstatements="317"/>
            <class name="HtmlTool">
               <metrics coveredelements="426" coveredconditionals="83" complexity="109" coveredmethods="39" methods="42" elements="508" statements="346" conditionals="120" coveredstatements="304"/>
            </class>
            <class name="HtmlTool.JoinSeparator">
               <metrics coveredelements="0" coveredconditionals="0" complexity="0" coveredmethods="0" methods="0" elements="0" statements="0" conditionals="0" coveredstatements="0"/>
            </class>
            <class name="HtmlTool.ExtractResult">
               <metrics coveredelements="0" coveredconditionals="0" complexity="0" coveredmethods="0" methods="0" elements="0" statements="0" conditionals="0" coveredstatements="0"/>
            </class>
            <class name="HtmlTool.DefaultExtractResult">
               <metrics coveredelements="7" coveredconditionals="0" complexity="3" coveredmethods="3" methods="3" elements="7" statements="4" conditionals="0" coveredstatements="4"/>
            </class>
            <class name="HtmlTool.HeadingItem">
               <metrics coveredelements="15" coveredconditionals="0" complexity="7" coveredmethods="6" methods="7" elements="17" statements="10" conditionals="0" coveredstatements="9"/>
            </class>
            <class name="HtmlTool.IdElement">
               <metrics coveredelements="0" coveredconditionals="0" complexity="0" coveredmethods="0" methods="0" elements="0" statements="0" conditionals="0" coveredstatements="0"/>
            </class>
            <line complexity="4" visibility="protected" signature="configure(ValueParser) : void" num="110" count="68" type="method"/>
            <line num="114" count="68" type="stmt"/>
            <line num="116" count="68" type="stmt"/>
            <line falsecount="68" truecount="0" num="116" type="cond"/>
            <line num="117" count="0" type="stmt"/>
            <line num="120" count="68" type="stmt"/>
            <line num="123" count="68" type="stmt"/>
            <line num="124" count="68" type="stmt"/>
            <line falsecount="68" truecount="0" num="124" type="cond"/>
            <line num="125" count="0" type="stmt"/>
            <line num="128" count="68" type="stmt"/>
            <line num="129" count="68" type="stmt"/>
            <line falsecount="68" truecount="0" num="129" type="cond"/>
            <line num="130" count="0" type="stmt"/>
            <line complexity="2" visibility="public" signature="normaliseWhitespace(String) : String" num="142" count="28" type="method"/>
            <line num="143" count="28" type="stmt"/>
            <line falsecount="28" truecount="0" num="143" type="cond"/>
            <line num="144" count="0" type="stmt"/>
            <line num="146" count="28" type="stmt"/>
            <line complexity="1" visibility="public" signature="split(String,String) : List&lt;String&gt;" num="161" count="8" type="method"/>
            <line num="162" count="8" type="stmt"/>
            <line complexity="3" visibility="public" signature="splitOnStarts(String,String) : List&lt;String&gt;" num="182" count="2" type="method"/>
            <line num="184" count="2" type="stmt"/>
            <line num="186" count="2" type="stmt"/>
            <line falsecount="2" truecount="0" num="186" type="cond"/>
            <line num="188" count="0" type="stmt"/>
            <line num="194" count="2" type="stmt"/>
            <line complexity="3" visibility="public" signature="split(String,String,String) : List&lt;String&gt;" num="211" count="6" type="method"/>
            <line num="215" count="6" type="stmt"/>
            <line num="216" count="6" type="stmt"/>
            <line falsecount="4" truecount="2" num="216" type="cond"/>
            <line num="217" count="2" type="stmt"/>
            <line num="218" count="4" type="stmt"/>
            <line falsecount="2" truecount="2" num="218" type="cond"/>
            <line num="219" count="2" type="stmt"/>
            <line num="221" count="2" type="stmt"/>
            <line num="224" count="6" type="stmt"/>
            <line complexity="3" visibility="public" signature="split(String,String,JoinSeparator) : List&lt;String&gt;" num="245" count="22" type="method"/>
            <line num="249" count="22" type="stmt"/>
            <line num="250" count="22" type="stmt"/>
            <line num="252" count="22" type="stmt"/>
            <line num="253" count="22" type="stmt"/>
            <line falsecount="4" truecount="18" num="253" type="cond"/>
            <line num="254" count="18" type="stmt"/>
            <line num="256" count="18" type="stmt"/>
            <line num="258" count="18" type="stmt"/>
            <line num="259" count="38" type="stmt"/>
            <line num="260" count="38" type="stmt"/>
            <line falsecount="2" truecount="36" num="260" type="cond"/>
            <line num="261" count="36" type="stmt"/>
            <line num="265" count="18" type="stmt"/>
            <line num="268" count="4" type="stmt"/>
            <line complexity="5" visibility="private" signature="split(Collection&lt;Element&gt;,JoinSeparator,Element) : List&lt;List&lt;Element&gt;&gt;" num="283" count="56" type="method"/>
            <line num="287" count="56" type="stmt"/>
            <line num="289" count="56" type="stmt"/>
            <line num="291" count="58" type="stmt"/>
            <line falsecount="38" truecount="20" num="291" type="cond"/>
            <line num="296" count="20" type="stmt"/>
            <line num="298" count="20" type="stmt"/>
            <line falsecount="16" truecount="4" num="298" type="cond"/>
            <line num="300" count="4" type="stmt"/>
            <line num="304" count="20" type="stmt"/>
            <line num="305" count="20" type="stmt"/>
            <line num="307" count="20" type="stmt"/>
            <line falsecount="14" truecount="6" num="307" type="cond"/>
            <line num="309" count="6" type="stmt"/>
            <line num="314" count="38" type="stmt"/>
            <line num="317" count="38" type="stmt"/>
            <line num="319" count="38" type="stmt"/>
            <line falsecount="34" truecount="4" num="319" type="cond"/>
            <line num="324" count="4" type="stmt"/>
            <line num="325" count="4" type="stmt"/>
            <line num="327" count="4" type="stmt"/>
            <line num="328" count="4" type="stmt"/>
            <line num="329" count="4" type="stmt"/>
            <line num="333" count="4" type="stmt"/>
            <line num="334" count="4" type="stmt"/>
            <line num="340" count="56" type="stmt"/>
            <line complexity="2" visibility="private" signature="getLastPartition(List&lt;List&lt;Element&gt;&gt;) : List&lt;Element&gt;" num="349" count="62" type="method"/>
            <line num="350" count="62" type="stmt"/>
            <line falsecount="40" truecount="22" num="350" type="cond"/>
            <line num="351" count="22" type="stmt"/>
            <line num="352" count="22" type="stmt"/>
            <line num="353" count="22" type="stmt"/>
            <line num="355" count="40" type="stmt"/>
            <line complexity="3" visibility="private" signature="outerHtml(List&lt;Element&gt;) : String" num="365" count="74" type="method"/>
            <line num="367" count="74" type="stmt"/>
            <line num="368" count="2" type="stmt"/>
            <line num="369" count="2" type="stmt"/>
            <line num="371" count="48" type="stmt"/>
            <line num="372" count="48" type="stmt"/>
            <line num="374" count="24" type="stmt"/>
            <line num="377" count="24" type="stmt"/>
            <line num="378" count="24" type="stmt"/>
            <line num="379" count="48" type="stmt"/>
            <line num="382" count="24" type="stmt"/>
            <line complexity="1" visibility="public" signature="reorderToTop(String,String,int) : String" num="399" count="0" type="method"/>
            <line num="400" count="0" type="stmt"/>
            <line complexity="4" visibility="public" signature="reorderToTop(String,String,int,String) : String" num="418" count="2" type="method"/>
            <line num="424" count="2" type="stmt"/>
            <line num="426" count="2" type="stmt"/>
            <line falsecount="0" truecount="2" num="426" type="cond"/>
            <line num="428" count="2" type="stmt"/>
            <line num="430" count="2" type="stmt"/>
            <line falsecount="0" truecount="2" num="430" type="cond"/>
            <line num="431" count="2" type="stmt"/>
            <line num="434" count="2" type="stmt"/>
            <line num="438" count="2" type="stmt"/>
            <line falsecount="2" truecount="2" num="438" type="cond"/>
            <line num="439" count="2" type="stmt"/>
            <line num="442" count="2" type="stmt"/>
            <line num="445" count="0" type="stmt"/>
            <line complexity="1" visibility="private" signature="wrapInner(Element,String) : Element" num="449" count="2" type="method"/>
            <line num="453" count="2" type="stmt"/>
            <line num="454" count="2" type="stmt"/>
            <line num="456" count="2" type="stmt"/>
            <line num="457" count="2" type="stmt"/>
            <line num="461" count="2" type="stmt"/>
            <line num="464" count="2" type="stmt"/>
            <line num="466" count="2" type="stmt"/>
            <line num="468" count="2" type="stmt"/>
            <line complexity="3" visibility="private" signature="extractElements(String,String,int) : List&lt;Element&gt;" num="480" count="4" type="method"/>
            <line num="482" count="4" type="stmt"/>
            <line num="484" count="4" type="stmt"/>
            <line num="485" count="4" type="stmt"/>
            <line falsecount="0" truecount="4" num="485" type="cond"/>
            <line num="487" count="4" type="stmt"/>
            <line num="489" count="4" type="stmt"/>
            <line falsecount="0" truecount="4" num="489" type="cond"/>
            <line num="491" count="4" type="stmt"/>
            <line num="495" count="4" type="stmt"/>
            <line num="496" count="8" type="stmt"/>
            <line num="500" count="4" type="stmt"/>
            <line num="502" count="4" type="stmt"/>
            <line num="503" count="4" type="stmt"/>
            <line num="504" count="4" type="stmt"/>
            <line complexity="2" visibility="private" signature="filterParents(List&lt;Element&gt;) : List&lt;Element&gt;" num="514" count="4" type="method"/>
            <line num="515" count="4" type="stmt"/>
            <line num="516" count="4" type="stmt"/>
            <line num="518" count="12" type="stmt"/>
            <line num="519" count="12" type="stmt"/>
            <line num="520" count="12" type="stmt"/>
            <line falsecount="4" truecount="8" num="520" type="cond"/>
            <line num="522" count="8" type="stmt"/>
            <line num="526" count="4" type="stmt"/>
            <line complexity="2" visibility="public" signature="extract(String,String,int) : ExtractResult" num="544" count="2" type="method"/>
            <line num="547" count="2" type="stmt"/>
            <line num="549" count="2" type="stmt"/>
            <line falsecount="0" truecount="2" num="549" type="cond"/>
            <line num="552" count="2" type="stmt"/>
            <line num="553" count="2" type="stmt"/>
            <line num="556" count="2" type="stmt"/>
            <line num="557" count="2" type="stmt"/>
            <line num="558" count="6" type="stmt"/>
            <line num="561" count="2" type="stmt"/>
            <line num="564" count="0" type="stmt"/>
            <line complexity="1" visibility="private" signature="DefaultExtractResult(List&lt;String&gt;,String)" num="603" count="2" type="method"/>
            <line num="604" count="2" type="stmt"/>
            <line num="605" count="2" type="stmt"/>
            <line complexity="1" visibility="public" signature="getExtracted() : List&lt;String&gt;" num="608" count="2" type="method"/>
            <line num="610" count="2" type="stmt"/>
            <line complexity="1" visibility="public" signature="getRemainder() : String" num="613" count="2" type="method"/>
            <line num="615" count="2" type="stmt"/>
            <line complexity="2" visibility="public" signature="setAttr(String,String,String,String) : String" num="633" count="12" type="method"/>
            <line num="635" count="12" type="stmt"/>
            <line num="637" count="12" type="stmt"/>
            <line num="638" count="12" type="stmt"/>
            <line falsecount="8" truecount="4" num="638" type="cond"/>
            <line num="640" count="4" type="stmt"/>
            <line num="641" count="4" type="stmt"/>
            <line num="644" count="4" type="stmt"/>
            <line num="647" count="8" type="stmt"/>
            <line complexity="1" visibility="public" signature="parse(String) : Document" num="658" count="162" type="method"/>
            <line num="659" count="162" type="stmt"/>
            <line num="660" count="162" type="stmt"/>
            <line num="661" count="162" type="stmt"/>
            <line complexity="1" visibility="public" signature="getAttr(String,String,String) : List&lt;String&gt;" num="677" count="2" type="method"/>
            <line num="679" count="2" type="stmt"/>
            <line num="681" count="2" type="stmt"/>
            <line num="682" count="2" type="stmt"/>
            <line num="684" count="2" type="stmt"/>
            <line num="685" count="2" type="stmt"/>
            <line num="686" count="2" type="stmt"/>
            <line num="689" count="2" type="stmt"/>
            <line complexity="2" visibility="public" signature="addClasses(String,String) : String" num="701" count="36" type="method"/>
            <line num="703" count="36" type="stmt"/>
            <line falsecount="24" truecount="12" num="703" type="cond"/>
            <line complexity="3" visibility="public" signature="addClasses(String,String) : String" num="715" count="36" type="method"/>
            <line num="717" count="36" type="stmt"/>
            <line num="718" count="36" type="stmt"/>
            <line num="719" count="36" type="stmt"/>
            <line num="720" count="36" type="stmt"/>
            <line num="721" count="36" type="stmt"/>
            <line num="722" count="82" type="stmt"/>
            <line falsecount="14" truecount="68" num="722" type="cond"/>
            <line num="723" count="68" type="stmt"/>
            <line falsecount="36" truecount="32" num="723" type="cond"/>
            <line num="724" count="32" type="stmt"/>
            <line num="726" count="68" type="stmt"/>
            <line num="729" count="36" type="stmt"/>
            <line complexity="3" visibility="public" signature="addClass(String,String,List&lt;String&gt;,int) : String" num="746" count="22" type="method"/>
            <line num="748" count="22" type="stmt"/>
            <line num="750" count="22" type="stmt"/>
            <line num="751" count="22" type="stmt"/>
            <line falsecount="22" truecount="0" num="751" type="cond"/>
            <line num="753" count="0" type="stmt"/>
            <line num="756" count="22" type="stmt"/>
            <line falsecount="14" truecount="8" num="756" type="cond"/>
            <line num="758" count="8" type="stmt"/>
            <line num="759" count="24" type="stmt"/>
            <line num="760" count="28" type="stmt"/>
            <line num="764" count="8" type="stmt"/>
            <line num="767" count="14" type="stmt"/>
            <line complexity="1" visibility="public" signature="addClass(String,String,List&lt;String&gt;) : String" num="783" count="22" type="method"/>
            <line num="784" count="22" type="stmt"/>
            <line complexity="1" visibility="public" signature="addClass(String,String,String) : String" num="799" count="2" type="method"/>
            <line num="800" count="2" type="stmt"/>
            <line complexity="3" visibility="public" signature="wrap(String,String,String,int) : String" num="817" count="2" type="method"/>
            <line num="819" count="2" type="stmt"/>
            <line num="821" count="2" type="stmt"/>
            <line num="822" count="2" type="stmt"/>
            <line falsecount="0" truecount="2" num="822" type="cond"/>
            <line num="824" count="2" type="stmt"/>
            <line num="827" count="2" type="stmt"/>
            <line falsecount="0" truecount="2" num="827" type="cond"/>
            <line num="829" count="2" type="stmt"/>
            <line num="830" count="2" type="stmt"/>
            <line num="833" count="2" type="stmt"/>
            <line num="836" count="0" type="stmt"/>
            <line complexity="2" visibility="public" signature="remove(String,String) : String" num="850" count="2" type="method"/>
            <line num="852" count="2" type="stmt"/>
            <line num="854" count="2" type="stmt"/>
            <line num="855" count="2" type="stmt"/>
            <line falsecount="0" truecount="2" num="855" type="cond"/>
            <line num="856" count="2" type="stmt"/>
            <line num="857" count="2" type="stmt"/>
            <line num="860" count="2" type="stmt"/>
            <line num="863" count="0" type="stmt"/>
            <line complexity="1" visibility="public" signature="replace(String,String,String) : String" num="879" count="2" type="method"/>
            <line num="880" count="2" type="stmt"/>
            <line complexity="4" visibility="public" signature="replaceAll(String,Map&lt;String, String&gt;) : String" num="894" count="12" type="method"/>
            <line num="896" count="12" type="stmt"/>
            <line num="898" count="12" type="stmt"/>
            <line num="899" count="12" type="stmt"/>
            <line num="900" count="92" type="stmt"/>
            <line num="901" count="92" type="stmt"/>
            <line num="903" count="92" type="stmt"/>
            <line num="904" count="92" type="stmt"/>
            <line falsecount="72" truecount="20" num="904" type="cond"/>
            <line num="907" count="20" type="stmt"/>
            <line num="909" count="20" type="stmt"/>
            <line falsecount="0" truecount="20" num="909" type="cond"/>
            <line num="910" count="20" type="stmt"/>
            <line num="911" count="20" type="stmt"/>
            <line num="914" count="20" type="stmt"/>
            <line num="919" count="12" type="stmt"/>
            <line falsecount="8" truecount="4" num="919" type="cond"/>
            <line num="920" count="4" type="stmt"/>
            <line num="923" count="8" type="stmt"/>
            <line complexity="4" visibility="public" signature="replaceWith(String,String,String) : String" num="939" count="12" type="method"/>
            <line num="941" count="12" type="stmt"/>
            <line num="943" count="12" type="stmt"/>
            <line num="944" count="12" type="stmt"/>
            <line num="945" count="12" type="stmt"/>
            <line falsecount="8" truecount="4" num="945" type="cond"/>
            <line num="948" count="4" type="stmt"/>
            <line num="950" count="4" type="stmt"/>
            <line falsecount="0" truecount="4" num="950" type="cond"/>
            <line num="951" count="4" type="stmt"/>
            <line num="952" count="4" type="stmt"/>
            <line num="953" count="4" type="stmt"/>
            <line num="954" count="4" type="stmt"/>
            <line num="955" count="4" type="stmt"/>
            <line num="957" count="4" type="stmt"/>
            <line num="960" count="4" type="stmt"/>
            <line num="964" count="12" type="stmt"/>
            <line falsecount="8" truecount="4" num="964" type="cond"/>
            <line num="965" count="4" type="stmt"/>
            <line num="968" count="8" type="stmt"/>
            <line complexity="2" visibility="public" signature="text(String,String) : List&lt;String&gt;" num="983" count="2" type="method"/>
            <line num="985" count="2" type="stmt"/>
            <line falsecount="2" truecount="0" num="985" type="cond"/>
            <line num="986" count="0" type="stmt"/>
            <line num="988" count="2" type="stmt"/>
            <line num="990" count="2" type="stmt"/>
            <line num="991" count="2" type="stmt"/>
            <line num="993" count="2" type="stmt"/>
            <line num="994" count="2" type="stmt"/>
            <line num="997" count="2" type="stmt"/>
            <line complexity="1" visibility="public" signature="link(ISkinConfig,String,String,String,String) : String" num="1000" count="0" type="method"/>
            <line num="1001" count="0" type="stmt"/>
            <line complexity="3" visibility="public" signature="link(ISkinConfig,String,String,String,String,String,String) : String" num="1004" count="12" type="method"/>
            <line num="1012" count="12" type="stmt"/>
            <line num="1013" count="12" type="stmt"/>
            <line falsecount="0" truecount="12" num="1013" type="cond"/>
            <line num="1014" count="12" type="stmt"/>
            <line falsecount="12" truecount="0" num="1014" type="cond"/>
            <line num="1015" count="0" type="stmt"/>
            <line num="1017" count="12" type="stmt"/>
            <line complexity="1" visibility="public" signature="image(ISkinConfig,String,String,String,String,String) : String" num="1020" count="0" type="method"/>
            <line num="1021" count="0" type="stmt"/>
            <line num="1022" count="0" type="stmt"/>
            <line complexity="5" visibility="public" signature="headingAnchorToId(String) : String" num="1047" count="12" type="method"/>
            <line num="1049" count="12" type="stmt"/>
            <line num="1052" count="12" type="stmt"/>
            <line num="1055" count="12" type="stmt"/>
            <line num="1058" count="12" type="stmt"/>
            <line num="1060" count="12" type="stmt"/>
            <line num="1061" count="12" type="stmt"/>
            <line num="1062" count="18" type="stmt"/>
            <line num="1064" count="18" type="stmt"/>
            <line falsecount="0" truecount="18" num="1064" type="cond"/>
            <line num="1065" count="18" type="stmt"/>
            <line num="1066" count="18" type="stmt"/>
            <line num="1071" count="12" type="stmt"/>
            <line num="1073" count="12" type="stmt"/>
            <line num="1074" count="0" type="stmt"/>
            <line num="1075" count="0" type="stmt"/>
            <line falsecount="0" truecount="0" num="1075" type="cond"/>
            <line num="1076" count="0" type="stmt"/>
            <line num="1077" count="0" type="stmt"/>
            <line num="1084" count="12" type="stmt"/>
            <line num="1086" count="12" type="stmt"/>
            <line num="1087" count="0" type="stmt"/>
            <line num="1088" count="0" type="stmt"/>
            <line falsecount="0" truecount="0" num="1088" type="cond"/>
            <line num="1089" count="0" type="stmt"/>
            <line num="1090" count="0" type="stmt"/>
            <line num="1094" count="12" type="stmt"/>
            <line falsecount="4" truecount="8" num="1094" type="cond"/>
            <line num="1095" count="8" type="stmt"/>
            <line num="1098" count="4" type="stmt"/>
            <line complexity="4" visibility="private" signature="anchorToId(Element,Element) : void" num="1108" count="18" type="method"/>
            <line num="1110" count="18" type="stmt"/>
            <line falsecount="0" truecount="18" num="1110" type="cond"/>
            <line num="1111" count="18" type="stmt"/>
            <line num="1112" count="18" type="stmt"/>
            <line falsecount="0" truecount="18" num="1112" type="cond"/>
            <line num="1114" count="18" type="stmt"/>
            <line num="1117" count="18" type="stmt"/>
            <line complexity="2" visibility="public" signature="concat(List&lt;String&gt;,String,boolean) : List&lt;String&gt;" num="1134" count="62" type="method"/>
            <line num="1135" count="62" type="stmt"/>
            <line num="1137" count="62" type="stmt"/>
            <line num="1138" count="372" type="stmt"/>
            <line falsecount="72" truecount="300" num="1138" type="cond"/>
            <line num="1141" count="62" type="stmt"/>
            <line complexity="6" visibility="public" signature="ensureHeadingIds(String,String,String,String) : String" num="1167" count="6" type="method"/>
            <line num="1171" count="6" type="stmt"/>
            <line num="1173" count="6" type="stmt"/>
            <line num="1176" count="6" type="stmt"/>
            <line falsecount="6" truecount="0" num="1176" type="cond"/>
            <line num="1177" count="0" type="stmt"/>
            <line num="1181" count="6" type="stmt"/>
            <line num="1183" count="6" type="stmt"/>
            <line num="1184" count="6" type="stmt"/>
            <line num="1185" count="6" type="stmt"/>
            <line num="1188" count="0" type="stmt"/>
            <line num="1189" count="0" type="stmt"/>
            <line num="1190" count="0" type="stmt"/>
            <line num="1192" count="0" type="stmt"/>
            <line num="1196" count="6" type="stmt"/>
            <line num="1198" count="6" type="stmt"/>
            <line num="1200" count="6" type="stmt"/>
            <line num="1201" count="0" type="stmt"/>
            <line num="1202" count="0" type="stmt"/>
            <line num="1204" count="0" type="stmt"/>
            <line falsecount="0" truecount="0" num="1204" type="cond"/>
            <line num="1205" count="0" type="stmt"/>
            <line num="1207" count="0" type="stmt"/>
            <line num="1209" count="0" type="stmt"/>
            <line num="1212" count="6" type="stmt"/>
            <line num="1215" count="6" type="stmt"/>
            <line num="1217" count="6" type="stmt"/>
            <line falsecount="0" truecount="6" num="1217" type="cond"/>
            <line num="1218" count="6" type="stmt"/>
            <line num="1220" count="18" type="stmt"/>
            <line num="1221" count="18" type="stmt"/>
            <line num="1223" count="18" type="stmt"/>
            <line falsecount="18" truecount="0" num="1223" type="cond"/>
            <line num="1224" count="0" type="stmt"/>
            <line num="1226" count="18" type="stmt"/>
            <line num="1228" count="18" type="stmt"/>
            <line num="1232" count="6" type="stmt"/>
            <line complexity="3" visibility="private" signature="generateUniqueId(String,String,Set&lt;String&gt;,String) : String" num="1248" count="18" type="method"/>
            <line num="1252" count="18" type="stmt"/>
            <line num="1253" count="18" type="stmt"/>
            <line num="1254" count="18" type="stmt"/>
            <line falsecount="18" truecount="0" num="1254" type="cond"/>
            <line num="1255" count="0" type="stmt"/>
            <line num="1259" count="18" type="stmt"/>
            <line num="1260" count="18" type="stmt"/>
            <line falsecount="12" truecount="6" num="1260" type="cond"/>
            <line num="1261" count="6" type="stmt"/>
            <line num="1263" count="18" type="stmt"/>
            <line complexity="2" visibility="public" signature="fixTableHeads(String) : String" num="1278" count="12" type="method"/>
            <line num="1280" count="12" type="stmt"/>
            <line num="1282" count="12" type="stmt"/>
            <line num="1284" count="12" type="stmt"/>
            <line num="1286" count="14" type="stmt"/>
            <line num="1288" count="14" type="stmt"/>
            <line falsecount="6" truecount="8" num="1288" type="cond"/>
            <line num="1290" count="8" type="stmt"/>
            <line num="1293" count="8" type="stmt"/>
            <line num="1296" count="8" type="stmt"/>
            <line num="1297" count="8" type="stmt"/>
            <line num="1299" count="8" type="stmt"/>
            <line num="1303" count="12" type="stmt"/>
            <line complexity="1" visibility="public" signature="slug(String) : String" num="1321" count="122" type="method"/>
            <line num="1322" count="122" type="stmt"/>
            <line complexity="2" visibility="private" signature="slug(String,String,boolean) : String" num="1337" count="140" type="method"/>
            <line num="1338" count="140" type="stmt"/>
            <line num="1339" count="140" type="stmt"/>
            <line num="1340" count="140" type="stmt"/>
            <line num="1341" count="140" type="stmt"/>
            <line falsecount="0" truecount="140" num="1341" type="cond"/>
            <line num="1342" count="140" type="stmt"/>
            <line num="1344" count="0" type="stmt"/>
            <line complexity="7" visibility="public" signature="headingTree(String,List&lt;String&gt;) : List&lt;? extends IdElement&gt;" num="1364" count="2" type="method"/>
            <line num="1366" count="2" type="stmt"/>
            <line num="1367" count="2" type="stmt"/>
            <line num="1368" count="2" type="stmt"/>
            <line num="1370" count="2" type="stmt"/>
            <line num="1371" count="2" type="stmt"/>
            <line num="1372" count="2" type="stmt"/>
            <line falsecount="2" truecount="0" num="1372" type="cond"/>
            <line num="1375" count="2" type="stmt"/>
            <line falsecount="2" truecount="0" num="1375" type="cond"/>
            <line num="1376" count="0" type="stmt"/>
            <line num="1378" count="2" type="stmt"/>
            <line num="1380" count="2" type="stmt"/>
            <line num="1381" count="2" type="stmt"/>
            <line num="1382" count="6" type="stmt"/>
            <line falsecount="6" truecount="0" num="1382" type="cond"/>
            <line num="1383" count="0" type="stmt"/>
            <line num="1385" count="6" type="stmt"/>
            <line num="1389" count="2" type="stmt"/>
            <line num="1390" count="2" type="stmt"/>
            <line num="1392" count="2" type="stmt"/>
            <line num="1394" count="6" type="stmt"/>
            <line falsecount="6" truecount="2" num="1394" type="cond"/>
            <line num="1395" count="2" type="stmt"/>
            <line num="1398" count="6" type="stmt"/>
            <line falsecount="4" truecount="2" num="1398" type="cond"/>
            <line num="1400" count="2" type="stmt"/>
            <line num="1403" count="4" type="stmt"/>
            <line num="1407" count="6" type="stmt"/>
            <line num="1410" count="2" type="stmt"/>
            <line complexity="3" visibility="private" signature="headingIndex(Element) : int" num="1419" count="6" type="method"/>
            <line num="1420" count="6" type="stmt"/>
            <line num="1421" count="6" type="stmt"/>
            <line falsecount="0" truecount="6" num="1421" type="cond"/>
            <line num="1422" count="6" type="stmt"/>
            <line num="1423" count="6" type="stmt"/>
            <line num="1425" count="0" type="stmt"/>
            <line num="1428" count="0" type="stmt"/>
            <line complexity="1" visibility="private" signature="HeadingItem(String,String,String,int)" num="1452" count="6" type="method"/>
            <line num="1453" count="6" type="stmt"/>
            <line num="1454" count="6" type="stmt"/>
            <line num="1455" count="6" type="stmt"/>
            <line num="1456" count="6" type="stmt"/>
            <line complexity="1" visibility="public" signature="getId() : String" num="1459" count="6" type="method"/>
            <line num="1461" count="6" type="stmt"/>
            <line complexity="1" visibility="public" signature="getTagName() : String" num="1464" count="2" type="method"/>
            <line num="1466" count="2" type="stmt"/>
            <line complexity="1" visibility="public" signature="getText() : String" num="1469" count="2" type="method"/>
            <line num="1471" count="2" type="stmt"/>
            <line complexity="1" visibility="public" signature="getItems() : List&lt;HeadingItem&gt;" num="1474" count="4" type="method"/>
            <line num="1476" count="4" type="stmt"/>
            <line complexity="1" visibility="public" signature="getHeadingLevel() : int" num="1479" count="6" type="method"/>
            <line num="1481" count="6" type="stmt"/>
            <line complexity="1" visibility="public" signature="toString() : String" num="1484" count="0" type="method"/>
            <line num="1486" count="0" type="stmt"/>
         </file>
         <file path="/Users/devacfr/Development/github/reflow-maven-skin/reflow-velocity-tools/src/main/java/org/devacfr/maven/skins/reflow/ISkinConfig.java" name="ISkinConfig.java">
            <metrics coveredelements="0" coveredconditionals="0" complexity="0" loc="407" coveredmethods="0" methods="0" elements="0" classes="1" ncloc="74" statements="0" conditionals="0" coveredstatements="0"/>
            <class name="ISkinConfig">
               <metrics coveredelements="0" coveredconditionals="0" complexity="0" coveredmethods="0" methods="0" elements="0" statements="0" conditionals="0" coveredstatements="0"/>
            </class>
         </file>
         <file path="/Users/devacfr/Development/github/reflow-maven-skin/reflow-velocity-tools/src/main/java/org/devacfr/maven/skins/reflow/JsoupUtils.java" name="JsoupUtils.java">
            <metrics coveredelements="38" coveredconditionals="9" complexity="31" loc="174" coveredmethods="5" methods="9" elements="85" classes="1" ncloc="111" statements="52" conditionals="24" coveredstatements="24"/>
            <class name="JsoupUtils">
               <metrics coveredelements="38" coveredconditionals="9" complexity="31" coveredmethods="5" methods="9" elements="85" statements="52" conditionals="24" coveredstatements="24"/>
            </class>
            <line complexity="1" visibility="private" signature="JsoupUtils()" num="49" count="0" type="method"/>
            <line complexity="1" visibility="public" signature="createHtmlDocument(String) : Document" num="60" count="392" type="method"/>
            <line num="62" count="392" type="stmt"/>
            <line num="63" count="392" type="stmt"/>
            <line num="70" count="392" type="stmt"/>
            <line complexity="1" visibility="public" signature="createXmlDocument(String) : Document" num="73" count="0" type="method"/>
            <line num="75" count="0" type="stmt"/>
            <line num="76" count="0" type="stmt"/>
            <line num="77" count="0" type="stmt"/>
            <line num="83" count="0" type="stmt"/>
            <line complexity="2" visibility="public" signature="createHtmlParser() : Parser" num="86" count="392" type="method"/>
            <line num="88" count="392" type="stmt"/>
            <line num="89" count="392" type="stmt"/>
            <line num="90" count="2148" type="stmt"/>
            <line falsecount="1888" truecount="260" num="90" type="cond"/>
            <line num="91" count="260" type="stmt"/>
            <line num="93" count="392" type="stmt"/>
            <line complexity="1" visibility="public" signature="createXmlParser() : Parser" num="96" count="0" type="method"/>
            <line num="98" count="0" type="stmt"/>
            <line num="99" count="0" type="stmt"/>
            <line complexity="13" visibility="public" signature="link(Document,String,String,String,String,String,String) : Element" num="102" count="12" type="method"/>
            <line num="109" count="12" type="stmt"/>
            <line num="110" count="12" type="stmt"/>
            <line falsecount="0" truecount="12" num="110" type="cond"/>
            <line num="111" count="12" type="stmt"/>
            <line num="113" count="12" type="stmt"/>
            <line falsecount="0" truecount="12" num="113" type="cond"/>
            <line num="114" count="12" type="stmt"/>
            <line num="116" count="12" type="stmt"/>
            <line falsecount="12" truecount="0" num="116" type="cond"/>
            <line num="117" count="0" type="stmt"/>
            <line num="119" count="12" type="stmt"/>
            <line falsecount="12" truecount="0" num="119" type="cond"/>
            <line num="120" count="0" type="stmt"/>
            <line num="122" count="12" type="stmt"/>
            <line falsecount="12" truecount="0" num="122" type="cond"/>
            <line num="124" count="0" type="stmt"/>
            <line num="125" count="0" type="stmt"/>
            <line num="126" count="0" type="stmt"/>
            <line num="127" count="12" type="stmt"/>
            <line falsecount="12" truecount="0" num="127" type="cond"/>
            <line num="129" count="0" type="stmt"/>
            <line num="130" count="0" type="stmt"/>
            <line num="131" count="0" type="stmt"/>
            <line num="132" count="0" type="stmt"/>
            <line num="135" count="12" type="stmt"/>
            <line num="137" count="12" type="stmt"/>
            <line complexity="9" visibility="public" signature="image(Document,String,String,String,String,String) : Element" num="140" count="0" type="method"/>
            <line num="141" count="0" type="stmt"/>
            <line num="142" count="0" type="stmt"/>
            <line num="143" count="0" type="stmt"/>
            <line num="144" count="0" type="stmt"/>
            <line falsecount="0" truecount="0" num="144" type="cond"/>
            <line num="145" count="0" type="stmt"/>
            <line num="147" count="0" type="stmt"/>
            <line falsecount="0" truecount="0" num="147" type="cond"/>
            <line num="148" count="0" type="stmt"/>
            <line num="150" count="0" type="stmt"/>
            <line falsecount="0" truecount="0" num="150" type="cond"/>
            <line num="151" count="0" type="stmt"/>
            <line num="153" count="0" type="stmt"/>
            <line falsecount="0" truecount="0" num="153" type="cond"/>
            <line num="154" count="0" type="stmt"/>
            <line num="156" count="0" type="stmt"/>
            <line complexity="2" visibility="public" signature="getNodeName(Node) : String" num="159" count="29642" type="method"/>
            <line num="160" count="29642" type="stmt"/>
            <line falsecount="0" truecount="29642" num="160" type="cond"/>
            <line num="161" count="29642" type="stmt"/>
            <line num="163" count="0" type="stmt"/>
            <line complexity="1" visibility="public" signature="hasTextNode(Node) : boolean" num="167" count="142" type="method"/>
            <line num="168" count="142" type="stmt"/>
            <line num="169" count="36" type="stmt"/>
            <line num="170" count="36" type="stmt"/>
         </file>
         <file path="/Users/devacfr/Development/github/reflow-maven-skin/reflow-velocity-tools/src/main/java/org/devacfr/maven/skins/reflow/SkinConfigTool.java" name="SkinConfigTool.java">
            <metrics coveredelements="293" coveredconditionals="70" complexity="141" loc="1062" coveredmethods="34" methods="49" elements="510" classes="1" ncloc="635" statements="309" conditionals="152" coveredstatements="189"/>
            <class name="SkinConfigTool">
               <metrics coveredelements="293" coveredconditionals="70" complexity="141" coveredmethods="34" methods="49" elements="510" statements="309" conditionals="152" coveredstatements="189"/>
            </class>
            <line complexity="18" visibility="protected" signature="configure(ValueParser) : void" num="150" count="22" type="method"/>
            <line num="152" count="22" type="stmt"/>
            <line num="153" count="22" type="stmt"/>
            <line falsecount="22" truecount="0" num="153" type="cond"/>
            <line num="154" count="0" type="stmt"/>
            <line num="158" count="22" type="stmt"/>
            <line num="159" count="22" type="stmt"/>
            <line falsecount="22" truecount="0" num="159" type="cond"/>
            <line num="160" count="0" type="stmt"/>
            <line num="164" count="22" type="stmt"/>
            <line num="166" count="22" type="stmt"/>
            <line falsecount="22" truecount="0" num="166" type="cond"/>
            <line num="167" count="0" type="stmt"/>
            <line num="170" count="22" type="stmt"/>
            <line num="172" count="22" type="stmt"/>
            <line num="173" count="22" type="stmt"/>
            <line falsecount="0" truecount="22" num="173" type="cond"/>
            <line num="174" count="22" type="stmt"/>
            <line num="175" count="22" type="stmt"/>
            <line num="177" count="22" type="stmt"/>
            <line num="181" count="22" type="stmt"/>
            <line num="182" count="22" type="stmt"/>
            <line num="184" count="22" type="stmt"/>
            <line num="186" count="22" type="stmt"/>
            <line falsecount="22" truecount="0" num="186" type="cond"/>
            <line num="187" count="0" type="stmt"/>
            <line num="190" count="22" type="stmt"/>
            <line num="191" count="22" type="stmt"/>
            <line num="193" count="22" type="stmt"/>
            <line falsecount="22" truecount="0" num="193" type="cond"/>
            <line num="194" count="0" type="stmt"/>
            <line num="199" count="22" type="stmt"/>
            <line num="200" count="22" type="stmt"/>
            <line num="201" count="22" type="stmt"/>
            <line num="203" count="22" type="stmt"/>
            <line falsecount="22" truecount="0" num="203" type="cond"/>
            <line num="205" count="0" type="stmt"/>
            <line num="206" count="0" type="stmt"/>
            <line falsecount="0" truecount="0" num="206" type="cond"/>
            <line num="207" count="0" type="stmt"/>
            <line num="208" count="0" type="stmt"/>
            <line num="213" count="22" type="stmt"/>
            <line falsecount="0" truecount="22" num="213" type="cond"/>
            <line num="214" count="22" type="stmt"/>
            <line num="216" count="22" type="stmt"/>
            <line falsecount="22" truecount="0" num="216" type="cond"/>
            <line num="218" count="0" type="stmt"/>
            <line num="224" count="22" type="stmt"/>
            <line num="225" count="22" type="stmt"/>
            <line falsecount="0" truecount="22" num="225" type="cond"/>
            <line num="228" count="22" type="stmt"/>
            <line num="233" count="22" type="stmt"/>
            <line falsecount="0" truecount="22" num="233" type="cond"/>
            <line num="234" count="22" type="stmt"/>
            <line num="235" count="22" type="stmt"/>
            <line falsecount="22" truecount="0" num="235" type="cond"/>
            <line num="237" count="0" type="stmt"/>
            <line num="241" count="22" type="stmt"/>
            <line falsecount="0" truecount="22" num="241" type="cond"/>
            <line num="242" count="22" type="stmt"/>
            <line num="248" count="22" type="stmt"/>
            <line num="251" count="22" type="stmt"/>
            <line num="253" count="22" type="stmt"/>
            <line num="255" count="22" type="stmt"/>
            <line falsecount="0" truecount="22" num="255" type="cond"/>
            <line num="256" count="22" type="stmt"/>
            <line num="257" count="22" type="stmt"/>
            <line num="258" count="22" type="stmt"/>
            <line num="259" count="22" type="stmt"/>
            <line num="260" count="22" type="stmt"/>
            <line num="261" count="22" type="stmt"/>
            <line num="262" count="22" type="stmt"/>
            <line num="263" count="22" type="stmt"/>
            <line complexity="1" visibility="public" signature="renderSnippets(String) : String" num="270" count="0" type="method"/>
            <line num="273" count="0" type="stmt"/>
            <line num="274" count="0" type="stmt"/>
            <line complexity="2" visibility="public" signature="renderSnippet(String) : String" num="280" count="2" type="method"/>
            <line num="283" count="2" type="stmt"/>
            <line num="284" count="2" type="stmt"/>
            <line num="285" count="2" type="stmt"/>
            <line num="286" count="2" type="stmt"/>
            <line num="287" count="2" type="stmt"/>
            <line num="288" count="2" type="stmt"/>
            <line falsecount="0" truecount="2" num="288" type="cond"/>
            <line num="289" count="2" type="stmt"/>
            <line num="291" count="2" type="stmt"/>
            <line complexity="1" visibility="protected" signature="setKey(String) : void" num="301" count="0" type="method"/>
            <line num="302" count="0" type="stmt"/>
            <line complexity="1" visibility="public" signature="getKey() : String" num="309" count="0" type="method"/>
            <line num="310" count="0" type="stmt"/>
            <line complexity="2" visibility="public" signature="getContextValue(String,Class&lt;T&gt;) : T" num="316" count="0" type="method"/>
            <line num="318" count="0" type="stmt"/>
            <line num="319" count="0" type="stmt"/>
            <line falsecount="0" truecount="0" num="319" type="cond"/>
            <line num="320" count="0" type="stmt"/>
            <line num="322" count="0" type="stmt"/>
            <line complexity="2" visibility="public" signature="setContextValue(String,Object) : void" num="329" count="0" type="method"/>
            <line num="331" count="0" type="stmt"/>
            <line num="332" count="0" type="stmt"/>
            <line falsecount="0" truecount="0" num="332" type="cond"/>
            <line num="333" count="0" type="stmt"/>
            <line num="335" count="0" type="stmt"/>
            <line complexity="1" visibility="public" signature="getToolbox(String,Class&lt;T&gt;) : T" num="342" count="2" type="method"/>
            <line num="345" count="2" type="stmt"/>
            <line num="346" count="2" type="stmt"/>
            <line complexity="1" visibility="public" signature="getHtmlTool() : HtmlTool" num="355" count="2" type="method"/>
            <line num="358" count="2" type="stmt"/>
            <line complexity="2" visibility="public" signature="get(String) : Xpp3Dom" num="364" count="998" type="method"/>
            <line num="366" count="998" type="stmt"/>
            <line num="368" count="998" type="stmt"/>
            <line num="369" count="998" type="stmt"/>
            <line falsecount="22" truecount="976" num="369" type="cond"/>
            <line num="371" count="976" type="stmt"/>
            <line num="374" count="998" type="stmt"/>
            <line complexity="2" visibility="public" signature="value(String) : String" num="386" count="600" type="method"/>
            <line num="387" count="600" type="stmt"/>
            <line num="388" count="600" type="stmt"/>
            <line num="390" count="600" type="stmt"/>
            <line falsecount="560" truecount="40" num="390" type="cond"/>
            <line num="392" count="40" type="stmt"/>
            <line num="395" count="560" type="stmt"/>
            <line complexity="1" visibility="public" signature="getPropertyValue(String,Class&lt;T&gt;,T) : T" num="401" count="44" type="method"/>
            <line num="405" count="44" type="stmt"/>
            <line complexity="5" visibility="public" signature="getPropertyValue(String,Class&lt;T&gt;) : Optional&lt;T&gt;" num="411" count="68" type="method"/>
            <line num="415" count="68" type="stmt"/>
            <line num="416" count="68" type="stmt"/>
            <line num="417" count="68" type="stmt"/>
            <line num="418" count="68" type="stmt"/>
            <line falsecount="50" truecount="18" num="418" type="cond"/>
            <line num="419" count="18" type="stmt"/>
            <line num="421" count="50" type="stmt"/>
            <line num="422" count="50" type="stmt"/>
            <line falsecount="28" truecount="22" num="422" type="cond"/>
            <line num="423" count="22" type="stmt"/>
            <line num="424" count="28" type="stmt"/>
            <line falsecount="28" truecount="0" num="424" type="cond"/>
            <line num="425" count="0" type="stmt"/>
            <line num="426" count="28" type="stmt"/>
            <line falsecount="28" truecount="0" num="426" type="cond"/>
            <line num="427" count="0" type="stmt"/>
            <line num="429" count="50" type="stmt"/>
            <line complexity="1" visibility="public" signature="getChildren(Xpp3Dom) : List&lt;String&gt;" num="441" count="0" type="method"/>
            <line num="442" count="0" type="stmt"/>
            <line complexity="1" visibility="public" signature="getAttributeValue(String,String,Class&lt;T&gt;,T) : T" num="448" count="308" type="method"/>
            <line num="453" count="308" type="stmt"/>
            <line complexity="11" visibility="public" signature="getAttributeValue(String,String,Class&lt;T&gt;) : Optional&lt;T&gt;" num="459" count="308" type="method"/>
            <line num="465" count="308" type="stmt"/>
            <line num="466" count="308" type="stmt"/>
            <line num="467" count="308" type="stmt"/>
            <line num="469" count="308" type="stmt"/>
            <line num="470" count="308" type="stmt"/>
            <line falsecount="198" truecount="110" num="470" type="cond"/>
            <line num="471" count="110" type="stmt"/>
            <line num="473" count="198" type="stmt"/>
            <line num="474" count="198" type="stmt"/>
            <line falsecount="132" truecount="66" num="474" type="cond"/>
            <line num="475" count="66" type="stmt"/>
            <line num="478" count="132" type="stmt"/>
            <line falsecount="132" truecount="0" num="478" type="cond"/>
            <line num="479" count="0" type="stmt"/>
            <line num="480" count="0" type="stmt"/>
            <line falsecount="0" truecount="0" num="480" type="cond"/>
            <line num="481" count="0" type="stmt"/>
            <line num="484" count="132" type="stmt"/>
            <line falsecount="132" truecount="0" num="484" type="cond"/>
            <line num="485" count="0" type="stmt"/>
            <line num="487" count="132" type="stmt"/>
            <line num="488" count="132" type="stmt"/>
            <line falsecount="132" truecount="0" num="488" type="cond"/>
            <line num="489" count="0" type="stmt"/>
            <line num="492" count="132" type="stmt"/>
            <line num="493" count="132" type="stmt"/>
            <line falsecount="110" truecount="22" num="493" type="cond"/>
            <line num="494" count="22" type="stmt"/>
            <line num="495" count="110" type="stmt"/>
            <line falsecount="110" truecount="0" num="495" type="cond"/>
            <line num="496" count="0" type="stmt"/>
            <line num="497" count="110" type="stmt"/>
            <line falsecount="110" truecount="0" num="497" type="cond"/>
            <line num="498" count="0" type="stmt"/>
            <line num="500" count="132" type="stmt"/>
            <line complexity="1" visibility="public" signature="getAttributeValue(Xpp3Dom,String,Class&lt;T&gt;,T) : T" num="506" count="66" type="method"/>
            <line num="511" count="66" type="stmt"/>
            <line complexity="5" visibility="public" signature="getAttributeValue(Xpp3Dom,String,Class&lt;T&gt;) : Optional&lt;T&gt;" num="517" count="66" type="method"/>
            <line num="523" count="66" type="stmt"/>
            <line num="524" count="66" type="stmt"/>
            <line falsecount="22" truecount="44" num="524" type="cond"/>
            <line num="525" count="44" type="stmt"/>
            <line num="527" count="22" type="stmt"/>
            <line num="528" count="22" type="stmt"/>
            <line falsecount="22" truecount="0" num="528" type="cond"/>
            <line num="529" count="0" type="stmt"/>
            <line num="530" count="22" type="stmt"/>
            <line falsecount="22" truecount="0" num="530" type="cond"/>
            <line num="531" count="0" type="stmt"/>
            <line num="532" count="22" type="stmt"/>
            <line falsecount="22" truecount="0" num="532" type="cond"/>
            <line num="533" count="0" type="stmt"/>
            <line num="535" count="22" type="stmt"/>
            <line complexity="1" visibility="public" signature="is(String) : boolean" num="547" count="26" type="method"/>
            <line num="548" count="26" type="stmt"/>
            <line complexity="1" visibility="public" signature="not(String) : boolean" num="554" count="26" type="method"/>
            <line num="556" count="26" type="stmt"/>
            <line complexity="1" visibility="public" signature="isValue(String,String) : boolean" num="570" count="4" type="method"/>
            <line num="571" count="4" type="stmt"/>
            <line complexity="1" visibility="public" signature="getProjectId() : String" num="577" count="0" type="method"/>
            <line num="579" count="0" type="stmt"/>
            <line complexity="1" visibility="public" signature="getFileId() : String" num="585" count="22" type="method"/>
            <line num="587" count="22" type="stmt"/>
            <line complexity="1" visibility="public" signature="getContext() : T" num="593" count="6" type="method"/>
            <line num="597" count="6" type="stmt"/>
            <line complexity="1" visibility="public" signature="getVelocityContext() : org.apache.velocity.context.Context" num="603" count="46" type="method"/>
            <line num="605" count="46" type="stmt"/>
            <line complexity="1" visibility="public" signature="getProject() : MavenProject" num="611" count="404" type="method"/>
            <line num="614" count="404" type="stmt"/>
            <line complexity="1" visibility="public" signature="getSiteModel() : SiteModel" num="620" count="54" type="method"/>
            <line num="623" count="54" type="stmt"/>
            <line complexity="1" visibility="public" signature="getPageProperties() : Xpp3Dom" num="629" count="22" type="method"/>
            <line num="632" count="22" type="stmt"/>
            <line complexity="1" visibility="public" signature="getGlobalProperties() : Xpp3Dom" num="638" count="24" type="method"/>
            <line num="641" count="24" type="stmt"/>
            <line complexity="7" visibility="public" signature="getShortTitle() : String" num="647" count="8" type="method"/>
            <line num="651" count="8" type="stmt"/>
            <line num="653" count="8" type="stmt"/>
            <line falsecount="8" truecount="0" num="653" type="cond"/>
            <line num="659" count="0" type="stmt"/>
            <line num="660" count="0" type="stmt"/>
            <line num="661" count="0" type="stmt"/>
            <line num="662" count="0" type="stmt"/>
            <line falsecount="0" truecount="0" num="662" type="cond"/>
            <line num="663" count="0" type="stmt"/>
            <line num="665" count="0" type="stmt"/>
            <line falsecount="0" truecount="0" num="665" type="cond"/>
            <line num="666" count="0" type="stmt"/>
            <line num="669" count="8" type="stmt"/>
            <line complexity="9" visibility="public" signature="getTitle() : String" num="675" count="8" type="method"/>
            <line num="678" count="8" type="stmt"/>
            <line num="679" count="8" type="stmt"/>
            <line num="679" count="8" type="stmt"/>
            <line num="682" count="8" type="stmt"/>
            <line num="683" count="8" type="stmt"/>
            <line falsecount="0" truecount="8" num="683" type="cond"/>
            <line num="684" count="8" type="stmt"/>
            <line num="687" count="8" type="stmt"/>
            <line num="688" count="8" type="stmt"/>
            <line falsecount="4" truecount="4" num="688" type="cond"/>
            <line num="689" count="4" type="stmt"/>
            <line num="690" count="4" type="stmt"/>
            <line falsecount="2" truecount="2" num="690" type="cond"/>
            <line num="691" count="2" type="stmt"/>
            <line num="692" count="2" type="stmt"/>
            <line falsecount="0" truecount="2" num="692" type="cond"/>
            <line num="693" count="2" type="stmt"/>
            <line num="697" count="8" type="stmt"/>
            <line falsecount="8" truecount="0" num="697" type="cond"/>
            <line num="698" count="0" type="stmt"/>
            <line num="701" count="8" type="stmt"/>
            <line num="703" count="8" type="stmt"/>
            <line num="705" count="0" type="stmt"/>
            <line num="713" count="8" type="stmt"/>
            <line complexity="7" visibility="public" signature="getPublishDate() : String" num="719" count="0" type="method"/>
            <line num="723" count="0" type="stmt"/>
            <line num="724" count="0" type="stmt"/>
            <line num="725" count="0" type="stmt"/>
            <line num="726" count="0" type="stmt"/>
            <line num="727" count="0" type="stmt"/>
            <line falsecount="0" truecount="0" num="727" type="cond"/>
            <line num="728" count="0" type="stmt"/>
            <line falsecount="0" truecount="0" num="728" type="cond"/>
            <line num="729" count="0" type="stmt"/>
            <line num="731" count="0" type="stmt"/>
            <line num="732" count="0" type="stmt"/>
            <line num="733" count="0" type="stmt"/>
            <line num="735" count="0" type="stmt"/>
            <line num="736" count="0" type="stmt"/>
            <line num="739" count="0" type="stmt"/>
            <line num="740" count="0" type="stmt"/>
            <line falsecount="0" truecount="0" num="740" type="cond"/>
            <line num="741" count="0" type="stmt"/>
            <line falsecount="0" truecount="0" num="741" type="cond"/>
            <line num="742" count="0" type="stmt"/>
            <line num="744" count="0" type="stmt"/>
            <line num="748" count="0" type="stmt"/>
            <line complexity="3" visibility="public" signature="getPublishDateMessage() : String" num="754" count="0" type="method"/>
            <line num="758" count="0" type="stmt"/>
            <line num="759" count="0" type="stmt"/>
            <line falsecount="0" truecount="0" num="759" type="cond"/>
            <line num="760" count="0" type="stmt"/>
            <line num="762" count="0" type="stmt"/>
            <line num="763" count="0" type="stmt"/>
            <line falsecount="0" truecount="0" num="763" type="cond"/>
            <line num="764" count="0" type="stmt"/>
            <line num="766" count="0" type="stmt"/>
            <line complexity="6" visibility="public" signature="getDatePosition() : String" num="772" count="0" type="method"/>
            <line num="778" count="0" type="stmt"/>
            <line num="779" count="0" type="stmt"/>
            <line num="780" count="0" type="stmt"/>
            <line falsecount="0" truecount="0" num="780" type="cond"/>
            <line num="781" count="0" type="stmt"/>
            <line num="782" count="0" type="stmt"/>
            <line falsecount="0" truecount="0" num="782" type="cond"/>
            <line num="783" count="0" type="stmt"/>
            <line num="784" count="0" type="stmt"/>
            <line falsecount="0" truecount="0" num="784" type="cond"/>
            <line num="785" count="0" type="stmt"/>
            <line num="789" count="0" type="stmt"/>
            <line falsecount="0" truecount="0" num="789" type="cond"/>
            <line num="790" count="0" type="stmt"/>
            <line num="792" count="0" type="stmt"/>
            <line complexity="1" visibility="public" signature="getVersion() : String" num="798" count="0" type="method"/>
            <line num="801" count="0" type="stmt"/>
            <line num="802" count="0" type="stmt"/>
            <line complexity="4" visibility="public" signature="getVersionPosition() : String" num="808" count="0" type="method"/>
            <line num="811" count="0" type="stmt"/>
            <line num="812" count="0" type="stmt"/>
            <line falsecount="0" truecount="0" num="812" type="cond"/>
            <line num="813" count="0" type="stmt"/>
            <line num="815" count="0" type="stmt"/>
            <line num="816" count="0" type="stmt"/>
            <line falsecount="0" truecount="0" num="816" type="cond"/>
            <line num="817" count="0" type="stmt"/>
            <line num="819" count="0" type="stmt"/>
            <line complexity="3" visibility="public" signature="getVersionMessage() : String" num="825" count="0" type="method"/>
            <line num="829" count="0" type="stmt"/>
            <line num="830" count="0" type="stmt"/>
            <line falsecount="0" truecount="0" num="830" type="cond"/>
            <line num="831" count="0" type="stmt"/>
            <line num="833" count="0" type="stmt"/>
            <line num="834" count="0" type="stmt"/>
            <line falsecount="0" truecount="0" num="834" type="cond"/>
            <line num="835" count="0" type="stmt"/>
            <line num="837" count="0" type="stmt"/>
            <line complexity="1" visibility="public" signature="getNamespace() : String" num="843" count="66" type="method"/>
            <line num="846" count="66" type="stmt"/>
            <line complexity="1" visibility="public" signature="getBodyContent() : String" num="853" count="0" type="method"/>
            <line num="856" count="0" type="stmt"/>
            <line complexity="3" visibility="public" signature="getProjectLocation() : String" num="862" count="376" type="method"/>
            <line num="864" count="376" type="stmt"/>
            <line num="865" count="376" type="stmt"/>
            <line falsecount="2" truecount="374" num="865" type="cond"/>
            <line num="867" count="374" type="stmt"/>
            <line falsecount="374" truecount="0" num="867" type="cond"/>
            <line num="868" count="0" type="stmt"/>
            <line num="871" count="2" type="stmt"/>
            <line num="872" count="2" type="stmt"/>
            <line num="874" count="376" type="stmt"/>
            <line complexity="1" visibility="public" signature="getCurrentFileName() : String" num="885" count="396" type="method"/>
            <line num="887" count="396" type="stmt"/>
            <line complexity="1" visibility="public" signature="getCurrentFileLocation() : String" num="893" count="352" type="method"/>
            <line num="895" count="352" type="stmt"/>
            <line num="896" count="352" type="stmt"/>
            <line complexity="3" visibility="public" signature="eval(String,Class&lt;T&gt;) : T" num="902" count="22" type="method"/>
            <line num="905" count="22" type="stmt"/>
            <line falsecount="22" truecount="0" num="905" type="cond"/>
            <line num="906" count="0" type="stmt"/>
            <line num="908" count="22" type="stmt"/>
            <line num="909" count="22" type="stmt"/>
            <line num="910" count="22" type="stmt"/>
            <line num="912" count="0" type="stmt"/>
            <line complexity="6" visibility="public" signature="relativeLink(String) : String" num="919" count="440" type="method"/>
            <line num="921" count="440" type="stmt"/>
            <line falsecount="440" truecount="0" num="921" type="cond"/>
            <line num="922" count="0" type="stmt"/>
            <line num="924" count="440" type="stmt"/>
            <line falsecount="352" truecount="88" num="924" type="cond"/>
            <line num="925" count="88" type="stmt"/>
            <line num="927" count="352" type="stmt"/>
            <line num="928" count="352" type="stmt"/>
            <line num="929" count="352" type="stmt"/>
            <line num="930" count="352" type="stmt"/>
            <line falsecount="352" truecount="0" num="930" type="cond"/>
            <line num="931" count="0" type="stmt"/>
            <line num="940" count="352" type="stmt"/>
            <line num="941" count="352" type="stmt"/>
            <line num="942" count="352" type="stmt"/>
            <line falsecount="352" truecount="0" num="942" type="cond"/>
            <line num="944" count="0" type="stmt"/>
            <line num="948" count="352" type="stmt"/>
            <line num="949" count="352" type="stmt"/>
            <line num="951" count="352" type="stmt"/>
            <line falsecount="352" truecount="0" num="951" type="cond"/>
            <line num="952" count="0" type="stmt"/>
            <line num="953" count="0" type="stmt"/>
            <line num="954" count="0" type="stmt"/>
            <line num="955" count="0" type="stmt"/>
            <line num="956" count="0" type="stmt"/>
            <line num="957" count="0" type="stmt"/>
            <line num="959" count="352" type="stmt"/>
            <line complexity="4" visibility="public" signature="isExternalLink(String) : boolean" num="967" count="456" type="method"/>
            <line num="970" count="456" type="stmt"/>
            <line falsecount="454" truecount="2" num="970" type="cond"/>
            <line num="971" count="2" type="stmt"/>
            <line num="973" count="454" type="stmt"/>
            <line num="974" count="454" type="stmt"/>
            <line falsecount="430" truecount="24" num="974" type="cond"/>
            <line num="975" count="24" type="stmt"/>
            <line num="977" count="430" type="stmt"/>
            <line complexity="2" visibility="public" signature="isActiveLink(String) : boolean" num="985" count="362" type="method"/>
            <line num="987" count="362" type="stmt"/>
            <line num="988" count="362" type="stmt"/>
            <line falsecount="360" truecount="2" num="988" type="cond"/>
            <line num="989" count="2" type="stmt"/>
            <line num="993" count="360" type="stmt"/>
            <line complexity="3" visibility="public" signature="slugFilename(String) : String" num="1003" count="100" type="method"/>
            <line num="1004" count="100" type="stmt"/>
            <line falsecount="100" truecount="0" num="1004" type="cond"/>
            <line num="1005" count="0" type="stmt"/>
            <line num="1007" count="100" type="stmt"/>
            <line num="1010" count="100" type="stmt"/>
            <line num="1011" count="100" type="stmt"/>
            <line falsecount="2" truecount="98" num="1011" type="cond"/>
            <line num="1012" count="98" type="stmt"/>
            <line num="1021" count="100" type="stmt"/>
            <line complexity="4" visibility="public" signature="getResourcePath() : String" num="1027" count="22" type="method"/>
            <line num="1031" count="22" type="stmt"/>
            <line num="1032" count="22" type="stmt"/>
            <line num="1033" count="22" type="stmt"/>
            <line num="1034" count="22" type="stmt"/>
            <line falsecount="0" truecount="22" num="1034" type="cond"/>
            <line num="1035" count="22" type="stmt"/>
            <line falsecount="22" truecount="0" num="1035" type="cond"/>
            <line num="1036" count="0" type="stmt"/>
            <line num="1038" count="22" type="stmt"/>
            <line num="1039" count="22" type="stmt"/>
            <line num="1041" count="0" type="stmt"/>
            <line complexity="3" visibility="public" signature="getBuildOutputTimestamp() : Date" num="1050" count="0" type="method"/>
            <line num="1052" count="0" type="stmt"/>
            <line falsecount="0" truecount="0" num="1052" type="cond"/>
            <line num="1053" count="0" type="stmt"/>
            <line num="1055" count="0" type="stmt"/>
            <line num="1056" count="0" type="stmt"/>
            <line falsecount="0" truecount="0" num="1056" type="cond"/>
            <line num="1057" count="0" type="stmt"/>
            <line num="1059" count="0" type="stmt"/>
         </file>
         <file path="/Users/devacfr/Development/github/reflow-maven-skin/reflow-velocity-tools/src/main/java/org/devacfr/maven/skins/reflow/URITool.java" name="URITool.java">
            <metrics coveredelements="41" coveredconditionals="10" complexity="15" loc="185" coveredmethods="8" methods="8" elements="41" classes="2" ncloc="67" statements="23" conditionals="10" coveredstatements="23"/>
            <class name="URITool">
               <metrics coveredelements="23" coveredconditionals="6" complexity="8" coveredmethods="4" methods="4" elements="23" statements="13" conditionals="6" coveredstatements="13"/>
            </class>
            <class name="URITool.URLRebaser">
               <metrics coveredelements="18" coveredconditionals="4" complexity="7" coveredmethods="4" methods="4" elements="18" statements="10" conditionals="4" coveredstatements="10"/>
            </class>
            <line complexity="3" visibility="public" signature="relativizeLink(String,String) : String" num="53" count="384" type="method"/>
            <line num="59" count="384" type="stmt"/>
            <line falsecount="382" truecount="2" num="59" type="cond"/>
            <line num="60" count="2" type="stmt"/>
            <line num="62" count="382" type="stmt"/>
            <line num="63" count="382" type="stmt"/>
            <line num="64" count="380" type="stmt"/>
            <line num="66" count="2" type="stmt"/>
            <line complexity="1" visibility="public" signature="toURI(String) : URI" num="77" count="732" type="method"/>
            <line num="79" count="732" type="stmt"/>
            <line complexity="1" visibility="public" signature="createURLRebaser(String,String) : URLRebaser" num="94" count="4" type="method"/>
            <line num="96" count="4" type="stmt"/>
            <line complexity="3" visibility="public" signature="normalisedBaseUrl(String) : String" num="106" count="382" type="method"/>
            <line num="108" count="382" type="stmt"/>
            <line falsecount="380" truecount="2" num="108" type="cond"/>
            <line num="109" count="2" type="stmt"/>
            <line num="111" count="380" type="stmt"/>
            <line falsecount="268" truecount="112" num="111" type="cond"/>
            <line num="112" count="112" type="stmt"/>
            <line num="115" count="268" type="stmt"/>
            <line complexity="1" visibility="protected" signature="URLRebaser(String,String)" num="139" count="8" type="method"/>
            <line num="140" count="8" type="stmt"/>
            <line num="141" count="8" type="stmt"/>
            <line complexity="1" visibility="public" signature="getNewPath() : String" num="149" count="4" type="method"/>
            <line num="150" count="4" type="stmt"/>
            <line complexity="1" visibility="public" signature="getOldPath() : String" num="158" count="12" type="method"/>
            <line num="159" count="12" type="stmt"/>
            <line complexity="4" visibility="public" signature="rebaseLink(String) : String" num="170" count="8" type="method"/>
            <line num="171" count="8" type="stmt"/>
            <line falsecount="6" truecount="2" num="171" type="cond"/>
            <line num="172" count="2" type="stmt"/>
            <line num="175" count="6" type="stmt"/>
            <line falsecount="4" truecount="2" num="175" type="cond"/>
            <line num="176" count="2" type="stmt"/>
            <line num="180" count="4" type="stmt"/>
            <line num="182" count="4" type="stmt"/>
         </file>
         <file path="/Users/devacfr/Development/github/reflow-maven-skin/reflow-velocity-tools/src/main/java/org/devacfr/maven/skins/reflow/Xpp3Utils.java" name="Xpp3Utils.java">
            <metrics coveredelements="33" coveredconditionals="11" complexity="10" loc="113" coveredmethods="3" methods="4" elements="37" classes="1" ncloc="52" statements="21" conditionals="12" coveredstatements="19"/>
            <class name="Xpp3Utils">
               <metrics coveredelements="33" coveredconditionals="11" complexity="10" coveredmethods="3" methods="4" elements="37" statements="21" conditionals="12" coveredstatements="19"/>
            </class>
            <line complexity="1" visibility="private" signature="Xpp3Utils()" num="36" count="0" type="method"/>
            <line num="37" count="0" type="stmt"/>
            <line complexity="3" visibility="public" signature="getFirstChild(Xpp3Dom,String,String) : Xpp3Dom" num="52" count="2188" type="method"/>
            <line num="55" count="2188" type="stmt"/>
            <line falsecount="2090" truecount="98" num="55" type="cond"/>
            <line num="56" count="98" type="stmt"/>
            <line num="58" count="2090" type="stmt"/>
            <line num="59" count="2090" type="stmt"/>
            <line num="60" count="2090" type="stmt"/>
            <line falsecount="1172" truecount="918" num="60" type="cond"/>
            <line num="61" count="918" type="stmt"/>
            <line num="64" count="1172" type="stmt"/>
            <line complexity="1" visibility="public" signature="getChildren(Xpp3Dom) : List&lt;String&gt;" num="76" count="4" type="method"/>
            <line num="78" count="4" type="stmt"/>
            <line complexity="5" visibility="public" signature="getChildrenNodes(Xpp3Dom,String) : List&lt;Xpp3Dom&gt;" num="91" count="106" type="method"/>
            <line num="93" count="106" type="stmt"/>
            <line falsecount="102" truecount="4" num="93" type="cond"/>
            <line num="94" count="4" type="stmt"/>
            <line num="96" count="102" type="stmt"/>
            <line num="97" count="102" type="stmt"/>
            <line falsecount="102" truecount="0" num="97" type="cond"/>
            <line num="98" count="0" type="stmt"/>
            <line num="100" count="102" type="stmt"/>
            <line num="101" count="102" type="stmt"/>
            <line num="102" count="132" type="stmt"/>
            <line falsecount="20" truecount="112" num="102" type="cond"/>
            <line num="103" count="112" type="stmt"/>
            <line falsecount="20" truecount="92" num="103" type="cond"/>
            <line num="104" count="92" type="stmt"/>
            <line num="107" count="20" type="stmt"/>
            <line num="111" count="102" type="stmt"/>
         </file>
      </package>
      <package name="org.devacfr.maven.skins.reflow.model">
         <metrics coveredelements="355" complexity="163" loc="1941" methods="106" classes="15" statements="354" coveredconditionals="55" coveredmethods="57" elements="560" ncloc="865" files="13" conditionals="100" coveredstatements="243"/>
         <file path="/Users/devacfr/Development/github/reflow-maven-skin/reflow-velocity-tools/src/main/java/org/devacfr/maven/skins/reflow/model/BsComponent.java" name="BsComponent.java">
            <metrics coveredelements="22" coveredconditionals="3" complexity="9" loc="98" coveredmethods="6" methods="6" elements="26" classes="1" ncloc="41" statements="14" conditionals="6" coveredstatements="13"/>
            <class name="BsComponent">
               <metrics coveredelements="22" coveredconditionals="3" complexity="9" coveredmethods="6" methods="6" elements="26" statements="14" conditionals="6" coveredstatements="13"/>
            </class>
            <line complexity="1" visibility="public" signature="BsComponent(ISkinConfig,String)" num="48" count="228" type="method"/>
            <line num="49" count="228" type="stmt"/>
            <line num="50" count="228" type="stmt"/>
            <line complexity="4" visibility="public" signature="getCssClass() : String" num="53" count="16" type="method"/>
            <line num="56" count="16" type="stmt"/>
            <line num="57" count="16" type="stmt"/>
            <line falsecount="0" truecount="16" num="57" type="cond"/>
            <line num="58" count="16" type="stmt"/>
            <line num="60" count="16" type="stmt"/>
            <line falsecount="0" truecount="16" num="60" type="cond"/>
            <line num="61" count="16" type="stmt"/>
            <line num="63" count="16" type="stmt"/>
            <line falsecount="16" truecount="0" num="63" type="cond"/>
            <line num="64" count="0" type="stmt"/>
            <line num="66" count="16" type="stmt"/>
            <line complexity="1" visibility="public" signature="getTheme() : String" num="72" count="32" type="method"/>
            <line num="73" count="32" type="stmt"/>
            <line complexity="1" visibility="protected" signature="setTheme(String) : void" num="80" count="174" type="method"/>
            <line num="81" count="174" type="stmt"/>
            <line complexity="1" visibility="public" signature="getBackground() : String" num="87" count="32" type="method"/>
            <line num="88" count="32" type="stmt"/>
            <line complexity="1" visibility="protected" signature="setBackground(String) : void" num="95" count="174" type="method"/>
            <line num="96" count="174" type="stmt"/>
         </file>
         <file path="/Users/devacfr/Development/github/reflow-maven-skin/reflow-velocity-tools/src/main/java/org/devacfr/maven/skins/reflow/model/Component.java" name="Component.java">
            <metrics coveredelements="21" coveredconditionals="1" complexity="8" loc="130" coveredmethods="7" methods="7" elements="23" classes="1" ncloc="49" statements="14" conditionals="2" coveredstatements="13"/>
            <class name="Component">
               <metrics coveredelements="21" coveredconditionals="1" complexity="8" coveredmethods="7" methods="7" elements="23" statements="14" conditionals="2" coveredstatements="13"/>
            </class>
            <line complexity="1" visibility="protected" signature="Component(ISkinConfig)" num="55" count="348" type="method"/>
            <line num="56" count="348" type="stmt"/>
            <line complexity="2" visibility="public" signature="getCssClass() : String" num="62" count="28" type="method"/>
            <line num="64" count="28" type="stmt"/>
            <line falsecount="0" truecount="28" num="64" type="cond"/>
            <line num="65" count="28" type="stmt"/>
            <line num="67" count="0" type="stmt"/>
            <line complexity="1" visibility="protected" signature="setCssClass(String) : void" num="74" count="174" type="method"/>
            <line num="75" count="174" type="stmt"/>
            <line complexity="1" visibility="public" signature="getCssOptions() : String" num="87" count="30" type="method"/>
            <line num="89" count="30" type="stmt"/>
            <line complexity="1" visibility="protected" signature="addChildren(Component) : void" num="99" count="116" type="method"/>
            <line num="100" count="116" type="stmt"/>
            <line complexity="1" visibility="protected" signature="addCssOptions(String) : void" num="109" count="128" type="method"/>
            <line num="110" count="128" type="stmt"/>
            <line complexity="1" visibility="protected" signature="onPreRender(String) : String" num="120" count="50" type="method"/>
            <line num="121" count="50" type="stmt"/>
            <line num="122" count="50" type="stmt"/>
[...]
            <metrics coveredelements="8" coveredconditionals="0" complexity="2" loc="43" coveredmethods="2" methods="2" elements="8" classes="1" ncloc="22" statements="6" conditionals="0" coveredstatements="6"/>
            <class name="SnippetComponentTest">
               <metrics coveredelements="8" complexity="2" methods="2" testruns="2" statements="6" coveredconditionals="0" coveredmethods="2" elements="8" testfailures="0" testduration="0.002" conditionals="0" coveredstatements="6" testpasses="2"/>
            </class>
            <line complexity="1" visibility="public" signature="shouldReturnTrueForValuelessAttribute() : void" num="27" testsuccess="true" count="2" testduration="0.0" type="method"/>
            <line num="30" count="2" type="stmt"/>
            <line num="32" count="2" type="stmt"/>
            <line num="33" count="2" type="stmt"/>
            <line num="34" count="2" type="stmt"/>
            <line num="35" count="2" type="stmt"/>
            <line complexity="1" visibility="private" signature="createElement(String) : Element" num="39" count="2" type="method"/>
            <line num="40" count="2" type="stmt"/>
         </file>
         <file path="/Users/devacfr/Development/github/reflow-maven-skin/reflow-velocity-tools/src/test/java/org/devacfr/maven/skins/reflow/snippet/SnippetParserTest.java" name="SnippetParserTest.java">
            <metrics coveredelements="40" coveredconditionals="0" complexity="18" loc="127" coveredmethods="10" methods="10" elements="48" classes="1" ncloc="99" statements="38" conditionals="0" coveredstatements="30"/>
            <class name="SnippetParserTest">
               <metrics coveredelements="40" complexity="18" methods="10" testruns="18" statements="38" coveredconditionals="0" coveredmethods="10" elements="48" testfailures="0" testduration="0.29200000000000004" conditionals="0" coveredstatements="30" testpasses="18"/>
            </class>
            <line complexity="1" visibility="public" signature="setup() : void" num="25" count="18" type="method"/>
            <line num="27" count="18" type="stmt"/>
            <line num="28" count="18" type="stmt"/>
            <line complexity="1" visibility="public" signature="shouldContainSnippetComponent() : void" num="31" testsuccess="true" count="2" testduration="0.002" type="method"/>
            <line num="33" count="2" type="stmt"/>
            <line num="34" count="2" type="stmt"/>
            <line num="35" count="2" type="stmt"/>
            <line num="36" count="2" type="stmt"/>
            <line complexity="2" visibility="public" signature="shouldReplaceSnippetByHtml() : void" num="39" testsuccess="true" count="2" testduration="0.024" type="method"/>
            <line num="41" count="2" type="stmt"/>
            <line num="42" count="2" type="stmt"/>
            <line num="43" count="2" type="stmt"/>
            <line num="45" count="0" type="stmt"/>
            <line complexity="2" visibility="public" signature="shouldRenderCard() : void" num="50" testsuccess="true" count="2" testduration="0.02" type="method"/>
            <line num="52" count="2" type="stmt"/>
            <line num="53" count="2" type="stmt"/>
            <line num="54" count="2" type="stmt"/>
            <line num="56" count="0" type="stmt"/>
            <line complexity="2" visibility="public" signature="shouldRenderDebug() : void" num="61" testsuccess="true" count="2" testduration="0.017" type="method"/>
            <line num="63" count="2" type="stmt"/>
            <line num="64" count="2" type="stmt"/>
            <line num="65" count="2" type="stmt"/>
            <line num="67" count="0" type="stmt"/>
            <line complexity="2" visibility="public" signature="shouldRenderCardRecursively() : void" num="72" testsuccess="true" count="2" testduration="0.01" type="method"/>
            <line num="74" count="2" type="stmt"/>
            <line num="75" count="2" type="stmt"/>
            <line num="76" count="2" type="stmt"/>
            <line num="78" count="0" type="stmt"/>
            <line complexity="2" visibility="public" signature="shouldRenderRecursively() : void" num="83" testsuccess="true" count="2" testduration="0.005" type="method"/>
            <line num="85" count="2" type="stmt"/>
            <line num="86" count="2" type="stmt"/>
            <line num="87" count="2" type="stmt"/>
            <line num="89" count="0" type="stmt"/>
            <line complexity="2" visibility="public" signature="shouldRenderBadge() : void" num="94" testsuccess="true" count="2" testduration="0.019" type="method"/>
            <line num="96" count="2" type="stmt"/>
            <line num="97" count="2" type="stmt"/>
            <line num="98" count="2" type="stmt"/>
            <line num="100" count="0" type="stmt"/>
            <line complexity="2" visibility="public" signature="shouldRenderLayout() : void" num="105" testsuccess="true" count="2" testduration="0.04" type="method"/>
            <line num="107" count="2" type="stmt"/>
            <line num="108" count="2" type="stmt"/>
            <line num="109" count="2" type="stmt"/>
            <line num="111" count="0" type="stmt"/>
            <line complexity="2" visibility="public" signature="shouldRenderNestedComponent() : void" num="116" testsuccess="true" count="2" testduration="0.008" type="method"/>
            <line num="118" count="2" type="stmt"/>
            <line num="119" count="2" type="stmt"/>
            <line num="120" count="2" type="stmt"/>
            <line num="122" count="0" type="stmt"/>
         </file>
         <file path="/Users/devacfr/Development/github/reflow-maven-skin/reflow-velocity-tools/src/test/java/org/devacfr/maven/skins/reflow/snippet/TemplateMacroTest.java" name="TemplateMacroTest.java">
            <metrics coveredelements="10" coveredconditionals="0" complexity="4" loc="49" coveredmethods="2" methods="2" elements="12" classes="1" ncloc="29" statements="10" conditionals="0" coveredstatements="8"/>
            <class name="TemplateMacroTest">
               <metrics coveredelements="10" complexity="4" methods="2" testruns="4" statements="10" coveredconditionals="0" coveredmethods="2" elements="12" testfailures="0" testduration="0.015" conditionals="0" coveredstatements="8" testpasses="4"/>
            </class>
            <line complexity="2" visibility="public" signature="shouldConvert() : void" num="25" testsuccess="true" count="2" testduration="0.005" type="method"/>
            <line num="27" count="2" type="stmt"/>
            <line num="29" count="2" type="stmt"/>
            <line num="30" count="2" type="stmt"/>
            <line num="31" count="2" type="stmt"/>
            <line num="33" count="0" type="stmt"/>
            <line complexity="2" visibility="public" signature="shouldConvertHtmlSnippet() : void" num="38" testsuccess="true" count="2" testduration="0.002" type="method"/>
            <line num="40" count="2" type="stmt"/>
            <line num="41" count="2" type="stmt"/>
            <line num="42" count="2" type="stmt"/>
            <line num="43" count="2" type="stmt"/>
            <line num="45" count="0" type="stmt"/>
         </file>
      </package>
      <package name="org.apache.maven.doxia.core">
         <metrics coveredelements="36" complexity="6" loc="95" methods="6" classes="1" statements="30" coveredconditionals="0" coveredmethods="6" elements="36" ncloc="63" files="1" conditionals="0" coveredstatements="30"/>
         <file path="/Users/devacfr/Development/github/reflow-maven-skin/reflow-velocity-tools/src/test/java/org/apache/maven/doxia/core/Xhtml5BaseParserTest.java" name="Xhtml5BaseParserTest.java">
            <metrics coveredelements="36" coveredconditionals="0" complexity="6" loc="95" coveredmethods="6" methods="6" elements="36" classes="1" ncloc="63" statements="30" conditionals="0" coveredstatements="30"/>
            <class name="Xhtml5BaseParserTest">
               <metrics coveredelements="36" complexity="6" methods="6" testruns="2" statements="30" coveredconditionals="0" coveredmethods="6" elements="36" testfailures="0" testduration="0.001" conditionals="0" coveredstatements="30" testpasses="2"/>
            </class>
            <line complexity="1" visibility="protected" signature="createParser() : AbstractParser" num="39" count="10" type="method"/>
            <line num="41" count="10" type="stmt"/>
            <line num="42" count="10" type="stmt"/>
            <line complexity="1" visibility="protected" signature="outputExtension() : String" num="45" count="6" type="method"/>
            <line num="47" count="6" type="stmt"/>
            <line complexity="1" visibility="protected" signature="setUp() : void" num="50" count="12" type="method"/>
            <line num="52" count="12" type="stmt"/>
            <line num="53" count="12" type="stmt"/>
            <line complexity="1" visibility="public" signature="test() : void" num="56" testsuccess="true" count="2" testduration="0.001" type="method"/>
            <line num="58" count="2" type="stmt"/>
            <line num="60" count="2" type="stmt"/>
            <line num="62" count="2" type="stmt"/>
            <line num="64" count="2" type="stmt"/>
            <line num="65" count="2" type="stmt"/>
            <line num="66" count="2" type="stmt"/>
            <line num="67" count="2" type="stmt"/>
            <line num="68" count="2" type="stmt"/>
            <line num="69" count="2" type="stmt"/>
            <line num="70" count="2" type="stmt"/>
            <line num="71" count="2" type="stmt"/>
            <line num="72" count="2" type="stmt"/>
            <line num="73" count="2" type="stmt"/>
            <line num="74" count="2" type="stmt"/>
            <line num="75" count="2" type="stmt"/>
            <line num="76" count="2" type="stmt"/>
            <line num="77" count="2" type="stmt"/>
            <line num="78" count="2" type="stmt"/>
            <line num="79" count="2" type="stmt"/>
            <line num="80" count="2" type="stmt"/>
            <line num="81" count="2" type="stmt"/>
            <line num="82" count="2" type="stmt"/>
            <line num="83" count="2" type="stmt"/>
            <line complexity="1" visibility="protected" signature="getVerbatimSource() : String" num="86" count="2" type="method"/>
            <line num="88" count="2" type="stmt"/>
            <line complexity="1" visibility="protected" signature="getVerbatimCodeSource() : String" num="91" count="2" type="method"/>
            <line num="93" count="2" type="stmt"/>
         </file>
      </package>
      <package name="org.apache.maven.doxia.module.markdown">
         <metrics coveredelements="50" complexity="17" loc="212" methods="11" classes="2" statements="46" coveredconditionals="0" coveredmethods="11" elements="57" ncloc="134" files="2" conditionals="0" coveredstatements="39"/>
         <file path="/Users/devacfr/Development/github/reflow-maven-skin/reflow-velocity-tools/src/test/java/org/apache/maven/doxia/module/markdown/FlexmarkParserTest.java" name="FlexmarkParserTest.java">
            <metrics coveredelements="20" coveredconditionals="0" complexity="4" loc="101" coveredmethods="3" methods="3" elements="21" classes="1" ncloc="60" statements="18" conditionals="0" coveredstatements="17"/>
            <class name="FlexmarkParserTest">
               <metrics coveredelements="20" complexity="4" methods="3" testruns="2" statements="18" coveredconditionals="0" coveredmethods="3" elements="21" testfailures="0" testduration="0.039" conditionals="0" coveredstatements="17" testpasses="2"/>
            </class>
            <line complexity="1" visibility="package" signature="&lt;clinit&gt;, line 48()" num="48" count="2" type="method"/>
            <line num="49" count="2" type="stmt"/>
            <line num="52" count="2" type="stmt"/>
            <line num="63" count="2" type="stmt"/>
            <line num="66" count="2" type="stmt"/>
            <line num="67" count="2" type="stmt"/>
            <line num="68" count="2" type="stmt"/>
            <line num="71" count="2" type="stmt"/>
            <line num="73" count="2" type="stmt"/>
            <line num="74" count="2" type="stmt"/>
            <line num="78" count="2" type="stmt"/>
            <line complexity="2" visibility="public" signature="shouldConvertMarkdown() : void" num="83" testsuccess="true" count="2" testduration="0.02" type="method"/>
            <line num="85" count="2" type="stmt"/>
            <line num="86" count="2" type="stmt"/>
            <line num="87" count="2" type="stmt"/>
            <line num="88" count="2" type="stmt"/>
            <line num="90" count="0" type="stmt"/>
            <line complexity="1" visibility="private" signature="render(String,Appendable) : String" num="95" count="2" type="method"/>
            <line num="96" count="2" type="stmt"/>
            <line num="97" count="2" type="stmt"/>
            <line num="98" count="2" type="stmt"/>
         </file>
         <file path="/Users/devacfr/Development/github/reflow-maven-skin/reflow-velocity-tools/src/test/java/org/apache/maven/doxia/module/markdown/MarkdownParserTest.java" name="MarkdownParserTest.java">
            <metrics coveredelements="30" coveredconditionals="0" complexity="13" loc="111" coveredmethods="8" methods="8" elements="36" classes="1" ncloc="74" statements="28" conditionals="0" coveredstatements="22"/>
            <class name="MarkdownParserTest">
               <metrics coveredelements="30" complexity="13" methods="8" testruns="6" statements="28" coveredconditionals="0" coveredmethods="8" elements="36" testfailures="0" testduration="0.034" conditionals="0" coveredstatements="22" testpasses="6"/>
            </class>
            <line complexity="1" visibility="protected" signature="createParser() : AbstractParser" num="37" count="6" type="method"/>
            <line num="39" count="6" type="stmt"/>
            <line complexity="1" visibility="protected" signature="outputExtension() : String" num="45" count="6" type="method"/>
            <line num="47" count="6" type="stmt"/>
            <line complexity="2" visibility="public" signature="shouldParseToHtml() : void" num="50" testsuccess="true" count="2" testduration="0.01" type="method"/>
            <line num="52" count="2" type="stmt"/>
            <line num="53" count="2" type="stmt"/>
            <line num="54" count="2" type="stmt"/>
            <line num="55" count="2" type="stmt"/>
            <line num="56" count="2" type="stmt"/>
            <line num="58" count="0" type="stmt"/>
            <line num="59" count="0" type="stmt"/>
            <line complexity="2" visibility="public" signature="shouldParseSnippetToHtml() : void" num="64" testsuccess="true" count="2" testduration="0.003" type="method"/>
            <line num="66" count="2" type="stmt"/>
            <line num="67" count="2" type="stmt"/>
            <line num="68" count="2" type="stmt"/>
            <line num="69" count="2" type="stmt"/>
            <line num="70" count="2" type="stmt"/>
            <line num="72" count="0" type="stmt"/>
            <line num="73" count="0" type="stmt"/>
            <line complexity="2" visibility="public" signature="test() : void" num="78" testsuccess="true" count="2" testduration="0.004" type="method"/>
            <line num="80" count="2" type="stmt"/>
            <line num="81" count="2" type="stmt"/>
            <line num="82" count="2" type="stmt"/>
            <line num="83" count="2" type="stmt"/>
            <line num="84" count="2" type="stmt"/>
            <line num="86" count="0" type="stmt"/>
            <line num="87" count="0" type="stmt"/>
            <line complexity="3" visibility="protected" signature="parseFileToHtml(String) : String" num="92" count="6" type="method"/>
            <line num="93" count="6" type="stmt"/>
            <line num="93" count="6" type="stmt"/>
            <line num="94" count="6" type="stmt"/>
            <line complexity="1" visibility="protected" signature="getVerbatimSource() : String" num="98" count="2" type="method"/>
            <line num="104" count="2" type="stmt"/>
            <line complexity="1" visibility="protected" signature="getVerbatimCodeSource() : String" num="107" count="2" type="method"/>
            <line num="109" count="2" type="stmt"/>
         </file>
      </package>
      <package name="org.apache.maven.doxia.siterenderer">
         <metrics coveredelements="42" complexity="4" loc="169" methods="4" classes="1" statements="38" coveredconditionals="0" coveredmethods="4" elements="42" ncloc="100" files="1" conditionals="0" coveredstatements="38"/>
         <file path="/Users/devacfr/Development/github/reflow-maven-skin/reflow-velocity-tools/src/test/java/org/apache/maven/doxia/siterenderer/DefaultSiteRendererTest.java" name="DefaultSiteRendererTest.java">
            <metrics coveredelements="42" coveredconditionals="0" complexity="4" loc="169" coveredmethods="4" methods="4" elements="42" classes="1" ncloc="100" statements="38" conditionals="0" coveredstatements="38"/>
            <class name="DefaultSiteRendererTest">
               <metrics coveredelements="42" complexity="4" methods="4" testruns="2" statements="38" coveredconditionals="0" coveredmethods="4" elements="42" testfailures="0" testduration="0.222" conditionals="0" coveredstatements="38" testpasses="2"/>
            </class>
            <line complexity="1" visibility="protected" signature="setUp() : void" num="85" count="2" type="method"/>
            <line num="87" count="2" type="stmt"/>
            <line num="89" count="2" type="stmt"/>
            <line num="90" count="2" type="stmt"/>
            <line num="91" count="2" type="stmt"/>
            <line num="92" count="2" type="stmt"/>
            <line num="93" count="2" type="stmt"/>
            <line num="94" count="2" type="stmt"/>
            <line num="96" count="2" type="stmt"/>
            <line num="97" count="2" type="stmt"/>
            <line num="100" count="2" type="stmt"/>
            <line num="101" count="2" type="stmt"/>
            <line num="102" count="2" type="stmt"/>
            <line num="103" count="2" type="stmt"/>
            <line num="104" count="2" type="stmt"/>
            <line num="105" count="2" type="stmt"/>
            <line num="107" count="2" type="stmt"/>
            <line num="108" count="2" type="stmt"/>
            <line num="111" count="2" type="stmt"/>
            <line num="112" count="2" type="stmt"/>
            <line complexity="1" visibility="protected" signature="tearDown() : void" num="119" count="2" type="method"/>
            <line num="121" count="2" type="stmt"/>
            <line num="123" count="2" type="stmt"/>
            <line complexity="1" visibility="public" signature="shouldAcceptSnippet() : void" num="130" testsuccess="true" count="2" testduration="0.114" type="method"/>
            <line num="133" count="2" type="stmt"/>
            <line num="138" count="2" type="stmt"/>
            <line num="141" count="2" type="stmt"/>
            <line num="142" count="2" type="stmt"/>
            <line num="143" count="2" type="stmt"/>
            <line num="145" count="2" type="stmt"/>
            <line num="146" count="2" type="stmt"/>
            <line num="148" count="2" type="stmt"/>
            <line complexity="1" visibility="private" signature="getSiteRenderingContext(SiteModel,Path,boolean) : SiteRenderingContext" num="151" count="2" type="method"/>
            <line num="154" count="2" type="stmt"/>
            <line num="156" count="2" type="stmt"/>
            <line num="157" count="2" type="stmt"/>
            <line num="159" count="2" type="stmt"/>
            <line num="161" count="2" type="stmt"/>
            <line num="162" count="2" type="stmt"/>
            <line num="164" count="2" type="stmt"/>
            <line num="165" count="2" type="stmt"/>
            <line num="167" count="2" type="stmt"/>
         </file>
      </package>
   </testproject>
</coverage>